{"C:\\Users\\TriAzur\\Desktop\\TRAVAIL\\NPM\\aec\\calculations\\SectionGeometry\\index.js":{"path":"C:\\Users\\TriAzur\\Desktop\\TRAVAIL\\NPM\\aec\\calculations\\SectionGeometry\\index.js","statementMap":{"0":{"start":{"line":1,"column":22},"end":{"line":1,"column":48}},"1":{"start":{"line":2,"column":27},"end":{"line":2,"column":58}},"2":{"start":{"line":3,"column":17},"end":{"line":3,"column":38}},"3":{"start":{"line":4,"column":17},"end":{"line":4,"column":38}},"4":{"start":{"line":5,"column":19},"end":{"line":5,"column":42}},"5":{"start":{"line":6,"column":30},"end":{"line":6,"column":64}},"6":{"start":{"line":8,"column":0},"end":{"line":15,"column":1}}},"fnMap":{},"branchMap":{},"s":{"0":1,"1":1,"2":1,"3":1,"4":1,"5":1,"6":1},"f":{},"b":{},"_coverageSchema":"1a1c01bbd47fc00a2c39e90264f33305004495a9","hash":"9000b7187409986d5db7dd0d2afbfb8413d80c5a","contentHash":"e616851965330718f40a65e58107638c0a11091977eb880ee6acb857ef02eafa"},"C:\\Users\\TriAzur\\Desktop\\TRAVAIL\\NPM\\aec\\calculations\\SectionGeometry\\CustomSection.js":{"path":"C:\\Users\\TriAzur\\Desktop\\TRAVAIL\\NPM\\aec\\calculations\\SectionGeometry\\CustomSection.js","statementMap":{"0":{"start":{"line":4,"column":4},"end":{"line":4,"column":33}},"1":{"start":{"line":5,"column":4},"end":{"line":5,"column":33}},"2":{"start":{"line":9,"column":21},"end":{"line":9,"column":36}},"3":{"start":{"line":10,"column":21},"end":{"line":10,"column":36}},"4":{"start":{"line":12,"column":20},"end":{"line":12,"column":21}},"5":{"start":{"line":13,"column":6},"end":{"line":16,"column":7}},"6":{"start":{"line":13,"column":19},"end":{"line":13,"column":20}},"7":{"start":{"line":14,"column":22},"end":{"line":14,"column":93}},"8":{"start":{"line":15,"column":8},"end":{"line":15,"column":25}},"9":{"start":{"line":17,"column":20},"end":{"line":17,"column":21}},"10":{"start":{"line":18,"column":6},"end":{"line":21,"column":7}},"11":{"start":{"line":18,"column":19},"end":{"line":18,"column":20}},"12":{"start":{"line":19,"column":22},"end":{"line":19,"column":93}},"13":{"start":{"line":20,"column":8},"end":{"line":20,"column":25}},"14":{"start":{"line":22,"column":17},"end":{"line":22,"column":34}},"15":{"start":{"line":24,"column":6},"end":{"line":24,"column":18}},"16":{"start":{"line":29,"column":19},"end":{"line":29,"column":34}},"17":{"start":{"line":30,"column":19},"end":{"line":30,"column":34}},"18":{"start":{"line":32,"column":15},"end":{"line":32,"column":16}},"19":{"start":{"line":33,"column":4},"end":{"line":36,"column":5}},"20":{"start":{"line":33,"column":17},"end":{"line":33,"column":18}},"21":{"start":{"line":34,"column":17},"end":{"line":34,"column":105}},"22":{"start":{"line":35,"column":6},"end":{"line":35,"column":17}},"23":{"start":{"line":37,"column":15},"end":{"line":37,"column":16}},"24":{"start":{"line":38,"column":4},"end":{"line":41,"column":5}},"25":{"start":{"line":38,"column":17},"end":{"line":38,"column":18}},"26":{"start":{"line":39,"column":17},"end":{"line":39,"column":105}},"27":{"start":{"line":40,"column":6},"end":{"line":40,"column":17}},"28":{"start":{"line":44,"column":4},"end":{"line":47,"column":6}},"29":{"start":{"line":51,"column":19},"end":{"line":51,"column":34}},"30":{"start":{"line":52,"column":19},"end":{"line":52,"column":34}},"31":{"start":{"line":53,"column":17},"end":{"line":53,"column":26}},"32":{"start":{"line":55,"column":16},"end":{"line":55,"column":17}},"33":{"start":{"line":56,"column":4},"end":{"line":59,"column":5}},"34":{"start":{"line":56,"column":17},"end":{"line":56,"column":18}},"35":{"start":{"line":57,"column":18},"end":{"line":57,"column":129}},"36":{"start":{"line":58,"column":6},"end":{"line":58,"column":19}},"37":{"start":{"line":60,"column":16},"end":{"line":60,"column":17}},"38":{"start":{"line":61,"column":4},"end":{"line":64,"column":5}},"39":{"start":{"line":61,"column":17},"end":{"line":61,"column":18}},"40":{"start":{"line":62,"column":18},"end":{"line":62,"column":129}},"41":{"start":{"line":63,"column":6},"end":{"line":63,"column":19}},"42":{"start":{"line":65,"column":13},"end":{"line":65,"column":14}},"43":{"start":{"line":66,"column":4},"end":{"line":68,"column":5}},"44":{"start":{"line":67,"column":6},"end":{"line":67,"column":40}},"45":{"start":{"line":70,"column":4},"end":{"line":70,"column":14}},"46":{"start":{"line":74,"column":19},"end":{"line":74,"column":34}},"47":{"start":{"line":75,"column":19},"end":{"line":75,"column":34}},"48":{"start":{"line":76,"column":17},"end":{"line":76,"column":26}},"49":{"start":{"line":78,"column":16},"end":{"line":78,"column":17}},"50":{"start":{"line":79,"column":4},"end":{"line":82,"column":5}},"51":{"start":{"line":79,"column":17},"end":{"line":79,"column":18}},"52":{"start":{"line":80,"column":18},"end":{"line":80,"column":129}},"53":{"start":{"line":81,"column":6},"end":{"line":81,"column":19}},"54":{"start":{"line":83,"column":16},"end":{"line":83,"column":17}},"55":{"start":{"line":84,"column":4},"end":{"line":87,"column":5}},"56":{"start":{"line":84,"column":17},"end":{"line":84,"column":18}},"57":{"start":{"line":85,"column":18},"end":{"line":85,"column":129}},"58":{"start":{"line":86,"column":6},"end":{"line":86,"column":19}},"59":{"start":{"line":88,"column":13},"end":{"line":88,"column":14}},"60":{"start":{"line":89,"column":4},"end":{"line":91,"column":5}},"61":{"start":{"line":90,"column":6},"end":{"line":90,"column":41}},"62":{"start":{"line":93,"column":4},"end":{"line":93,"column":14}},"63":{"start":{"line":97,"column":19},"end":{"line":97,"column":34}},"64":{"start":{"line":98,"column":19},"end":{"line":98,"column":34}},"65":{"start":{"line":99,"column":17},"end":{"line":99,"column":26}},"66":{"start":{"line":100,"column":15},"end":{"line":100,"column":22}},"67":{"start":{"line":102,"column":18},"end":{"line":102,"column":19}},"68":{"start":{"line":103,"column":4},"end":{"line":106,"column":5}},"69":{"start":{"line":103,"column":17},"end":{"line":103,"column":18}},"70":{"start":{"line":104,"column":20},"end":{"line":104,"column":177}},"71":{"start":{"line":105,"column":6},"end":{"line":105,"column":23}},"72":{"start":{"line":107,"column":18},"end":{"line":107,"column":19}},"73":{"start":{"line":108,"column":4},"end":{"line":111,"column":5}},"74":{"start":{"line":108,"column":17},"end":{"line":108,"column":18}},"75":{"start":{"line":109,"column":20},"end":{"line":109,"column":177}},"76":{"start":{"line":110,"column":6},"end":{"line":110,"column":23}},"77":{"start":{"line":112,"column":15},"end":{"line":112,"column":46}},"78":{"start":{"line":113,"column":15},"end":{"line":113,"column":38}},"79":{"start":{"line":118,"column":4},"end":{"line":121,"column":6}},"80":{"start":{"line":125,"column":19},"end":{"line":125,"column":34}},"81":{"start":{"line":126,"column":19},"end":{"line":126,"column":34}},"82":{"start":{"line":127,"column":17},"end":{"line":127,"column":26}},"83":{"start":{"line":128,"column":15},"end":{"line":128,"column":22}},"84":{"start":{"line":130,"column":18},"end":{"line":130,"column":19}},"85":{"start":{"line":131,"column":4},"end":{"line":134,"column":5}},"86":{"start":{"line":131,"column":17},"end":{"line":131,"column":18}},"87":{"start":{"line":132,"column":20},"end":{"line":132,"column":177}},"88":{"start":{"line":133,"column":6},"end":{"line":133,"column":23}},"89":{"start":{"line":135,"column":18},"end":{"line":135,"column":19}},"90":{"start":{"line":136,"column":4},"end":{"line":139,"column":5}},"91":{"start":{"line":136,"column":17},"end":{"line":136,"column":18}},"92":{"start":{"line":137,"column":20},"end":{"line":137,"column":177}},"93":{"start":{"line":138,"column":6},"end":{"line":138,"column":23}},"94":{"start":{"line":140,"column":15},"end":{"line":140,"column":45}},"95":{"start":{"line":141,"column":15},"end":{"line":141,"column":38}},"96":{"start":{"line":146,"column":4},"end":{"line":149,"column":6}},"97":{"start":{"line":153,"column":19},"end":{"line":153,"column":34}},"98":{"start":{"line":154,"column":19},"end":{"line":154,"column":34}},"99":{"start":{"line":155,"column":17},"end":{"line":155,"column":26}},"100":{"start":{"line":156,"column":15},"end":{"line":156,"column":21}},"101":{"start":{"line":157,"column":15},"end":{"line":157,"column":21}},"102":{"start":{"line":159,"column":18},"end":{"line":159,"column":19}},"103":{"start":{"line":160,"column":4},"end":{"line":163,"column":5}},"104":{"start":{"line":160,"column":17},"end":{"line":160,"column":18}},"105":{"start":{"line":161,"column":20},"end":{"line":161,"column":197}},"106":{"start":{"line":162,"column":6},"end":{"line":162,"column":23}},"107":{"start":{"line":164,"column":18},"end":{"line":164,"column":19}},"108":{"start":{"line":165,"column":4},"end":{"line":168,"column":5}},"109":{"start":{"line":165,"column":17},"end":{"line":165,"column":18}},"110":{"start":{"line":166,"column":20},"end":{"line":166,"column":197}},"111":{"start":{"line":167,"column":6},"end":{"line":167,"column":23}},"112":{"start":{"line":169,"column":15},"end":{"line":169,"column":45}},"113":{"start":{"line":170,"column":15},"end":{"line":170,"column":36}},"114":{"start":{"line":175,"column":4},"end":{"line":178,"column":6}},"115":{"start":{"line":182,"column":0},"end":{"line":182,"column":31}}},"fnMap":{"0":{"name":"(anonymous_0)","decl":{"start":{"line":3,"column":2},"end":{"line":3,"column":3}},"loc":{"start":{"line":3,"column":38},"end":{"line":6,"column":3}},"line":3},"1":{"name":"(anonymous_1)","decl":{"start":{"line":8,"column":2},"end":{"line":8,"column":3}},"loc":{"start":{"line":8,"column":13},"end":{"line":26,"column":3}},"line":8},"2":{"name":"(anonymous_2)","decl":{"start":{"line":28,"column":2},"end":{"line":28,"column":3}},"loc":{"start":{"line":28,"column":18},"end":{"line":48,"column":3}},"line":28},"3":{"name":"(anonymous_3)","decl":{"start":{"line":50,"column":2},"end":{"line":50,"column":3}},"loc":{"start":{"line":50,"column":11},"end":{"line":71,"column":3}},"line":50},"4":{"name":"(anonymous_4)","decl":{"start":{"line":73,"column":2},"end":{"line":73,"column":3}},"loc":{"start":{"line":73,"column":11},"end":{"line":94,"column":3}},"line":73},"5":{"name":"(anonymous_5)","decl":{"start":{"line":96,"column":2},"end":{"line":96,"column":3}},"loc":{"start":{"line":96,"column":12},"end":{"line":122,"column":3}},"line":96},"6":{"name":"(anonymous_6)","decl":{"start":{"line":124,"column":2},"end":{"line":124,"column":3}},"loc":{"start":{"line":124,"column":12},"end":{"line":150,"column":3}},"line":124},"7":{"name":"(anonymous_7)","decl":{"start":{"line":152,"column":2},"end":{"line":152,"column":3}},"loc":{"start":{"line":152,"column":12},"end":{"line":179,"column":3}},"line":152}},"branchMap":{"0":{"loc":{"start":{"line":66,"column":4},"end":{"line":68,"column":5}},"type":"if","locations":[{"start":{"line":66,"column":4},"end":{"line":68,"column":5}},{"start":{"line":66,"column":4},"end":{"line":68,"column":5}}],"line":66},"1":{"loc":{"start":{"line":89,"column":4},"end":{"line":91,"column":5}},"type":"if","locations":[{"start":{"line":89,"column":4},"end":{"line":91,"column":5}},{"start":{"line":89,"column":4},"end":{"line":91,"column":5}}],"line":89}},"s":{"0":1700,"1":1700,"2":1704,"3":1704,"4":1704,"5":1704,"6":1704,"7":83226,"8":83226,"9":1704,"10":1704,"11":1704,"12":83217,"13":83217,"14":1704,"15":1704,"16":0,"17":0,"18":0,"19":0,"20":0,"21":0,"22":0,"23":0,"24":0,"25":0,"26":0,"27":0,"28":0,"29":851,"30":851,"31":851,"32":851,"33":851,"34":851,"35":41609,"36":41609,"37":851,"38":851,"39":851,"40":41606,"41":41606,"42":851,"43":851,"44":851,"45":851,"46":851,"47":851,"48":851,"49":851,"50":851,"51":851,"52":41609,"53":41609,"54":851,"55":851,"56":851,"57":41606,"58":41606,"59":851,"60":851,"61":851,"62":851,"63":0,"64":0,"65":0,"66":0,"67":0,"68":0,"69":0,"70":0,"71":0,"72":0,"73":0,"74":0,"75":0,"76":0,"77":0,"78":0,"79":0,"80":0,"81":0,"82":0,"83":0,"84":0,"85":0,"86":0,"87":0,"88":0,"89":0,"90":0,"91":0,"92":0,"93":0,"94":0,"95":0,"96":0,"97":0,"98":0,"99":0,"100":0,"101":0,"102":0,"103":0,"104":0,"105":0,"106":0,"107":0,"108":0,"109":0,"110":0,"111":0,"112":0,"113":0,"114":0,"115":1},"f":{"0":1700,"1":1704,"2":0,"3":851,"4":851,"5":0,"6":0,"7":0},"b":{"0":[851,0],"1":[851,0]},"_coverageSchema":"1a1c01bbd47fc00a2c39e90264f33305004495a9","hash":"40727a58ae5df8bae73b3b74bb8e9208a50b7585","contentHash":"a8f8cce6d517f13c4d1de37f02f4a689ca534694891352421c9252b615f012be"},"C:\\Users\\TriAzur\\Desktop\\TRAVAIL\\NPM\\aec\\calculations\\SectionGeometry\\RectangularSection.js":{"path":"C:\\Users\\TriAzur\\Desktop\\TRAVAIL\\NPM\\aec\\calculations\\SectionGeometry\\RectangularSection.js","statementMap":{"0":{"start":{"line":1,"column":22},"end":{"line":1,"column":48}},"1":{"start":{"line":5,"column":4},"end":{"line":5,"column":15}},"2":{"start":{"line":6,"column":4},"end":{"line":6,"column":15}},"3":{"start":{"line":10,"column":14},"end":{"line":10,"column":20}},"4":{"start":{"line":11,"column":14},"end":{"line":11,"column":20}},"5":{"start":{"line":12,"column":4},"end":{"line":18,"column":5}},"6":{"start":{"line":22,"column":4},"end":{"line":25,"column":5}},"7":{"start":{"line":29,"column":4},"end":{"line":29,"column":17}},"8":{"start":{"line":33,"column":26},"end":{"line":33,"column":77}},"9":{"start":{"line":34,"column":4},"end":{"line":34,"column":28}},"10":{"start":{"line":38,"column":26},"end":{"line":38,"column":77}},"11":{"start":{"line":39,"column":4},"end":{"line":39,"column":30}},"12":{"start":{"line":43,"column":26},"end":{"line":43,"column":77}},"13":{"start":{"line":44,"column":4},"end":{"line":44,"column":34}},"14":{"start":{"line":48,"column":26},"end":{"line":48,"column":77}},"15":{"start":{"line":49,"column":4},"end":{"line":49,"column":34}},"16":{"start":{"line":53,"column":26},"end":{"line":53,"column":77}},"17":{"start":{"line":54,"column":4},"end":{"line":54,"column":34}},"18":{"start":{"line":58,"column":0},"end":{"line":58,"column":36}}},"fnMap":{"0":{"name":"(anonymous_0)","decl":{"start":{"line":4,"column":2},"end":{"line":4,"column":3}},"loc":{"start":{"line":4,"column":24},"end":{"line":7,"column":3}},"line":4},"1":{"name":"(anonymous_1)","decl":{"start":{"line":9,"column":2},"end":{"line":9,"column":3}},"loc":{"start":{"line":9,"column":19},"end":{"line":19,"column":3}},"line":9},"2":{"name":"(anonymous_2)","decl":{"start":{"line":21,"column":2},"end":{"line":21,"column":3}},"loc":{"start":{"line":21,"column":19},"end":{"line":26,"column":3}},"line":21},"3":{"name":"(anonymous_3)","decl":{"start":{"line":28,"column":2},"end":{"line":28,"column":3}},"loc":{"start":{"line":28,"column":11},"end":{"line":30,"column":3}},"line":28},"4":{"name":"(anonymous_4)","decl":{"start":{"line":32,"column":2},"end":{"line":32,"column":3}},"loc":{"start":{"line":32,"column":11},"end":{"line":35,"column":3}},"line":32},"5":{"name":"(anonymous_5)","decl":{"start":{"line":37,"column":2},"end":{"line":37,"column":3}},"loc":{"start":{"line":37,"column":10},"end":{"line":40,"column":3}},"line":37},"6":{"name":"(anonymous_6)","decl":{"start":{"line":42,"column":2},"end":{"line":42,"column":3}},"loc":{"start":{"line":42,"column":11},"end":{"line":45,"column":3}},"line":42},"7":{"name":"(anonymous_7)","decl":{"start":{"line":47,"column":2},"end":{"line":47,"column":3}},"loc":{"start":{"line":47,"column":11},"end":{"line":50,"column":3}},"line":47},"8":{"name":"(anonymous_8)","decl":{"start":{"line":52,"column":2},"end":{"line":52,"column":3}},"loc":{"start":{"line":52,"column":12},"end":{"line":55,"column":3}},"line":52}},"branchMap":{},"s":{"0":1,"1":0,"2":0,"3":0,"4":0,"5":0,"6":0,"7":0,"8":0,"9":0,"10":0,"11":0,"12":0,"13":0,"14":0,"15":0,"16":0,"17":0,"18":1},"f":{"0":0,"1":0,"2":0,"3":0,"4":0,"5":0,"6":0,"7":0,"8":0},"b":{},"_coverageSchema":"1a1c01bbd47fc00a2c39e90264f33305004495a9","hash":"55e6460ef1c9bab2e730185a74aaf7391bd1c178","contentHash":"6fc8c5b5f39a7c80dfb2cd649eb83ae237d237ea221118a1918ad757156e14cc"},"C:\\Users\\TriAzur\\Desktop\\TRAVAIL\\NPM\\aec\\calculations\\SectionGeometry\\TSection.js":{"path":"C:\\Users\\TriAzur\\Desktop\\TRAVAIL\\NPM\\aec\\calculations\\SectionGeometry\\TSection.js","statementMap":{"0":{"start":{"line":1,"column":22},"end":{"line":1,"column":48}},"1":{"start":{"line":5,"column":4},"end":{"line":5,"column":15}},"2":{"start":{"line":6,"column":4},"end":{"line":6,"column":15}},"3":{"start":{"line":7,"column":4},"end":{"line":7,"column":17}},"4":{"start":{"line":8,"column":4},"end":{"line":8,"column":17}},"5":{"start":{"line":12,"column":14},"end":{"line":12,"column":20}},"6":{"start":{"line":13,"column":14},"end":{"line":13,"column":20}},"7":{"start":{"line":14,"column":15},"end":{"line":14,"column":22}},"8":{"start":{"line":15,"column":15},"end":{"line":15,"column":22}},"9":{"start":{"line":16,"column":4},"end":{"line":26,"column":5}},"10":{"start":{"line":30,"column":4},"end":{"line":33,"column":5}},"11":{"start":{"line":37,"column":26},"end":{"line":37,"column":77}},"12":{"start":{"line":38,"column":4},"end":{"line":38,"column":28}},"13":{"start":{"line":42,"column":26},"end":{"line":42,"column":77}},"14":{"start":{"line":43,"column":4},"end":{"line":43,"column":28}},"15":{"start":{"line":47,"column":26},"end":{"line":47,"column":77}},"16":{"start":{"line":48,"column":4},"end":{"line":48,"column":30}},"17":{"start":{"line":52,"column":26},"end":{"line":52,"column":77}},"18":{"start":{"line":53,"column":4},"end":{"line":53,"column":29}},"19":{"start":{"line":57,"column":26},"end":{"line":57,"column":77}},"20":{"start":{"line":58,"column":4},"end":{"line":58,"column":29}},"21":{"start":{"line":62,"column":26},"end":{"line":62,"column":77}},"22":{"start":{"line":63,"column":4},"end":{"line":63,"column":29}},"23":{"start":{"line":67,"column":0},"end":{"line":67,"column":26}}},"fnMap":{"0":{"name":"(anonymous_0)","decl":{"start":{"line":4,"column":2},"end":{"line":4,"column":3}},"loc":{"start":{"line":4,"column":28},"end":{"line":9,"column":3}},"line":4},"1":{"name":"(anonymous_1)","decl":{"start":{"line":11,"column":2},"end":{"line":11,"column":3}},"loc":{"start":{"line":11,"column":19},"end":{"line":27,"column":3}},"line":11},"2":{"name":"(anonymous_2)","decl":{"start":{"line":29,"column":2},"end":{"line":29,"column":3}},"loc":{"start":{"line":29,"column":19},"end":{"line":34,"column":3}},"line":29},"3":{"name":"(anonymous_3)","decl":{"start":{"line":36,"column":2},"end":{"line":36,"column":3}},"loc":{"start":{"line":36,"column":11},"end":{"line":39,"column":3}},"line":36},"4":{"name":"(anonymous_4)","decl":{"start":{"line":41,"column":2},"end":{"line":41,"column":3}},"loc":{"start":{"line":41,"column":11},"end":{"line":44,"column":3}},"line":41},"5":{"name":"(anonymous_5)","decl":{"start":{"line":46,"column":2},"end":{"line":46,"column":3}},"loc":{"start":{"line":46,"column":13},"end":{"line":49,"column":3}},"line":46},"6":{"name":"(anonymous_6)","decl":{"start":{"line":51,"column":2},"end":{"line":51,"column":3}},"loc":{"start":{"line":51,"column":12},"end":{"line":54,"column":3}},"line":51},"7":{"name":"(anonymous_7)","decl":{"start":{"line":56,"column":2},"end":{"line":56,"column":3}},"loc":{"start":{"line":56,"column":12},"end":{"line":59,"column":3}},"line":56},"8":{"name":"(anonymous_8)","decl":{"start":{"line":61,"column":2},"end":{"line":61,"column":3}},"loc":{"start":{"line":61,"column":12},"end":{"line":64,"column":3}},"line":61}},"branchMap":{},"s":{"0":1,"1":0,"2":0,"3":0,"4":0,"5":0,"6":0,"7":0,"8":0,"9":0,"10":0,"11":0,"12":0,"13":0,"14":0,"15":0,"16":0,"17":0,"18":0,"19":0,"20":0,"21":0,"22":0,"23":1},"f":{"0":0,"1":0,"2":0,"3":0,"4":0,"5":0,"6":0,"7":0,"8":0},"b":{},"_coverageSchema":"1a1c01bbd47fc00a2c39e90264f33305004495a9","hash":"96cf1b39c1935e40f4354dbdd263d679c438fff6","contentHash":"608785a6628ec574bd46de2697a6735dc0ab16eca8b7af12e22de76ec05b06f9"},"C:\\Users\\TriAzur\\Desktop\\TRAVAIL\\NPM\\aec\\calculations\\SectionGeometry\\ISection.js":{"path":"C:\\Users\\TriAzur\\Desktop\\TRAVAIL\\NPM\\aec\\calculations\\SectionGeometry\\ISection.js","statementMap":{"0":{"start":{"line":1,"column":22},"end":{"line":1,"column":48}},"1":{"start":{"line":5,"column":4},"end":{"line":5,"column":17}},"2":{"start":{"line":6,"column":2},"end":{"line":6,"column":15}},"3":{"start":{"line":7,"column":2},"end":{"line":7,"column":13}},"4":{"start":{"line":8,"column":2},"end":{"line":8,"column":13}},"5":{"start":{"line":9,"column":2},"end":{"line":9,"column":13}},"6":{"start":{"line":13,"column":13},"end":{"line":13,"column":28}},"7":{"start":{"line":14,"column":13},"end":{"line":14,"column":28}},"8":{"start":{"line":15,"column":12},"end":{"line":15,"column":26}},"9":{"start":{"line":16,"column":12},"end":{"line":16,"column":26}},"10":{"start":{"line":17,"column":12},"end":{"line":17,"column":26}},"11":{"start":{"line":18,"column":4},"end":{"line":33,"column":4}},"12":{"start":{"line":37,"column":13},"end":{"line":37,"column":28}},"13":{"start":{"line":38,"column":13},"end":{"line":38,"column":28}},"14":{"start":{"line":39,"column":12},"end":{"line":39,"column":26}},"15":{"start":{"line":40,"column":12},"end":{"line":40,"column":26}},"16":{"start":{"line":41,"column":12},"end":{"line":41,"column":26}},"17":{"start":{"line":42,"column":4},"end":{"line":45,"column":4}},"18":{"start":{"line":49,"column":4},"end":{"line":49,"column":13}},"19":{"start":{"line":53,"column":12},"end":{"line":53,"column":26}},"20":{"start":{"line":54,"column":14},"end":{"line":54,"column":28}},"21":{"start":{"line":55,"column":4},"end":{"line":55,"column":27}},"22":{"start":{"line":59,"column":13},"end":{"line":59,"column":28}},"23":{"start":{"line":60,"column":13},"end":{"line":60,"column":28}},"24":{"start":{"line":61,"column":12},"end":{"line":61,"column":26}},"25":{"start":{"line":62,"column":12},"end":{"line":62,"column":26}},"26":{"start":{"line":63,"column":12},"end":{"line":63,"column":26}},"27":{"start":{"line":64,"column":4},"end":{"line":64,"column":78}},"28":{"start":{"line":68,"column":13},"end":{"line":68,"column":28}},"29":{"start":{"line":69,"column":13},"end":{"line":69,"column":28}},"30":{"start":{"line":70,"column":12},"end":{"line":70,"column":26}},"31":{"start":{"line":71,"column":12},"end":{"line":71,"column":26}},"32":{"start":{"line":72,"column":12},"end":{"line":72,"column":26}},"33":{"start":{"line":73,"column":4},"end":{"line":73,"column":111}},"34":{"start":{"line":77,"column":13},"end":{"line":77,"column":28}},"35":{"start":{"line":78,"column":13},"end":{"line":78,"column":28}},"36":{"start":{"line":79,"column":12},"end":{"line":79,"column":26}},"37":{"start":{"line":80,"column":12},"end":{"line":80,"column":26}},"38":{"start":{"line":81,"column":12},"end":{"line":81,"column":26}},"39":{"start":{"line":82,"column":4},"end":{"line":82,"column":90}},"40":{"start":{"line":86,"column":13},"end":{"line":86,"column":28}},"41":{"start":{"line":87,"column":13},"end":{"line":87,"column":28}},"42":{"start":{"line":88,"column":12},"end":{"line":88,"column":26}},"43":{"start":{"line":89,"column":12},"end":{"line":89,"column":26}},"44":{"start":{"line":90,"column":12},"end":{"line":90,"column":26}},"45":{"start":{"line":91,"column":4},"end":{"line":91,"column":99}},"46":{"start":{"line":95,"column":26},"end":{"line":95,"column":77}},"47":{"start":{"line":96,"column":4},"end":{"line":96,"column":34}},"48":{"start":{"line":100,"column":13},"end":{"line":100,"column":28}},"49":{"start":{"line":101,"column":13},"end":{"line":101,"column":28}},"50":{"start":{"line":102,"column":12},"end":{"line":102,"column":26}},"51":{"start":{"line":103,"column":12},"end":{"line":103,"column":26}},"52":{"start":{"line":104,"column":12},"end":{"line":104,"column":26}},"53":{"start":{"line":105,"column":4},"end":{"line":105,"column":98}},"54":{"start":{"line":109,"column":13},"end":{"line":109,"column":28}},"55":{"start":{"line":110,"column":13},"end":{"line":110,"column":28}},"56":{"start":{"line":111,"column":12},"end":{"line":111,"column":26}},"57":{"start":{"line":112,"column":12},"end":{"line":112,"column":26}},"58":{"start":{"line":113,"column":12},"end":{"line":113,"column":26}},"59":{"start":{"line":114,"column":4},"end":{"line":114,"column":117}},"60":{"start":{"line":118,"column":13},"end":{"line":118,"column":28}},"61":{"start":{"line":119,"column":13},"end":{"line":119,"column":28}},"62":{"start":{"line":120,"column":12},"end":{"line":120,"column":26}},"63":{"start":{"line":121,"column":12},"end":{"line":121,"column":26}},"64":{"start":{"line":122,"column":12},"end":{"line":122,"column":26}},"65":{"start":{"line":123,"column":4},"end":{"line":123,"column":105}},"66":{"start":{"line":127,"column":13},"end":{"line":127,"column":28}},"67":{"start":{"line":128,"column":13},"end":{"line":128,"column":28}},"68":{"start":{"line":129,"column":12},"end":{"line":129,"column":26}},"69":{"start":{"line":130,"column":12},"end":{"line":130,"column":26}},"70":{"start":{"line":131,"column":12},"end":{"line":131,"column":26}},"71":{"start":{"line":132,"column":4},"end":{"line":132,"column":114}},"72":{"start":{"line":136,"column":13},"end":{"line":136,"column":28}},"73":{"start":{"line":137,"column":13},"end":{"line":137,"column":28}},"74":{"start":{"line":138,"column":12},"end":{"line":138,"column":26}},"75":{"start":{"line":139,"column":12},"end":{"line":139,"column":26}},"76":{"start":{"line":140,"column":12},"end":{"line":140,"column":26}},"77":{"start":{"line":141,"column":4},"end":{"line":141,"column":88}},"78":{"start":{"line":145,"column":13},"end":{"line":145,"column":28}},"79":{"start":{"line":146,"column":13},"end":{"line":146,"column":28}},"80":{"start":{"line":147,"column":12},"end":{"line":147,"column":26}},"81":{"start":{"line":148,"column":12},"end":{"line":148,"column":26}},"82":{"start":{"line":149,"column":12},"end":{"line":149,"column":26}},"83":{"start":{"line":150,"column":4},"end":{"line":150,"column":96}},"84":{"start":{"line":154,"column":0},"end":{"line":154,"column":26}}},"fnMap":{"0":{"name":"(anonymous_0)","decl":{"start":{"line":4,"column":2},"end":{"line":4,"column":3}},"loc":{"start":{"line":4,"column":35},"end":{"line":10,"column":3}},"line":4},"1":{"name":"(anonymous_1)","decl":{"start":{"line":12,"column":2},"end":{"line":12,"column":3}},"loc":{"start":{"line":12,"column":19},"end":{"line":34,"column":3}},"line":12},"2":{"name":"(anonymous_2)","decl":{"start":{"line":36,"column":2},"end":{"line":36,"column":3}},"loc":{"start":{"line":36,"column":19},"end":{"line":46,"column":3}},"line":36},"3":{"name":"(anonymous_3)","decl":{"start":{"line":48,"column":2},"end":{"line":48,"column":3}},"loc":{"start":{"line":48,"column":11},"end":{"line":50,"column":3}},"line":48},"4":{"name":"(anonymous_4)","decl":{"start":{"line":52,"column":2},"end":{"line":52,"column":3}},"loc":{"start":{"line":52,"column":11},"end":{"line":56,"column":3}},"line":52},"5":{"name":"(anonymous_5)","decl":{"start":{"line":58,"column":2},"end":{"line":58,"column":3}},"loc":{"start":{"line":58,"column":10},"end":{"line":65,"column":3}},"line":58},"6":{"name":"(anonymous_6)","decl":{"start":{"line":67,"column":2},"end":{"line":67,"column":3}},"loc":{"start":{"line":67,"column":11},"end":{"line":74,"column":3}},"line":67},"7":{"name":"(anonymous_7)","decl":{"start":{"line":76,"column":2},"end":{"line":76,"column":3}},"loc":{"start":{"line":76,"column":11},"end":{"line":83,"column":3}},"line":76},"8":{"name":"(anonymous_8)","decl":{"start":{"line":85,"column":2},"end":{"line":85,"column":3}},"loc":{"start":{"line":85,"column":11},"end":{"line":92,"column":3}},"line":85},"9":{"name":"(anonymous_9)","decl":{"start":{"line":94,"column":2},"end":{"line":94,"column":3}},"loc":{"start":{"line":94,"column":12},"end":{"line":97,"column":2}},"line":94},"10":{"name":"(anonymous_10)","decl":{"start":{"line":99,"column":1},"end":{"line":99,"column":2}},"loc":{"start":{"line":99,"column":10},"end":{"line":106,"column":3}},"line":99},"11":{"name":"(anonymous_11)","decl":{"start":{"line":108,"column":1},"end":{"line":108,"column":2}},"loc":{"start":{"line":108,"column":10},"end":{"line":115,"column":2}},"line":108},"12":{"name":"(anonymous_12)","decl":{"start":{"line":117,"column":2},"end":{"line":117,"column":3}},"loc":{"start":{"line":117,"column":13},"end":{"line":124,"column":3}},"line":117},"13":{"name":"(anonymous_13)","decl":{"start":{"line":126,"column":2},"end":{"line":126,"column":3}},"loc":{"start":{"line":126,"column":13},"end":{"line":133,"column":3}},"line":126},"14":{"name":"(anonymous_14)","decl":{"start":{"line":135,"column":2},"end":{"line":135,"column":3}},"loc":{"start":{"line":135,"column":13},"end":{"line":142,"column":3}},"line":135},"15":{"name":"(anonymous_15)","decl":{"start":{"line":144,"column":2},"end":{"line":144,"column":3}},"loc":{"start":{"line":144,"column":13},"end":{"line":151,"column":3}},"line":144}},"branchMap":{},"s":{"0":1,"1":876,"2":876,"3":876,"4":876,"5":876,"6":0,"7":0,"8":0,"9":0,"10":0,"11":0,"12":0,"13":0,"14":0,"15":0,"16":0,"17":0,"18":876,"19":876,"20":876,"21":876,"22":876,"23":876,"24":876,"25":876,"26":876,"27":876,"28":876,"29":876,"30":876,"31":876,"32":876,"33":876,"34":876,"35":876,"36":876,"37":876,"38":876,"39":876,"40":876,"41":876,"42":876,"43":876,"44":876,"45":876,"46":0,"47":0,"48":876,"49":876,"50":876,"51":876,"52":876,"53":876,"54":876,"55":876,"56":876,"57":876,"58":876,"59":876,"60":876,"61":876,"62":876,"63":876,"64":876,"65":876,"66":876,"67":876,"68":876,"69":876,"70":876,"71":876,"72":876,"73":876,"74":876,"75":876,"76":876,"77":876,"78":876,"79":876,"80":876,"81":876,"82":876,"83":876,"84":1},"f":{"0":876,"1":0,"2":0,"3":876,"4":876,"5":876,"6":876,"7":876,"8":876,"9":0,"10":876,"11":876,"12":876,"13":876,"14":876,"15":876},"b":{},"_coverageSchema":"1a1c01bbd47fc00a2c39e90264f33305004495a9","hash":"7123e8bc64be2005089c0c363884576b2d9290e0","contentHash":"693e498211788da9476ea1b4a8d6371a3804c0a48952821ec4f96182b5008dc3"},"C:\\Users\\TriAzur\\Desktop\\TRAVAIL\\NPM\\aec\\calculations\\SectionGeometry\\BoxSection.js":{"path":"C:\\Users\\TriAzur\\Desktop\\TRAVAIL\\NPM\\aec\\calculations\\SectionGeometry\\BoxSection.js","statementMap":{"0":{"start":{"line":1,"column":22},"end":{"line":1,"column":48}},"1":{"start":{"line":5,"column":4},"end":{"line":5,"column":17}},"2":{"start":{"line":6,"column":2},"end":{"line":6,"column":15}},"3":{"start":{"line":7,"column":2},"end":{"line":7,"column":13}},"4":{"start":{"line":8,"column":2},"end":{"line":8,"column":13}},"5":{"start":{"line":9,"column":2},"end":{"line":9,"column":13}},"6":{"start":{"line":10,"column":2},"end":{"line":10,"column":13}},"7":{"start":{"line":14,"column":13},"end":{"line":14,"column":28}},"8":{"start":{"line":15,"column":13},"end":{"line":15,"column":28}},"9":{"start":{"line":16,"column":12},"end":{"line":16,"column":26}},"10":{"start":{"line":17,"column":12},"end":{"line":17,"column":26}},"11":{"start":{"line":18,"column":12},"end":{"line":18,"column":26}},"12":{"start":{"line":19,"column":12},"end":{"line":19,"column":26}},"13":{"start":{"line":20,"column":4},"end":{"line":35,"column":4}},"14":{"start":{"line":39,"column":13},"end":{"line":39,"column":28}},"15":{"start":{"line":40,"column":13},"end":{"line":40,"column":28}},"16":{"start":{"line":41,"column":12},"end":{"line":41,"column":26}},"17":{"start":{"line":42,"column":12},"end":{"line":42,"column":26}},"18":{"start":{"line":43,"column":12},"end":{"line":43,"column":26}},"19":{"start":{"line":44,"column":12},"end":{"line":44,"column":26}},"20":{"start":{"line":45,"column":4},"end":{"line":52,"column":4}},"21":{"start":{"line":56,"column":4},"end":{"line":56,"column":13}},"22":{"start":{"line":60,"column":12},"end":{"line":60,"column":26}},"23":{"start":{"line":61,"column":14},"end":{"line":61,"column":28}},"24":{"start":{"line":62,"column":4},"end":{"line":62,"column":27}},"25":{"start":{"line":66,"column":13},"end":{"line":66,"column":28}},"26":{"start":{"line":67,"column":13},"end":{"line":67,"column":28}},"27":{"start":{"line":68,"column":12},"end":{"line":68,"column":26}},"28":{"start":{"line":69,"column":12},"end":{"line":69,"column":26}},"29":{"start":{"line":70,"column":12},"end":{"line":70,"column":26}},"30":{"start":{"line":71,"column":12},"end":{"line":71,"column":26}},"31":{"start":{"line":72,"column":4},"end":{"line":72,"column":82}},"32":{"start":{"line":76,"column":13},"end":{"line":76,"column":28}},"33":{"start":{"line":77,"column":13},"end":{"line":77,"column":28}},"34":{"start":{"line":78,"column":12},"end":{"line":78,"column":26}},"35":{"start":{"line":79,"column":12},"end":{"line":79,"column":26}},"36":{"start":{"line":80,"column":12},"end":{"line":80,"column":26}},"37":{"start":{"line":81,"column":12},"end":{"line":81,"column":26}},"38":{"start":{"line":82,"column":4},"end":{"line":82,"column":115}},"39":{"start":{"line":86,"column":13},"end":{"line":86,"column":28}},"40":{"start":{"line":87,"column":13},"end":{"line":87,"column":28}},"41":{"start":{"line":88,"column":12},"end":{"line":88,"column":26}},"42":{"start":{"line":89,"column":12},"end":{"line":89,"column":26}},"43":{"start":{"line":90,"column":12},"end":{"line":90,"column":26}},"44":{"start":{"line":91,"column":12},"end":{"line":91,"column":26}},"45":{"start":{"line":92,"column":4},"end":{"line":92,"column":103}},"46":{"start":{"line":96,"column":13},"end":{"line":96,"column":28}},"47":{"start":{"line":97,"column":13},"end":{"line":97,"column":28}},"48":{"start":{"line":98,"column":12},"end":{"line":98,"column":26}},"49":{"start":{"line":99,"column":12},"end":{"line":99,"column":26}},"50":{"start":{"line":100,"column":12},"end":{"line":100,"column":26}},"51":{"start":{"line":101,"column":12},"end":{"line":101,"column":26}},"52":{"start":{"line":102,"column":4},"end":{"line":102,"column":160}},"53":{"start":{"line":106,"column":26},"end":{"line":106,"column":77}},"54":{"start":{"line":107,"column":4},"end":{"line":107,"column":34}},"55":{"start":{"line":111,"column":13},"end":{"line":111,"column":28}},"56":{"start":{"line":112,"column":13},"end":{"line":112,"column":28}},"57":{"start":{"line":113,"column":12},"end":{"line":113,"column":26}},"58":{"start":{"line":114,"column":12},"end":{"line":114,"column":26}},"59":{"start":{"line":115,"column":12},"end":{"line":115,"column":26}},"60":{"start":{"line":116,"column":12},"end":{"line":116,"column":26}},"61":{"start":{"line":117,"column":4},"end":{"line":117,"column":133}},"62":{"start":{"line":121,"column":13},"end":{"line":121,"column":28}},"63":{"start":{"line":122,"column":13},"end":{"line":122,"column":28}},"64":{"start":{"line":123,"column":12},"end":{"line":123,"column":26}},"65":{"start":{"line":124,"column":12},"end":{"line":124,"column":26}},"66":{"start":{"line":125,"column":12},"end":{"line":125,"column":26}},"67":{"start":{"line":126,"column":12},"end":{"line":126,"column":26}},"68":{"start":{"line":127,"column":4},"end":{"line":127,"column":134}},"69":{"start":{"line":131,"column":13},"end":{"line":131,"column":28}},"70":{"start":{"line":132,"column":13},"end":{"line":132,"column":28}},"71":{"start":{"line":133,"column":12},"end":{"line":133,"column":26}},"72":{"start":{"line":134,"column":12},"end":{"line":134,"column":26}},"73":{"start":{"line":135,"column":12},"end":{"line":135,"column":26}},"74":{"start":{"line":136,"column":12},"end":{"line":136,"column":26}},"75":{"start":{"line":137,"column":4},"end":{"line":137,"column":124}},"76":{"start":{"line":141,"column":13},"end":{"line":141,"column":28}},"77":{"start":{"line":142,"column":13},"end":{"line":142,"column":28}},"78":{"start":{"line":143,"column":12},"end":{"line":143,"column":26}},"79":{"start":{"line":144,"column":12},"end":{"line":144,"column":26}},"80":{"start":{"line":145,"column":12},"end":{"line":145,"column":26}},"81":{"start":{"line":146,"column":12},"end":{"line":146,"column":26}},"82":{"start":{"line":147,"column":4},"end":{"line":147,"column":180}},"83":{"start":{"line":151,"column":13},"end":{"line":151,"column":28}},"84":{"start":{"line":152,"column":13},"end":{"line":152,"column":28}},"85":{"start":{"line":153,"column":12},"end":{"line":153,"column":26}},"86":{"start":{"line":154,"column":12},"end":{"line":154,"column":26}},"87":{"start":{"line":155,"column":12},"end":{"line":155,"column":26}},"88":{"start":{"line":156,"column":12},"end":{"line":156,"column":26}},"89":{"start":{"line":157,"column":4},"end":{"line":157,"column":96}},"90":{"start":{"line":161,"column":13},"end":{"line":161,"column":28}},"91":{"start":{"line":162,"column":13},"end":{"line":162,"column":28}},"92":{"start":{"line":163,"column":12},"end":{"line":163,"column":26}},"93":{"start":{"line":164,"column":12},"end":{"line":164,"column":26}},"94":{"start":{"line":165,"column":12},"end":{"line":165,"column":26}},"95":{"start":{"line":166,"column":12},"end":{"line":166,"column":26}},"96":{"start":{"line":167,"column":4},"end":{"line":167,"column":96}},"97":{"start":{"line":171,"column":0},"end":{"line":171,"column":28}}},"fnMap":{"0":{"name":"(anonymous_0)","decl":{"start":{"line":4,"column":2},"end":{"line":4,"column":3}},"loc":{"start":{"line":4,"column":38},"end":{"line":11,"column":3}},"line":4},"1":{"name":"(anonymous_1)","decl":{"start":{"line":13,"column":2},"end":{"line":13,"column":3}},"loc":{"start":{"line":13,"column":19},"end":{"line":36,"column":3}},"line":13},"2":{"name":"(anonymous_2)","decl":{"start":{"line":38,"column":2},"end":{"line":38,"column":3}},"loc":{"start":{"line":38,"column":19},"end":{"line":53,"column":3}},"line":38},"3":{"name":"(anonymous_3)","decl":{"start":{"line":55,"column":2},"end":{"line":55,"column":3}},"loc":{"start":{"line":55,"column":11},"end":{"line":57,"column":3}},"line":55},"4":{"name":"(anonymous_4)","decl":{"start":{"line":59,"column":2},"end":{"line":59,"column":3}},"loc":{"start":{"line":59,"column":11},"end":{"line":63,"column":3}},"line":59},"5":{"name":"(anonymous_5)","decl":{"start":{"line":65,"column":2},"end":{"line":65,"column":3}},"loc":{"start":{"line":65,"column":10},"end":{"line":73,"column":3}},"line":65},"6":{"name":"(anonymous_6)","decl":{"start":{"line":75,"column":2},"end":{"line":75,"column":3}},"loc":{"start":{"line":75,"column":11},"end":{"line":83,"column":3}},"line":75},"7":{"name":"(anonymous_7)","decl":{"start":{"line":85,"column":2},"end":{"line":85,"column":3}},"loc":{"start":{"line":85,"column":11},"end":{"line":93,"column":3}},"line":85},"8":{"name":"(anonymous_8)","decl":{"start":{"line":95,"column":2},"end":{"line":95,"column":3}},"loc":{"start":{"line":95,"column":11},"end":{"line":103,"column":3}},"line":95},"9":{"name":"(anonymous_9)","decl":{"start":{"line":105,"column":2},"end":{"line":105,"column":3}},"loc":{"start":{"line":105,"column":12},"end":{"line":108,"column":2}},"line":105},"10":{"name":"(anonymous_10)","decl":{"start":{"line":110,"column":1},"end":{"line":110,"column":2}},"loc":{"start":{"line":110,"column":10},"end":{"line":118,"column":3}},"line":110},"11":{"name":"(anonymous_11)","decl":{"start":{"line":120,"column":1},"end":{"line":120,"column":2}},"loc":{"start":{"line":120,"column":10},"end":{"line":128,"column":2}},"line":120},"12":{"name":"(anonymous_12)","decl":{"start":{"line":130,"column":2},"end":{"line":130,"column":3}},"loc":{"start":{"line":130,"column":13},"end":{"line":138,"column":3}},"line":130},"13":{"name":"(anonymous_13)","decl":{"start":{"line":140,"column":2},"end":{"line":140,"column":3}},"loc":{"start":{"line":140,"column":13},"end":{"line":148,"column":3}},"line":140},"14":{"name":"(anonymous_14)","decl":{"start":{"line":150,"column":2},"end":{"line":150,"column":3}},"loc":{"start":{"line":150,"column":13},"end":{"line":158,"column":3}},"line":150},"15":{"name":"(anonymous_15)","decl":{"start":{"line":160,"column":2},"end":{"line":160,"column":3}},"loc":{"start":{"line":160,"column":13},"end":{"line":168,"column":3}},"line":160}},"branchMap":{},"s":{"0":1,"1":2,"2":2,"3":2,"4":2,"5":2,"6":2,"7":0,"8":0,"9":0,"10":0,"11":0,"12":0,"13":0,"14":0,"15":0,"16":0,"17":0,"18":0,"19":0,"20":0,"21":2,"22":2,"23":2,"24":2,"25":2,"26":2,"27":2,"28":2,"29":2,"30":2,"31":2,"32":2,"33":2,"34":2,"35":2,"36":2,"37":2,"38":2,"39":2,"40":2,"41":2,"42":2,"43":2,"44":2,"45":2,"46":2,"47":2,"48":2,"49":2,"50":2,"51":2,"52":2,"53":0,"54":0,"55":2,"56":2,"57":2,"58":2,"59":2,"60":2,"61":2,"62":2,"63":2,"64":2,"65":2,"66":2,"67":2,"68":2,"69":2,"70":2,"71":2,"72":2,"73":2,"74":2,"75":2,"76":2,"77":2,"78":2,"79":2,"80":2,"81":2,"82":2,"83":2,"84":2,"85":2,"86":2,"87":2,"88":2,"89":2,"90":2,"91":2,"92":2,"93":2,"94":2,"95":2,"96":2,"97":1},"f":{"0":2,"1":0,"2":0,"3":2,"4":2,"5":2,"6":2,"7":2,"8":2,"9":0,"10":2,"11":2,"12":2,"13":2,"14":2,"15":2},"b":{},"_coverageSchema":"1a1c01bbd47fc00a2c39e90264f33305004495a9","hash":"923a45429fbcc6443e8edb83f852e2002a797bf3","contentHash":"d8afc80a6ecfebf59a59d444128391e0744a5824b2da8d6c4380157fd6ac4f4d"},"C:\\Users\\TriAzur\\Desktop\\TRAVAIL\\NPM\\aec\\calculations\\SectionGeometry\\CircularHollowSection.js":{"path":"C:\\Users\\TriAzur\\Desktop\\TRAVAIL\\NPM\\aec\\calculations\\SectionGeometry\\CircularHollowSection.js","statementMap":{"0":{"start":{"line":1,"column":22},"end":{"line":1,"column":48}},"1":{"start":{"line":5,"column":4},"end":{"line":5,"column":15}},"2":{"start":{"line":6,"column":4},"end":{"line":6,"column":15}},"3":{"start":{"line":10,"column":12},"end":{"line":10,"column":26}},"4":{"start":{"line":11,"column":12},"end":{"line":11,"column":26}},"5":{"start":{"line":12,"column":17},"end":{"line":12,"column":19}},"6":{"start":{"line":13,"column":2},"end":{"line":17,"column":3}},"7":{"start":{"line":13,"column":15},"end":{"line":13,"column":16}},"8":{"start":{"line":14,"column":16},"end":{"line":14,"column":54}},"9":{"start":{"line":15,"column":16},"end":{"line":15,"column":54}},"10":{"start":{"line":16,"column":3},"end":{"line":16,"column":37}},"11":{"start":{"line":18,"column":4},"end":{"line":18,"column":18}},"12":{"start":{"line":22,"column":12},"end":{"line":22,"column":26}},"13":{"start":{"line":23,"column":12},"end":{"line":23,"column":26}},"14":{"start":{"line":24,"column":17},"end":{"line":24,"column":19}},"15":{"start":{"line":25,"column":2},"end":{"line":29,"column":3}},"16":{"start":{"line":25,"column":15},"end":{"line":25,"column":16}},"17":{"start":{"line":26,"column":16},"end":{"line":26,"column":60}},"18":{"start":{"line":27,"column":16},"end":{"line":27,"column":60}},"19":{"start":{"line":28,"column":3},"end":{"line":28,"column":37}},"20":{"start":{"line":30,"column":4},"end":{"line":30,"column":18}},"21":{"start":{"line":34,"column":26},"end":{"line":34,"column":77}},"22":{"start":{"line":35,"column":4},"end":{"line":35,"column":28}},"23":{"start":{"line":39,"column":26},"end":{"line":39,"column":77}},"24":{"start":{"line":40,"column":4},"end":{"line":40,"column":28}},"25":{"start":{"line":44,"column":14},"end":{"line":44,"column":28}},"26":{"start":{"line":45,"column":14},"end":{"line":45,"column":28}},"27":{"start":{"line":46,"column":15},"end":{"line":46,"column":22}},"28":{"start":{"line":48,"column":4},"end":{"line":48,"column":38}},"29":{"start":{"line":52,"column":14},"end":{"line":52,"column":20}},"30":{"start":{"line":53,"column":15},"end":{"line":53,"column":22}},"31":{"start":{"line":55,"column":4},"end":{"line":55,"column":18}},"32":{"start":{"line":59,"column":14},"end":{"line":59,"column":20}},"33":{"start":{"line":60,"column":14},"end":{"line":60,"column":20}},"34":{"start":{"line":61,"column":15},"end":{"line":61,"column":22}},"35":{"start":{"line":63,"column":4},"end":{"line":63,"column":40}},"36":{"start":{"line":67,"column":14},"end":{"line":67,"column":20}},"37":{"start":{"line":68,"column":14},"end":{"line":68,"column":20}},"38":{"start":{"line":69,"column":15},"end":{"line":69,"column":22}},"39":{"start":{"line":71,"column":4},"end":{"line":71,"column":40}},"40":{"start":{"line":75,"column":14},"end":{"line":75,"column":20}},"41":{"start":{"line":76,"column":14},"end":{"line":76,"column":20}},"42":{"start":{"line":77,"column":15},"end":{"line":77,"column":22}},"43":{"start":{"line":78,"column":4},"end":{"line":78,"column":40}},"44":{"start":{"line":82,"column":14},"end":{"line":82,"column":20}},"45":{"start":{"line":83,"column":14},"end":{"line":83,"column":20}},"46":{"start":{"line":84,"column":15},"end":{"line":84,"column":22}},"47":{"start":{"line":86,"column":4},"end":{"line":86,"column":40}},"48":{"start":{"line":90,"column":4},"end":{"line":90,"column":13}},"49":{"start":{"line":94,"column":15},"end":{"line":94,"column":22}},"50":{"start":{"line":95,"column":14},"end":{"line":95,"column":20}},"51":{"start":{"line":97,"column":4},"end":{"line":97,"column":22}},"52":{"start":{"line":101,"column":15},"end":{"line":101,"column":22}},"53":{"start":{"line":102,"column":14},"end":{"line":102,"column":20}},"54":{"start":{"line":104,"column":4},"end":{"line":104,"column":22}},"55":{"start":{"line":108,"column":14},"end":{"line":108,"column":20}},"56":{"start":{"line":109,"column":14},"end":{"line":109,"column":20}},"57":{"start":{"line":111,"column":4},"end":{"line":111,"column":37}},"58":{"start":{"line":115,"column":14},"end":{"line":115,"column":20}},"59":{"start":{"line":116,"column":14},"end":{"line":116,"column":20}},"60":{"start":{"line":118,"column":4},"end":{"line":118,"column":37}},"61":{"start":{"line":122,"column":0},"end":{"line":122,"column":39}}},"fnMap":{"0":{"name":"(anonymous_0)","decl":{"start":{"line":4,"column":2},"end":{"line":4,"column":3}},"loc":{"start":{"line":4,"column":24},"end":{"line":7,"column":3}},"line":4},"1":{"name":"(anonymous_1)","decl":{"start":{"line":9,"column":2},"end":{"line":9,"column":3}},"loc":{"start":{"line":9,"column":19},"end":{"line":19,"column":3}},"line":9},"2":{"name":"(anonymous_2)","decl":{"start":{"line":21,"column":2},"end":{"line":21,"column":3}},"loc":{"start":{"line":21,"column":19},"end":{"line":31,"column":3}},"line":21},"3":{"name":"(anonymous_3)","decl":{"start":{"line":33,"column":2},"end":{"line":33,"column":3}},"loc":{"start":{"line":33,"column":11},"end":{"line":36,"column":3}},"line":33},"4":{"name":"(anonymous_4)","decl":{"start":{"line":38,"column":2},"end":{"line":38,"column":3}},"loc":{"start":{"line":38,"column":11},"end":{"line":41,"column":3}},"line":38},"5":{"name":"(anonymous_5)","decl":{"start":{"line":43,"column":2},"end":{"line":43,"column":3}},"loc":{"start":{"line":43,"column":10},"end":{"line":49,"column":3}},"line":43},"6":{"name":"(anonymous_6)","decl":{"start":{"line":51,"column":2},"end":{"line":51,"column":3}},"loc":{"start":{"line":51,"column":11},"end":{"line":56,"column":3}},"line":51},"7":{"name":"(anonymous_7)","decl":{"start":{"line":58,"column":2},"end":{"line":58,"column":3}},"loc":{"start":{"line":58,"column":11},"end":{"line":64,"column":3}},"line":58},"8":{"name":"(anonymous_8)","decl":{"start":{"line":66,"column":2},"end":{"line":66,"column":3}},"loc":{"start":{"line":66,"column":11},"end":{"line":72,"column":3}},"line":66},"9":{"name":"(anonymous_9)","decl":{"start":{"line":74,"column":2},"end":{"line":74,"column":3}},"loc":{"start":{"line":74,"column":12},"end":{"line":79,"column":3}},"line":74},"10":{"name":"(anonymous_10)","decl":{"start":{"line":81,"column":2},"end":{"line":81,"column":3}},"loc":{"start":{"line":81,"column":11},"end":{"line":87,"column":3}},"line":81},"11":{"name":"(anonymous_11)","decl":{"start":{"line":89,"column":2},"end":{"line":89,"column":3}},"loc":{"start":{"line":89,"column":11},"end":{"line":91,"column":3}},"line":89},"12":{"name":"(anonymous_12)","decl":{"start":{"line":93,"column":2},"end":{"line":93,"column":3}},"loc":{"start":{"line":93,"column":13},"end":{"line":98,"column":3}},"line":93},"13":{"name":"(anonymous_13)","decl":{"start":{"line":100,"column":2},"end":{"line":100,"column":3}},"loc":{"start":{"line":100,"column":13},"end":{"line":105,"column":3}},"line":100},"14":{"name":"(anonymous_14)","decl":{"start":{"line":107,"column":2},"end":{"line":107,"column":3}},"loc":{"start":{"line":107,"column":13},"end":{"line":112,"column":3}},"line":107},"15":{"name":"(anonymous_15)","decl":{"start":{"line":114,"column":2},"end":{"line":114,"column":3}},"loc":{"start":{"line":114,"column":13},"end":{"line":119,"column":3}},"line":114}},"branchMap":{},"s":{"0":1,"1":849,"2":849,"3":1698,"4":1698,"5":1698,"6":1698,"7":1698,"8":84900,"9":84900,"10":84900,"11":1698,"12":1698,"13":1698,"14":1698,"15":1698,"16":1698,"17":84900,"18":84900,"19":84900,"20":1698,"21":849,"22":849,"23":849,"24":849,"25":1697,"26":1697,"27":1697,"28":1697,"29":848,"30":848,"31":848,"32":1696,"33":1696,"34":1696,"35":1696,"36":1696,"37":1696,"38":1696,"39":1696,"40":0,"41":0,"42":0,"43":0,"44":848,"45":848,"46":848,"47":848,"48":848,"49":848,"50":848,"51":848,"52":848,"53":848,"54":848,"55":848,"56":848,"57":848,"58":848,"59":848,"60":848,"61":1},"f":{"0":849,"1":1698,"2":1698,"3":849,"4":849,"5":1697,"6":848,"7":1696,"8":1696,"9":0,"10":848,"11":848,"12":848,"13":848,"14":848,"15":848},"b":{},"_coverageSchema":"1a1c01bbd47fc00a2c39e90264f33305004495a9","hash":"44990d48659df6fb75288c920290c7c416478e90","contentHash":"5a49e76041487514d505628d9ac045a52160aab78c6952d97d28c57b7a448979"},"C:\\Users\\TriAzur\\Desktop\\TRAVAIL\\NPM\\aec\\calculations\\WindCalculation\\index.js":{"path":"C:\\Users\\TriAzur\\Desktop\\TRAVAIL\\NPM\\aec\\calculations\\WindCalculation\\index.js","statementMap":{"0":{"start":{"line":1,"column":18},"end":{"line":1,"column":40}},"1":{"start":{"line":3,"column":0},"end":{"line":5,"column":1}}},"fnMap":{},"branchMap":{},"s":{"0":1,"1":1},"f":{},"b":{},"_coverageSchema":"1a1c01bbd47fc00a2c39e90264f33305004495a9","hash":"e243b42b70271d6a4ca85b5926675ce67d4436ce","contentHash":"46360cd9c5a1bfecebd554514973fd1f501f101592f92e684f7d445c11cb3875"},"C:\\Users\\TriAzur\\Desktop\\TRAVAIL\\NPM\\aec\\calculations\\WindCalculation\\Eurocode1.js":{"path":"C:\\Users\\TriAzur\\Desktop\\TRAVAIL\\NPM\\aec\\calculations\\WindCalculation\\Eurocode1.js","statementMap":{"0":{"start":{"line":3,"column":4},"end":{"line":3,"column":26}},"1":{"start":{"line":4,"column":4},"end":{"line":4,"column":27}},"2":{"start":{"line":5,"column":4},"end":{"line":5,"column":26}},"3":{"start":{"line":9,"column":16},"end":{"line":234,"column":5}},"4":{"start":{"line":236,"column":4},"end":{"line":236,"column":15}},"5":{"start":{"line":240,"column":22},"end":{"line":240,"column":36}},"6":{"start":{"line":241,"column":4},"end":{"line":254,"column":5}},"7":{"start":{"line":243,"column":8},"end":{"line":243,"column":21}},"8":{"start":{"line":245,"column":8},"end":{"line":245,"column":20}},"9":{"start":{"line":247,"column":8},"end":{"line":247,"column":19}},"10":{"start":{"line":249,"column":8},"end":{"line":249,"column":19}},"11":{"start":{"line":251,"column":8},"end":{"line":251,"column":17}},"12":{"start":{"line":253,"column":8},"end":{"line":253,"column":21}},"13":{"start":{"line":258,"column":22},"end":{"line":258,"column":36}},"14":{"start":{"line":259,"column":4},"end":{"line":272,"column":5}},"15":{"start":{"line":261,"column":8},"end":{"line":261,"column":17}},"16":{"start":{"line":263,"column":8},"end":{"line":263,"column":17}},"17":{"start":{"line":265,"column":8},"end":{"line":265,"column":17}},"18":{"start":{"line":267,"column":8},"end":{"line":267,"column":17}},"19":{"start":{"line":269,"column":8},"end":{"line":269,"column":18}},"20":{"start":{"line":271,"column":8},"end":{"line":271,"column":17}},"21":{"start":{"line":276,"column":4},"end":{"line":276,"column":15}},"22":{"start":{"line":280,"column":4},"end":{"line":280,"column":16}},"23":{"start":{"line":285,"column":15},"end":{"line":285,"column":24}},"24":{"start":{"line":286,"column":17},"end":{"line":286,"column":28}},"25":{"start":{"line":287,"column":4},"end":{"line":287,"column":34}},"26":{"start":{"line":292,"column":17},"end":{"line":292,"column":28}},"27":{"start":{"line":293,"column":4},"end":{"line":302,"column":5}},"28":{"start":{"line":295,"column":8},"end":{"line":295,"column":39}},"29":{"start":{"line":297,"column":8},"end":{"line":297,"column":40}},"30":{"start":{"line":299,"column":8},"end":{"line":299,"column":40}},"31":{"start":{"line":301,"column":8},"end":{"line":301,"column":39}},"32":{"start":{"line":308,"column":15},"end":{"line":308,"column":24}},"33":{"start":{"line":309,"column":15},"end":{"line":309,"column":24}},"34":{"start":{"line":310,"column":17},"end":{"line":310,"column":28}},"35":{"start":{"line":311,"column":17},"end":{"line":311,"column":28}},"36":{"start":{"line":312,"column":4},"end":{"line":314,"column":5}},"37":{"start":{"line":313,"column":6},"end":{"line":313,"column":38}},"38":{"start":{"line":315,"column":4},"end":{"line":317,"column":5}},"39":{"start":{"line":316,"column":6},"end":{"line":316,"column":38}},"40":{"start":{"line":318,"column":4},"end":{"line":318,"column":33}},"41":{"start":{"line":323,"column":4},"end":{"line":323,"column":13}},"42":{"start":{"line":327,"column":4},"end":{"line":327,"column":13}},"43":{"start":{"line":331,"column":4},"end":{"line":331,"column":13}},"44":{"start":{"line":335,"column":16},"end":{"line":335,"column":24}},"45":{"start":{"line":336,"column":17},"end":{"line":336,"column":28}},"46":{"start":{"line":337,"column":20},"end":{"line":337,"column":34}},"47":{"start":{"line":338,"column":4},"end":{"line":338,"column":32}},"48":{"start":{"line":342,"column":15},"end":{"line":342,"column":24}},"49":{"start":{"line":343,"column":15},"end":{"line":343,"column":29}},"50":{"start":{"line":344,"column":15},"end":{"line":344,"column":24}},"51":{"start":{"line":345,"column":4},"end":{"line":345,"column":24}},"52":{"start":{"line":350,"column":15},"end":{"line":350,"column":24}},"53":{"start":{"line":351,"column":4},"end":{"line":351,"column":48}},"54":{"start":{"line":356,"column":15},"end":{"line":356,"column":24}},"55":{"start":{"line":357,"column":15},"end":{"line":357,"column":24}},"56":{"start":{"line":358,"column":17},"end":{"line":358,"column":28}},"57":{"start":{"line":359,"column":16},"end":{"line":359,"column":35}},"58":{"start":{"line":360,"column":15},"end":{"line":360,"column":24}},"59":{"start":{"line":361,"column":4},"end":{"line":361,"column":39}},"60":{"start":{"line":366,"column":15},"end":{"line":366,"column":24}},"61":{"start":{"line":367,"column":15},"end":{"line":367,"column":20}},"62":{"start":{"line":368,"column":15},"end":{"line":368,"column":24}},"63":{"start":{"line":369,"column":17},"end":{"line":369,"column":28}},"64":{"start":{"line":370,"column":17},"end":{"line":370,"column":28}},"65":{"start":{"line":371,"column":16},"end":{"line":371,"column":35}},"66":{"start":{"line":372,"column":15},"end":{"line":372,"column":122}},"67":{"start":{"line":373,"column":4},"end":{"line":373,"column":14}},"68":{"start":{"line":378,"column":15},"end":{"line":378,"column":24}},"69":{"start":{"line":379,"column":17},"end":{"line":379,"column":28}},"70":{"start":{"line":380,"column":15},"end":{"line":380,"column":18}},"71":{"start":{"line":381,"column":15},"end":{"line":381,"column":18}},"72":{"start":{"line":382,"column":18},"end":{"line":382,"column":44}},"73":{"start":{"line":383,"column":4},"end":{"line":387,"column":5}},"74":{"start":{"line":384,"column":6},"end":{"line":384,"column":39}},"75":{"start":{"line":386,"column":6},"end":{"line":386,"column":36}},"76":{"start":{"line":392,"column":15},"end":{"line":392,"column":28}},"77":{"start":{"line":393,"column":16},"end":{"line":393,"column":30}},"78":{"start":{"line":394,"column":4},"end":{"line":394,"column":24}},"79":{"start":{"line":399,"column":16},"end":{"line":399,"column":33}},"80":{"start":{"line":400,"column":4},"end":{"line":400,"column":47}},"81":{"start":{"line":405,"column":15},"end":{"line":405,"column":47}},"82":{"start":{"line":406,"column":16},"end":{"line":406,"column":33}},"83":{"start":{"line":407,"column":4},"end":{"line":407,"column":41}},"84":{"start":{"line":412,"column":15},"end":{"line":412,"column":22}},"85":{"start":{"line":414,"column":4},"end":{"line":414,"column":18}},"86":{"start":{"line":433,"column":17},"end":{"line":433,"column":35}},"87":{"start":{"line":434,"column":4},"end":{"line":434,"column":53}},"88":{"start":{"line":439,"column":17},"end":{"line":439,"column":40}},"89":{"start":{"line":440,"column":4},"end":{"line":440,"column":53}},"90":{"start":{"line":449,"column":4},"end":{"line":449,"column":18}},"91":{"start":{"line":454,"column":16},"end":{"line":454,"column":30}},"92":{"start":{"line":455,"column":4},"end":{"line":455,"column":36}},"93":{"start":{"line":460,"column":15},"end":{"line":460,"column":28}},"94":{"start":{"line":461,"column":15},"end":{"line":461,"column":23}},"95":{"start":{"line":463,"column":4},"end":{"line":463,"column":23}},"96":{"start":{"line":468,"column":4},"end":{"line":470,"column":5}},"97":{"start":{"line":469,"column":6},"end":{"line":469,"column":34}},"98":{"start":{"line":471,"column":4},"end":{"line":473,"column":5}},"99":{"start":{"line":472,"column":6},"end":{"line":472,"column":43}},"100":{"start":{"line":474,"column":4},"end":{"line":474,"column":15}},"101":{"start":{"line":478,"column":4},"end":{"line":478,"column":13}},"102":{"start":{"line":482,"column":16},"end":{"line":482,"column":33}},"103":{"start":{"line":483,"column":22},"end":{"line":483,"column":38}},"104":{"start":{"line":484,"column":4},"end":{"line":484,"column":27}},"105":{"start":{"line":490,"column":0},"end":{"line":490,"column":27}}},"fnMap":{"0":{"name":"(anonymous_0)","decl":{"start":{"line":2,"column":1},"end":{"line":2,"column":2}},"loc":{"start":{"line":2,"column":43},"end":{"line":6,"column":2}},"line":2},"1":{"name":"(anonymous_1)","decl":{"start":{"line":8,"column":2},"end":{"line":8,"column":3}},"loc":{"start":{"line":8,"column":22},"end":{"line":237,"column":3}},"line":8},"2":{"name":"(anonymous_2)","decl":{"start":{"line":239,"column":2},"end":{"line":239,"column":3}},"loc":{"start":{"line":239,"column":7},"end":{"line":255,"column":3}},"line":239},"3":{"name":"(anonymous_3)","decl":{"start":{"line":257,"column":2},"end":{"line":257,"column":3}},"loc":{"start":{"line":257,"column":9},"end":{"line":273,"column":3}},"line":257},"4":{"name":"(anonymous_4)","decl":{"start":{"line":275,"column":2},"end":{"line":275,"column":3}},"loc":{"start":{"line":275,"column":9},"end":{"line":277,"column":3}},"line":275},"5":{"name":"(anonymous_5)","decl":{"start":{"line":279,"column":2},"end":{"line":279,"column":3}},"loc":{"start":{"line":279,"column":9},"end":{"line":281,"column":3}},"line":279},"6":{"name":"(anonymous_6)","decl":{"start":{"line":284,"column":2},"end":{"line":284,"column":3}},"loc":{"start":{"line":284,"column":7},"end":{"line":288,"column":3}},"line":284},"7":{"name":"(anonymous_7)","decl":{"start":{"line":291,"column":2},"end":{"line":291,"column":3}},"loc":{"start":{"line":291,"column":34},"end":{"line":303,"column":3}},"line":291},"8":{"name":"(anonymous_8)","decl":{"start":{"line":307,"column":2},"end":{"line":307,"column":3}},"loc":{"start":{"line":307,"column":12},"end":{"line":319,"column":3}},"line":307},"9":{"name":"(anonymous_9)","decl":{"start":{"line":322,"column":2},"end":{"line":322,"column":3}},"loc":{"start":{"line":322,"column":7},"end":{"line":324,"column":3}},"line":322},"10":{"name":"(anonymous_10)","decl":{"start":{"line":326,"column":2},"end":{"line":326,"column":3}},"loc":{"start":{"line":326,"column":9},"end":{"line":328,"column":3}},"line":326},"11":{"name":"(anonymous_11)","decl":{"start":{"line":330,"column":2},"end":{"line":330,"column":3}},"loc":{"start":{"line":330,"column":12},"end":{"line":332,"column":3}},"line":330},"12":{"name":"(anonymous_12)","decl":{"start":{"line":334,"column":2},"end":{"line":334,"column":3}},"loc":{"start":{"line":334,"column":7},"end":{"line":339,"column":3}},"line":334},"13":{"name":"(anonymous_13)","decl":{"start":{"line":341,"column":2},"end":{"line":341,"column":3}},"loc":{"start":{"line":341,"column":12},"end":{"line":346,"column":3}},"line":341},"14":{"name":"(anonymous_14)","decl":{"start":{"line":349,"column":2},"end":{"line":349,"column":3}},"loc":{"start":{"line":349,"column":7},"end":{"line":352,"column":3}},"line":349},"15":{"name":"(anonymous_15)","decl":{"start":{"line":355,"column":2},"end":{"line":355,"column":3}},"loc":{"start":{"line":355,"column":12},"end":{"line":362,"column":3}},"line":355},"16":{"name":"(anonymous_16)","decl":{"start":{"line":365,"column":2},"end":{"line":365,"column":3}},"loc":{"start":{"line":365,"column":12},"end":{"line":374,"column":3}},"line":365},"17":{"name":"(anonymous_17)","decl":{"start":{"line":377,"column":2},"end":{"line":377,"column":3}},"loc":{"start":{"line":377,"column":11},"end":{"line":388,"column":3}},"line":377},"18":{"name":"(anonymous_18)","decl":{"start":{"line":391,"column":2},"end":{"line":391,"column":3}},"loc":{"start":{"line":391,"column":15},"end":{"line":395,"column":3}},"line":391},"19":{"name":"(anonymous_19)","decl":{"start":{"line":398,"column":2},"end":{"line":398,"column":3}},"loc":{"start":{"line":398,"column":15},"end":{"line":401,"column":3}},"line":398},"20":{"name":"(anonymous_20)","decl":{"start":{"line":404,"column":2},"end":{"line":404,"column":3}},"loc":{"start":{"line":404,"column":37},"end":{"line":408,"column":3}},"line":404},"21":{"name":"(anonymous_21)","decl":{"start":{"line":411,"column":2},"end":{"line":411,"column":3}},"loc":{"start":{"line":411,"column":19},"end":{"line":415,"column":3}},"line":411},"22":{"name":"(anonymous_22)","decl":{"start":{"line":418,"column":2},"end":{"line":418,"column":3}},"loc":{"start":{"line":418,"column":7},"end":{"line":420,"column":3}},"line":418},"23":{"name":"(anonymous_23)","decl":{"start":{"line":432,"column":2},"end":{"line":432,"column":3}},"loc":{"start":{"line":432,"column":17},"end":{"line":435,"column":3}},"line":432},"24":{"name":"(anonymous_24)","decl":{"start":{"line":438,"column":2},"end":{"line":438,"column":3}},"loc":{"start":{"line":438,"column":33},"end":{"line":441,"column":3}},"line":438},"25":{"name":"(anonymous_25)","decl":{"start":{"line":448,"column":2},"end":{"line":448,"column":3}},"loc":{"start":{"line":448,"column":17},"end":{"line":450,"column":3}},"line":448},"26":{"name":"(anonymous_26)","decl":{"start":{"line":453,"column":2},"end":{"line":453,"column":3}},"loc":{"start":{"line":453,"column":11},"end":{"line":456,"column":3}},"line":453},"27":{"name":"(anonymous_27)","decl":{"start":{"line":459,"column":2},"end":{"line":459,"column":3}},"loc":{"start":{"line":459,"column":15},"end":{"line":464,"column":3}},"line":459},"28":{"name":"(anonymous_28)","decl":{"start":{"line":467,"column":2},"end":{"line":467,"column":3}},"loc":{"start":{"line":467,"column":15},"end":{"line":475,"column":3}},"line":467},"29":{"name":"(anonymous_29)","decl":{"start":{"line":477,"column":2},"end":{"line":477,"column":3}},"loc":{"start":{"line":477,"column":14},"end":{"line":479,"column":3}},"line":477},"30":{"name":"(anonymous_30)","decl":{"start":{"line":481,"column":2},"end":{"line":481,"column":3}},"loc":{"start":{"line":481,"column":14},"end":{"line":485,"column":3}},"line":481}},"branchMap":{"0":{"loc":{"start":{"line":241,"column":4},"end":{"line":254,"column":5}},"type":"switch","locations":[{"start":{"line":242,"column":6},"end":{"line":243,"column":21}},{"start":{"line":244,"column":6},"end":{"line":245,"column":20}},{"start":{"line":246,"column":6},"end":{"line":247,"column":19}},{"start":{"line":248,"column":6},"end":{"line":249,"column":19}},{"start":{"line":250,"column":6},"end":{"line":251,"column":17}},{"start":{"line":252,"column":6},"end":{"line":253,"column":21}}],"line":241},"1":{"loc":{"start":{"line":259,"column":4},"end":{"line":272,"column":5}},"type":"switch","locations":[{"start":{"line":260,"column":6},"end":{"line":261,"column":17}},{"start":{"line":262,"column":6},"end":{"line":263,"column":17}},{"start":{"line":264,"column":6},"end":{"line":265,"column":17}},{"start":{"line":266,"column":6},"end":{"line":267,"column":17}},{"start":{"line":268,"column":6},"end":{"line":269,"column":18}},{"start":{"line":270,"column":6},"end":{"line":271,"column":17}}],"line":259},"2":{"loc":{"start":{"line":293,"column":4},"end":{"line":302,"column":5}},"type":"switch","locations":[{"start":{"line":294,"column":6},"end":{"line":295,"column":39}},{"start":{"line":296,"column":6},"end":{"line":297,"column":40}},{"start":{"line":298,"column":6},"end":{"line":299,"column":40}},{"start":{"line":300,"column":6},"end":{"line":301,"column":39}}],"line":293},"3":{"loc":{"start":{"line":312,"column":4},"end":{"line":314,"column":5}},"type":"if","locations":[{"start":{"line":312,"column":4},"end":{"line":314,"column":5}},{"start":{"line":312,"column":4},"end":{"line":314,"column":5}}],"line":312},"4":{"loc":{"start":{"line":315,"column":4},"end":{"line":317,"column":5}},"type":"if","locations":[{"start":{"line":315,"column":4},"end":{"line":317,"column":5}},{"start":{"line":315,"column":4},"end":{"line":317,"column":5}}],"line":315},"5":{"loc":{"start":{"line":359,"column":16},"end":{"line":359,"column":35}},"type":"cond-expr","locations":[{"start":{"line":359,"column":28},"end":{"line":359,"column":32}},{"start":{"line":359,"column":34},"end":{"line":359,"column":35}}],"line":359},"6":{"loc":{"start":{"line":371,"column":16},"end":{"line":371,"column":35}},"type":"cond-expr","locations":[{"start":{"line":371,"column":28},"end":{"line":371,"column":32}},{"start":{"line":371,"column":34},"end":{"line":371,"column":35}}],"line":371},"7":{"loc":{"start":{"line":383,"column":4},"end":{"line":387,"column":5}},"type":"if","locations":[{"start":{"line":383,"column":4},"end":{"line":387,"column":5}},{"start":{"line":383,"column":4},"end":{"line":387,"column":5}}],"line":383},"8":{"loc":{"start":{"line":468,"column":4},"end":{"line":470,"column":5}},"type":"if","locations":[{"start":{"line":468,"column":4},"end":{"line":470,"column":5}},{"start":{"line":468,"column":4},"end":{"line":470,"column":5}}],"line":468},"9":{"loc":{"start":{"line":471,"column":4},"end":{"line":473,"column":5}},"type":"if","locations":[{"start":{"line":471,"column":4},"end":{"line":473,"column":5}},{"start":{"line":471,"column":4},"end":{"line":473,"column":5}}],"line":471}},"s":{"0":1,"1":1,"2":1,"3":0,"4":0,"5":19,"6":19,"7":0,"8":0,"9":19,"10":0,"11":0,"12":0,"13":15,"14":15,"15":0,"16":0,"17":15,"18":0,"19":0,"20":0,"21":4,"22":7,"23":4,"24":4,"25":4,"26":3,"27":3,"28":3,"29":0,"30":0,"31":0,"32":3,"33":3,"34":3,"35":3,"36":3,"37":0,"38":3,"39":0,"40":3,"41":5,"42":5,"43":5,"44":5,"45":5,"46":5,"47":5,"48":2,"49":2,"50":2,"51":2,"52":3,"53":3,"54":2,"55":2,"56":2,"57":2,"58":2,"59":2,"60":2,"61":2,"62":2,"63":2,"64":2,"65":2,"66":2,"67":2,"68":4,"69":4,"70":4,"71":4,"72":4,"73":4,"74":0,"75":4,"76":0,"77":0,"78":0,"79":0,"80":0,"81":2,"82":2,"83":2,"84":0,"85":0,"86":0,"87":0,"88":0,"89":0,"90":0,"91":0,"92":0,"93":0,"94":0,"95":0,"96":0,"97":0,"98":0,"99":0,"100":0,"101":0,"102":0,"103":0,"104":0,"105":1},"f":{"0":1,"1":0,"2":19,"3":15,"4":4,"5":7,"6":4,"7":3,"8":3,"9":5,"10":5,"11":5,"12":5,"13":2,"14":3,"15":2,"16":2,"17":4,"18":0,"19":0,"20":2,"21":0,"22":0,"23":0,"24":0,"25":0,"26":0,"27":0,"28":0,"29":0,"30":0},"b":{"0":[0,0,19,0,0,0],"1":[0,0,15,0,0,0],"2":[3,0,0,0],"3":[0,3],"4":[0,3],"5":[0,2],"6":[0,2],"7":[0,4],"8":[0,0],"9":[0,0]},"_coverageSchema":"1a1c01bbd47fc00a2c39e90264f33305004495a9","hash":"d3da9f90a835715eebfed10370a205b29fca7266","contentHash":"733eb87a0ff73232acc7251131ff895fbb5edba09385fb7974a1012e48832dd8"},"C:\\Users\\TriAzur\\Desktop\\TRAVAIL\\NPM\\aec\\calculations\\SteelCalculation\\index.js":{"path":"C:\\Users\\TriAzur\\Desktop\\TRAVAIL\\NPM\\aec\\calculations\\SteelCalculation\\index.js","statementMap":{"0":{"start":{"line":1,"column":18},"end":{"line":1,"column":40}},"1":{"start":{"line":3,"column":0},"end":{"line":5,"column":1}}},"fnMap":{},"branchMap":{},"s":{"0":1,"1":1},"f":{},"b":{},"_coverageSchema":"1a1c01bbd47fc00a2c39e90264f33305004495a9","hash":"354e055f3754e3f775f7d35450674af32cfcaca4","contentHash":"bf81c98fc337dd3906b549c9ea6a6ce817cb9abbd16208e4f6e46a64e1a6b65a"},"C:\\Users\\TriAzur\\Desktop\\TRAVAIL\\NPM\\aec\\calculations\\SteelCalculation\\Eurocode3.js":{"path":"C:\\Users\\TriAzur\\Desktop\\TRAVAIL\\NPM\\aec\\calculations\\SteelCalculation\\Eurocode3.js","statementMap":{"0":{"start":{"line":1,"column":24},"end":{"line":1,"column":53}},"1":{"start":{"line":6,"column":4},"end":{"line":6,"column":29}},"2":{"start":{"line":7,"column":4},"end":{"line":7,"column":35}},"3":{"start":{"line":10,"column":4},"end":{"line":10,"column":29}},"4":{"start":{"line":13,"column":4},"end":{"line":13,"column":23}},"5":{"start":{"line":17,"column":21},"end":{"line":17,"column":34}},"6":{"start":{"line":18,"column":24},"end":{"line":18,"column":40}},"7":{"start":{"line":19,"column":20},"end":{"line":19,"column":67}},"8":{"start":{"line":20,"column":4},"end":{"line":33,"column":6}},"9":{"start":{"line":37,"column":4},"end":{"line":87,"column":5}},"10":{"start":{"line":93,"column":9},"end":{"line":93,"column":22}},"11":{"start":{"line":94,"column":24},"end":{"line":94,"column":38}},"12":{"start":{"line":95,"column":24},"end":{"line":95,"column":38}},"13":{"start":{"line":96,"column":4},"end":{"line":119,"column":5}},"14":{"start":{"line":98,"column":8},"end":{"line":98,"column":17}},"15":{"start":{"line":101,"column":8},"end":{"line":101,"column":17}},"16":{"start":{"line":107,"column":12},"end":{"line":107,"column":25}},"17":{"start":{"line":108,"column":21},"end":{"line":108,"column":26}},"18":{"start":{"line":109,"column":8},"end":{"line":115,"column":9}},"19":{"start":{"line":110,"column":10},"end":{"line":110,"column":19}},"20":{"start":{"line":111,"column":15},"end":{"line":115,"column":9}},"21":{"start":{"line":112,"column":10},"end":{"line":112,"column":19}},"22":{"start":{"line":114,"column":10},"end":{"line":114,"column":19}},"23":{"start":{"line":118,"column":8},"end":{"line":118,"column":17}},"24":{"start":{"line":124,"column":27},"end":{"line":124,"column":55}},"25":{"start":{"line":125,"column":4},"end":{"line":143,"column":5}},"26":{"start":{"line":127,"column":8},"end":{"line":127,"column":20}},"27":{"start":{"line":130,"column":8},"end":{"line":130,"column":20}},"28":{"start":{"line":133,"column":8},"end":{"line":133,"column":20}},"29":{"start":{"line":136,"column":8},"end":{"line":136,"column":20}},"30":{"start":{"line":139,"column":8},"end":{"line":139,"column":20}},"31":{"start":{"line":142,"column":8},"end":{"line":142,"column":20}},"32":{"start":{"line":147,"column":27},"end":{"line":147,"column":55}},"33":{"start":{"line":148,"column":4},"end":{"line":166,"column":5}},"34":{"start":{"line":150,"column":8},"end":{"line":150,"column":20}},"35":{"start":{"line":153,"column":8},"end":{"line":153,"column":20}},"36":{"start":{"line":156,"column":8},"end":{"line":156,"column":20}},"37":{"start":{"line":159,"column":8},"end":{"line":159,"column":20}},"38":{"start":{"line":162,"column":8},"end":{"line":162,"column":20}},"39":{"start":{"line":165,"column":8},"end":{"line":165,"column":20}},"40":{"start":{"line":170,"column":15},"end":{"line":170,"column":22}},"41":{"start":{"line":171,"column":17},"end":{"line":171,"column":35}},"42":{"start":{"line":172,"column":15},"end":{"line":172,"column":34}},"43":{"start":{"line":173,"column":15},"end":{"line":173,"column":31}},"44":{"start":{"line":174,"column":16},"end":{"line":174,"column":61}},"45":{"start":{"line":175,"column":4},"end":{"line":175,"column":15}},"46":{"start":{"line":179,"column":15},"end":{"line":179,"column":22}},"47":{"start":{"line":180,"column":17},"end":{"line":180,"column":35}},"48":{"start":{"line":181,"column":15},"end":{"line":181,"column":34}},"49":{"start":{"line":182,"column":15},"end":{"line":182,"column":31}},"50":{"start":{"line":183,"column":16},"end":{"line":183,"column":61}},"51":{"start":{"line":184,"column":4},"end":{"line":184,"column":15}},"52":{"start":{"line":188,"column":14},"end":{"line":188,"column":32}},"53":{"start":{"line":189,"column":16},"end":{"line":189,"column":33}},"54":{"start":{"line":190,"column":17},"end":{"line":190,"column":28}},"55":{"start":{"line":191,"column":4},"end":{"line":191,"column":47}},"56":{"start":{"line":195,"column":14},"end":{"line":195,"column":32}},"57":{"start":{"line":196,"column":16},"end":{"line":196,"column":33}},"58":{"start":{"line":197,"column":17},"end":{"line":197,"column":28}},"59":{"start":{"line":198,"column":4},"end":{"line":198,"column":47}},"60":{"start":{"line":202,"column":19},"end":{"line":202,"column":32}},"61":{"start":{"line":203,"column":20},"end":{"line":203,"column":34}},"62":{"start":{"line":204,"column":4},"end":{"line":204,"column":63}},"63":{"start":{"line":208,"column":19},"end":{"line":208,"column":32}},"64":{"start":{"line":209,"column":20},"end":{"line":209,"column":34}},"65":{"start":{"line":210,"column":4},"end":{"line":210,"column":63}},"66":{"start":{"line":214,"column":17},"end":{"line":214,"column":28}},"67":{"start":{"line":215,"column":20},"end":{"line":215,"column":34}},"68":{"start":{"line":216,"column":16},"end":{"line":216,"column":30}},"69":{"start":{"line":217,"column":4},"end":{"line":221,"column":5}},"70":{"start":{"line":218,"column":6},"end":{"line":218,"column":78}},"71":{"start":{"line":220,"column":6},"end":{"line":220,"column":15}},"72":{"start":{"line":225,"column":17},"end":{"line":225,"column":28}},"73":{"start":{"line":226,"column":20},"end":{"line":226,"column":34}},"74":{"start":{"line":227,"column":16},"end":{"line":227,"column":30}},"75":{"start":{"line":228,"column":4},"end":{"line":232,"column":5}},"76":{"start":{"line":229,"column":6},"end":{"line":229,"column":78}},"77":{"start":{"line":231,"column":6},"end":{"line":231,"column":15}},"78":{"start":{"line":237,"column":28},"end":{"line":237,"column":57}},"79":{"start":{"line":238,"column":4},"end":{"line":256,"column":5}},"80":{"start":{"line":240,"column":8},"end":{"line":240,"column":20}},"81":{"start":{"line":243,"column":8},"end":{"line":243,"column":20}},"82":{"start":{"line":246,"column":8},"end":{"line":246,"column":20}},"83":{"start":{"line":249,"column":8},"end":{"line":249,"column":20}},"84":{"start":{"line":252,"column":8},"end":{"line":252,"column":20}},"85":{"start":{"line":255,"column":8},"end":{"line":255,"column":20}},"86":{"start":{"line":260,"column":14},"end":{"line":260,"column":29}},"87":{"start":{"line":261,"column":15},"end":{"line":261,"column":31}},"88":{"start":{"line":262,"column":14},"end":{"line":262,"column":29}},"89":{"start":{"line":263,"column":15},"end":{"line":263,"column":34}},"90":{"start":{"line":264,"column":15},"end":{"line":264,"column":34}},"91":{"start":{"line":265,"column":15},"end":{"line":265,"column":34}},"92":{"start":{"line":266,"column":24},"end":{"line":266,"column":40}},"93":{"start":{"line":267,"column":15},"end":{"line":267,"column":31}},"94":{"start":{"line":268,"column":15},"end":{"line":268,"column":31}},"95":{"start":{"line":269,"column":4},"end":{"line":274,"column":5}},"96":{"start":{"line":270,"column":17},"end":{"line":270,"column":36}},"97":{"start":{"line":271,"column":6},"end":{"line":271,"column":168}},"98":{"start":{"line":273,"column":6},"end":{"line":273,"column":15}},"99":{"start":{"line":278,"column":16},"end":{"line":278,"column":33}},"100":{"start":{"line":279,"column":17},"end":{"line":279,"column":38}},"101":{"start":{"line":280,"column":16},"end":{"line":280,"column":26}},"102":{"start":{"line":281,"column":24},"end":{"line":281,"column":40}},"103":{"start":{"line":282,"column":4},"end":{"line":286,"column":5}},"104":{"start":{"line":283,"column":6},"end":{"line":283,"column":53}},"105":{"start":{"line":285,"column":6},"end":{"line":285,"column":15}},"106":{"start":{"line":290,"column":20},"end":{"line":290,"column":34}},"107":{"start":{"line":291,"column":21},"end":{"line":291,"column":36}},"108":{"start":{"line":292,"column":24},"end":{"line":292,"column":40}},"109":{"start":{"line":293,"column":4},"end":{"line":297,"column":5}},"110":{"start":{"line":294,"column":6},"end":{"line":294,"column":68}},"111":{"start":{"line":296,"column":6},"end":{"line":296,"column":15}},"112":{"start":{"line":301,"column":18},"end":{"line":301,"column":30}},"113":{"start":{"line":302,"column":21},"end":{"line":302,"column":36}},"114":{"start":{"line":303,"column":24},"end":{"line":303,"column":40}},"115":{"start":{"line":304,"column":4},"end":{"line":308,"column":5}},"116":{"start":{"line":305,"column":6},"end":{"line":305,"column":81}},"117":{"start":{"line":307,"column":6},"end":{"line":307,"column":15}},"118":{"start":{"line":313,"column":16},"end":{"line":313,"column":30}},"119":{"start":{"line":314,"column":16},"end":{"line":314,"column":30}},"120":{"start":{"line":315,"column":15},"end":{"line":315,"column":31}},"121":{"start":{"line":316,"column":14},"end":{"line":316,"column":29}},"122":{"start":{"line":317,"column":17},"end":{"line":317,"column":28}},"123":{"start":{"line":318,"column":15},"end":{"line":318,"column":34}},"124":{"start":{"line":319,"column":4},"end":{"line":322,"column":5}},"125":{"start":{"line":320,"column":19},"end":{"line":320,"column":34}},"126":{"start":{"line":321,"column":6},"end":{"line":321,"column":81}},"127":{"start":{"line":323,"column":4},"end":{"line":327,"column":5}},"128":{"start":{"line":324,"column":19},"end":{"line":324,"column":34}},"129":{"start":{"line":325,"column":21},"end":{"line":325,"column":38}},"130":{"start":{"line":326,"column":6},"end":{"line":326,"column":103}},"131":{"start":{"line":328,"column":4},"end":{"line":330,"column":5}},"132":{"start":{"line":329,"column":6},"end":{"line":329,"column":48}},"133":{"start":{"line":331,"column":4},"end":{"line":333,"column":5}},"134":{"start":{"line":332,"column":6},"end":{"line":332,"column":48}},"135":{"start":{"line":337,"column":16},"end":{"line":337,"column":30}},"136":{"start":{"line":338,"column":16},"end":{"line":338,"column":30}},"137":{"start":{"line":339,"column":15},"end":{"line":339,"column":31}},"138":{"start":{"line":340,"column":14},"end":{"line":340,"column":29}},"139":{"start":{"line":341,"column":17},"end":{"line":341,"column":28}},"140":{"start":{"line":342,"column":15},"end":{"line":342,"column":34}},"141":{"start":{"line":343,"column":4},"end":{"line":346,"column":5}},"142":{"start":{"line":344,"column":19},"end":{"line":344,"column":34}},"143":{"start":{"line":345,"column":6},"end":{"line":345,"column":81}},"144":{"start":{"line":347,"column":4},"end":{"line":351,"column":5}},"145":{"start":{"line":348,"column":19},"end":{"line":348,"column":34}},"146":{"start":{"line":349,"column":21},"end":{"line":349,"column":38}},"147":{"start":{"line":350,"column":6},"end":{"line":350,"column":103}},"148":{"start":{"line":352,"column":4},"end":{"line":354,"column":5}},"149":{"start":{"line":353,"column":6},"end":{"line":353,"column":48}},"150":{"start":{"line":355,"column":4},"end":{"line":357,"column":5}},"151":{"start":{"line":356,"column":6},"end":{"line":356,"column":48}},"152":{"start":{"line":361,"column":4},"end":{"line":361,"column":13}},"153":{"start":{"line":367,"column":4},"end":{"line":374,"column":5}},"154":{"start":{"line":369,"column":20},"end":{"line":369,"column":34}},"155":{"start":{"line":370,"column":8},"end":{"line":370,"column":19}},"156":{"start":{"line":373,"column":8},"end":{"line":373,"column":17}},"157":{"start":{"line":379,"column":4},"end":{"line":388,"column":5}},"158":{"start":{"line":381,"column":18},"end":{"line":381,"column":33}},"159":{"start":{"line":382,"column":18},"end":{"line":382,"column":33}},"160":{"start":{"line":383,"column":19},"end":{"line":383,"column":35}},"161":{"start":{"line":384,"column":8},"end":{"line":384,"column":35}},"162":{"start":{"line":387,"column":8},"end":{"line":387,"column":20}},"163":{"start":{"line":392,"column":4},"end":{"line":402,"column":5}},"164":{"start":{"line":394,"column":19},"end":{"line":394,"column":28}},"165":{"start":{"line":395,"column":19},"end":{"line":395,"column":35}},"166":{"start":{"line":396,"column":18},"end":{"line":396,"column":33}},"167":{"start":{"line":397,"column":19},"end":{"line":397,"column":28}},"
[...]
line":354,"column":5}}],"line":352},"35":{"loc":{"start":{"line":355,"column":4},"end":{"line":357,"column":5}},"type":"if","locations":[{"start":{"line":355,"column":4},"end":{"line":357,"column":5}},{"start":{"line":355,"column":4},"end":{"line":357,"column":5}}],"line":355},"36":{"loc":{"start":{"line":367,"column":4},"end":{"line":374,"column":5}},"type":"switch","locations":[{"start":{"line":368,"column":6},"end":{"line":371,"column":7}},{"start":{"line":372,"column":6},"end":{"line":373,"column":17}}],"line":367},"37":{"loc":{"start":{"line":379,"column":4},"end":{"line":388,"column":5}},"type":"switch","locations":[{"start":{"line":380,"column":6},"end":{"line":385,"column":7}},{"start":{"line":386,"column":6},"end":{"line":387,"column":20}}],"line":379},"38":{"loc":{"start":{"line":392,"column":4},"end":{"line":402,"column":5}},"type":"switch","locations":[{"start":{"line":393,"column":6},"end":{"line":399,"column":7}},{"start":{"line":400,"column":6},"end":{"line":401,"column":17}}],"line":392},"39":{"loc":{"start":{"line":421,"column":4},"end":{"line":423,"column":5}},"type":"if","locations":[{"start":{"line":421,"column":4},"end":{"line":423,"column":5}},{"start":{"line":421,"column":4},"end":{"line":423,"column":5}}],"line":421},"40":{"loc":{"start":{"line":436,"column":4},"end":{"line":438,"column":5}},"type":"if","locations":[{"start":{"line":436,"column":4},"end":{"line":438,"column":5}},{"start":{"line":436,"column":4},"end":{"line":438,"column":5}}],"line":436},"41":{"loc":{"start":{"line":449,"column":4},"end":{"line":451,"column":5}},"type":"if","locations":[{"start":{"line":449,"column":4},"end":{"line":451,"column":5}},{"start":{"line":449,"column":4},"end":{"line":451,"column":5}}],"line":449},"42":{"loc":{"start":{"line":462,"column":4},"end":{"line":464,"column":5}},"type":"if","locations":[{"start":{"line":462,"column":4},"end":{"line":464,"column":5}},{"start":{"line":462,"column":4},"end":{"line":464,"column":5}}],"line":462},"43":{"loc":{"start":{"line":475,"column":4},"end":{"line":477,"column":5}},"type":"if","locations":[{"start":{"line":475,"column":4},"end":{"line":477,"column":5}},{"start":{"line":475,"column":4},"end":{"line":477,"column":5}}],"line":475},"44":{"loc":{"start":{"line":488,"column":4},"end":{"line":490,"column":5}},"type":"if","locations":[{"start":{"line":488,"column":4},"end":{"line":490,"column":5}},{"start":{"line":488,"column":4},"end":{"line":490,"column":5}}],"line":488},"45":{"loc":{"start":{"line":518,"column":4},"end":{"line":524,"column":5}},"type":"if","locations":[{"start":{"line":518,"column":4},"end":{"line":524,"column":5}},{"start":{"line":518,"column":4},"end":{"line":524,"column":5}}],"line":518},"46":{"loc":{"start":{"line":518,"column":7},"end":{"line":518,"column":60}},"type":"binary-expr","locations":[{"start":{"line":518,"column":7},"end":{"line":518,"column":46}},{"start":{"line":518,"column":50},"end":{"line":518,"column":60}}],"line":518},"47":{"loc":{"start":{"line":520,"column":11},"end":{"line":524,"column":5}},"type":"if","locations":[{"start":{"line":520,"column":11},"end":{"line":524,"column":5}},{"start":{"line":520,"column":11},"end":{"line":524,"column":5}}],"line":520},"48":{"loc":{"start":{"line":520,"column":15},"end":{"line":520,"column":70}},"type":"binary-expr","locations":[{"start":{"line":520,"column":15},"end":{"line":520,"column":54}},{"start":{"line":520,"column":58},"end":{"line":520,"column":70}}],"line":520},"49":{"loc":{"start":{"line":539,"column":4},"end":{"line":545,"column":5}},"type":"if","locations":[{"start":{"line":539,"column":4},"end":{"line":545,"column":5}},{"start":{"line":539,"column":4},"end":{"line":545,"column":5}}],"line":539},"50":{"loc":{"start":{"line":539,"column":7},"end":{"line":539,"column":60}},"type":"binary-expr","locations":[{"start":{"line":539,"column":7},"end":{"line":539,"column":46}},{"start":{"line":539,"column":50},"end":{"line":539,"column":60}}],"line":539},"51":{"loc":{"start":{"line":541,"column":11},"end":{"line":545,"column":5}},"type":"if","locations":[{"start":{"line":541,"column":11},"end":{"line":545,"column":5}},{"start":{"line":541,"column":11},"end":{"line":545,"column":5}}],"line":541},"52":{"loc":{"start":{"line":541,"column":15},"end":{"line":541,"column":70}},"type":"binary-expr","locations":[{"start":{"line":541,"column":15},"end":{"line":541,"column":54}},{"start":{"line":541,"column":58},"end":{"line":541,"column":70}}],"line":541},"53":{"loc":{"start":{"line":562,"column":4},"end":{"line":568,"column":5}},"type":"if","locations":[{"start":{"line":562,"column":4},"end":{"line":568,"column":5}},{"start":{"line":562,"column":4},"end":{"line":568,"column":5}}],"line":562},"54":{"loc":{"start":{"line":562,"column":7},"end":{"line":562,"column":60}},"type":"binary-expr","locations":[{"start":{"line":562,"column":7},"end":{"line":562,"column":46}},{"start":{"line":562,"column":50},"end":{"line":562,"column":60}}],"line":562},"55":{"loc":{"start":{"line":564,"column":11},"end":{"line":568,"column":5}},"type":"if","locations":[{"start":{"line":564,"column":11},"end":{"line":568,"column":5}},{"start":{"line":564,"column":11},"end":{"line":568,"column":5}}],"line":564},"56":{"loc":{"start":{"line":564,"column":15},"end":{"line":564,"column":70}},"type":"binary-expr","locations":[{"start":{"line":564,"column":15},"end":{"line":564,"column":54}},{"start":{"line":564,"column":58},"end":{"line":564,"column":70}}],"line":564},"57":{"loc":{"start":{"line":585,"column":4},"end":{"line":591,"column":5}},"type":"if","locations":[{"start":{"line":585,"column":4},"end":{"line":591,"column":5}},{"start":{"line":585,"column":4},"end":{"line":591,"column":5}}],"line":585},"58":{"loc":{"start":{"line":585,"column":7},"end":{"line":585,"column":60}},"type":"binary-expr","locations":[{"start":{"line":585,"column":7},"end":{"line":585,"column":46}},{"start":{"line":585,"column":50},"end":{"line":585,"column":60}}],"line":585},"59":{"loc":{"start":{"line":587,"column":11},"end":{"line":591,"column":5}},"type":"if","locations":[{"start":{"line":587,"column":11},"end":{"line":591,"column":5}},{"start":{"line":587,"column":11},"end":{"line":591,"column":5}}],"line":587},"60":{"loc":{"start":{"line":587,"column":15},"end":{"line":587,"column":70}},"type":"binary-expr","locations":[{"start":{"line":587,"column":15},"end":{"line":587,"column":54}},{"start":{"line":587,"column":58},"end":{"line":587,"column":70}}],"line":587},"61":{"loc":{"start":{"line":628,"column":4},"end":{"line":648,"column":5}},"type":"if","locations":[{"start":{"line":628,"column":4},"end":{"line":648,"column":5}},{"start":{"line":628,"column":4},"end":{"line":648,"column":5}}],"line":628},"62":{"loc":{"start":{"line":629,"column":6},"end":{"line":641,"column":7}},"type":"if","locations":[{"start":{"line":629,"column":6},"end":{"line":641,"column":7}},{"start":{"line":629,"column":6},"end":{"line":641,"column":7}}],"line":629},"63":{"loc":{"start":{"line":630,"column":8},"end":{"line":634,"column":9}},"type":"if","locations":[{"start":{"line":630,"column":8},"end":{"line":634,"column":9}},{"start":{"line":630,"column":8},"end":{"line":634,"column":9}}],"line":630},"64":{"loc":{"start":{"line":636,"column":8},"end":{"line":640,"column":9}},"type":"if","locations":[{"start":{"line":636,"column":8},"end":{"line":640,"column":9}},{"start":{"line":636,"column":8},"end":{"line":640,"column":9}}],"line":636},"65":{"loc":{"start":{"line":643,"column":6},"end":{"line":647,"column":7}},"type":"if","locations":[{"start":{"line":643,"column":6},"end":{"line":647,"column":7}},{"start":{"line":643,"column":6},"end":{"line":647,"column":7}}],"line":643},"66":{"loc":{"start":{"line":672,"column":4},"end":{"line":692,"column":5}},"type":"if","locations":[{"start":{"line":672,"column":4},"end":{"line":692,"column":5}},{"start":{"line":672,"column":4},"end":{"line":692,"column":5}}],"line":672},"67":{"loc":{"start":{"line":673,"column":6},"end":{"line":685,"column":7}},"type":"if","locations":[{"start":{"line":673,"column":6},"end":{"line":685,"column":7}},{"start":{"line":673,"column":6},"end":{"line":685,"column":7}}],"line":673},"68":{"loc":{"start":{"line":674,"column":8},"end":{"line":678,"column":9}},"type":"if","locations":[{"start":{"line":674,"column":8},"end":{"line":678,"column":9}},{"start":{"line":674,"column":8},"end":{"line":678,"column":9}}],"line":674},"69":{"loc":{"start":{"line":680,"column":8},"end":{"line":684,"column":9}},"type":"if","locations":[{"start":{"line":680,"column":8},"end":{"line":684,"column":9}},{"start":{"line":680,"column":8},"end":{"line":684,"column":9}}],"line":680},"70":{"loc":{"start":{"line":687,"column":6},"end":{"line":691,"column":7}},"type":"if","locations":[{"start":{"line":687,"column":6},"end":{"line":691,"column":7}},{"start":{"line":687,"column":6},"end":{"line":691,"column":7}}],"line":687},"71":{"loc":{"start":{"line":708,"column":4},"end":{"line":723,"column":5}},"type":"if","locations":[{"start":{"line":708,"column":4},"end":{"line":723,"column":5}},{"start":{"line":708,"column":4},"end":{"line":723,"column":5}}],"line":708},"72":{"loc":{"start":{"line":709,"column":6},"end":{"line":713,"column":7}},"type":"if","locations":[{"start":{"line":709,"column":6},"end":{"line":713,"column":7}},{"start":{"line":709,"column":6},"end":{"line":713,"column":7}}],"line":709},"73":{"loc":{"start":{"line":715,"column":6},"end":{"line":722,"column":7}},"type":"if","locations":[{"start":{"line":715,"column":6},"end":{"line":722,"column":7}},{"start":{"line":715,"column":6},"end":{"line":722,"column":7}}],"line":715}},"s":{"0":1,"1":2,"2":2,"3":2,"4":2,"5":1722,"6":1722,"7":1722,"8":1722,"9":2,"10":72,"11":72,"12":72,"13":72,"14":36,"15":0,"16":36,"17":36,"18":36,"19":0,"20":36,"21":36,"22":0,"23":0,"24":60,"25":60,"26":0,"27":0,"28":30,"29":30,"30":0,"31":0,"32":52,"33":52,"34":0,"35":0,"36":0,"37":52,"38":0,"39":0,"40":244,"41":244,"42":244,"43":244,"44":244,"45":244,"46":228,"47":228,"48":228,"49":228,"50":228,"51":228,"52":136,"53":136,"54":136,"55":136,"56":120,"57":120,"58":120,"59":120,"60":56,"61":56,"62":56,"63":48,"64":48,"65":48,"66":52,"67":52,"68":52,"69":52,"70":52,"71":0,"72":44,"73":44,"74":44,"75":44,"76":44,"77":0,"78":28,"79":28,"80":0,"81":0,"82":0,"83":0,"84":28,"85":0,"86":52,"87":52,"88":52,"89":52,"90":52,"91":52,"92":52,"93":52,"94":52,"95":52,"96":26,"97":26,"98":26,"99":48,"100":48,"101":48,"102":48,"103":48,"104":24,"105":24,"106":24,"107":24,"108":24,"109":24,"110":12,"111":12,"112":20,"113":20,"114":20,"115":20,"116":10,"117":10,"118":44,"119":44,"120":44,"121":44,"122":44,"123":44,"124":44,"125":0,"126":0,"127":44,"128":22,"129":22,"130":22,"131":22,"132":0,"133":22,"134":22,"135":44,"136":44,"137":44,"138":44,"139":44,"140":44,"141":44,"142":0,"143":0,"144":44,"145":0,"146":0,"147":0,"148":44,"149":22,"150":22,"151":22,"152":4,"153":4,"154":0,"155":0,"156":4,"157":4,"158":0,"159":0,"160":0,"161":0,"162":4,"163":206,"164":0,"165":0,"166":0,"167":0,"168":0,"169":206,"170":202,"171":202,"172":202,"173":202,"174":202,"175":198,"176":198,"177":198,"178":194,"179":194,"180":0,"181":194,"182":76,"183":76,"184":76,"185":76,"186":76,"187":76,"188":76,"189":76,"190":0,"191":28,"192":28,"193":28,"194":28,"195":28,"196":28,"197":28,"198":28,"199":0,"200":30,"201":30,"202":30,"203":30,"204":30,"205":30,"206":30,"207":30,"208":0,"209":28,"210":28,"211":28,"212":28,"213":28,"214":28,"215":28,"216":28,"217":0,"218":28,"219":28,"220":28,"221":28,"222":28,"223":28,"224":28,"225":28,"226":0,"227":36,"228":36,"229":36,"230":36,"231":36,"232":36,"233":12,"234":12,"235":12,"236":12,"237":12,"238":12,"239":12,"240":12,"241":12,"242":12,"243":12,"244":12,"245":6,"246":6,"247":0,"248":6,"249":12,"250":12,"251":12,"252":12,"253":12,"254":12,"255":12,"256":12,"257":12,"258":12,"259":12,"260":12,"261":6,"262":6,"263":0,"264":6,"265":12,"266":12,"267":12,"268":12,"269":12,"270":12,"271":12,"272":12,"273":12,"274":12,"275":12,"276":12,"277":12,"278":12,"279":6,"280":6,"281":0,"282":6,"283":12,"284":12,"285":12,"286":12,"287":12,"288":12,"289":12,"290":12,"291":12,"292":12,"293":12,"294":12,"295":12,"296":12,"297":6,"298":6,"299":0,"300":6,"301":8,"302":8,"303":8,"304":8,"305":8,"306":8,"307":8,"308":8,"309":8,"310":8,"311":8,"312":8,"313":8,"314":8,"315":8,"316":8,"317":8,"318":8,"319":8,"320":8,"321":8,"322":8,"323":8,"324":8,"325":8,"326":8,"327":8,"328":8,"329":4,"330":0,"331":0,"332":0,"333":4,"334":0,"335":4,"336":4,"337":0,"338":4,"339":8,"340":8,"341":8,"342":8,"343":8,"344":8,"345":8,"346":8,"347":8,"348":8,"349":8,"350":8,"351":8,"352":8,"353":8,"354":8,"355":8,"356":8,"357":8,"358":8,"359":8,"360":4,"361":0,"362":0,"363":0,"364":4,"365":0,"366":4,"367":4,"368":0,"369":4,"370":8,"371":8,"372":8,"373":8,"374":8,"375":8,"376":8,"377":8,"378":8,"379":8,"380":8,"381":8,"382":8,"383":4,"384":0,"385":4,"386":4,"387":0,"388":4,"389":4,"390":4,"391":4,"392":4,"393":4,"394":4,"395":4,"396":1},"f":{"0":2,"1":1722,"2":2,"3":72,"4":60,"5":52,"6":244,"7":228,"8":136,"9":120,"10":56,"11":48,"12":52,"13":44,"14":28,"15":52,"16":48,"17":24,"18":20,"19":44,"20":44,"21":4,"22":4,"23":4,"24":206,"25":202,"26":198,"27":194,"28":76,"29":28,"30":30,"31":28,"32":28,"33":36,"34":36,"35":12,"36":12,"37":12,"38":12,"39":8,"40":8,"41":8,"42":8,"43":8,"44":4},"b":{"0":[0,1722],"1":[0,1722],"2":[0,1722],"3":[0,1722],"4":[0,1722],"5":[0,1722],"6":[0,1722],"7":[0,1722],"8":[0,1722],"9":[0,1722],"10":[0,1722],"11":[0,1722],"12":[36,0,36,0],"13":[0,36],"14":[36,0],"15":[0,0,30,30,0,0],"16":[0,0,0,52,0,0],"17":[52,0],"18":[44,0],"19":[0,0,0,0,28,0],"20":[26,26],"21":[52,26],"22":[24,24],"23":[48,24],"24":[12,12],"25":[24,12],"26":[10,10],"27":[20,10],"28":[0,44],"29":[22,22],"30":[0,22],"31":[22,0],"32":[0,44],"33":[0,44],"34":[22,22],"35":[22,0],"36":[0,4],"37":[0,4],"38":[0,206],"39":[0,194],"40":[76,0],"41":[28,0],"42":[30,0],"43":[28,0],"44":[28,0],"45":[6,6],"46":[12,6],"47":[0,6],"48":[6,0],"49":[6,6],"50":[12,6],"51":[0,6],"52":[6,0],"53":[6,6],"54":[12,6],"55":[0,6],"56":[6,0],"57":[6,6],"58":[12,6],"59":[0,6],"60":[6,0],"61":[4,4],"62":[0,4],"63":[0,0],"64":[0,4],"65":[0,4],"66":[4,4],"67":[0,4],"68":[0,0],"69":[0,4],"70":[0,4],"71":[4,4],"72":[0,4],"73":[0,4]},"_coverageSchema":"1a1c01bbd47fc00a2c39e90264f33305004495a9","hash":"6bf56d8e647574f469e1b2639c9c3e29bcc2a2d9","contentHash":"f82ea1a1e947c7c03ca710418461af696899351154bfa23e32eb1d5f602e4d3e"},"C:\\Users\\TriAzur\\Desktop\\TRAVAIL\\NPM\\aec\\calculations\\WaveCalculation\\index.js":{"path":"C:\\Users\\TriAzur\\Desktop\\TRAVAIL\\NPM\\aec\\calculations\\WaveCalculation\\index.js","statementMap":{"0":{"start":{"line":1,"column":17},"end":{"line":1,"column":38}},"1":{"start":{"line":3,"column":0},"end":{"line":5,"column":1}}},"fnMap":{},"branchMap":{},"s":{"0":1,"1":1},"f":{},"b":{},"_coverageSchema":"1a1c01bbd47fc00a2c39e90264f33305004495a9","hash":"177985c0764399ba71f8beb130b723fe244fbf98","contentHash":"21ec3ed65b529e41004d1b7014255853c41b07579d79c3c40253f973099804e2"},"C:\\Users\\TriAzur\\Desktop\\TRAVAIL\\NPM\\aec\\calculations\\WaveCalculation\\WaveData.js":{"path":"C:\\Users\\TriAzur\\Desktop\\TRAVAIL\\NPM\\aec\\calculations\\WaveCalculation\\WaveData.js","statementMap":{"0":{"start":{"line":3,"column":2},"end":{"line":3,"column":22}},"1":{"start":{"line":4,"column":2},"end":{"line":4,"column":22}},"2":{"start":{"line":5,"column":2},"end":{"line":5,"column":22}},"3":{"start":{"line":9,"column":12},"end":{"line":9,"column":18}},"4":{"start":{"line":10,"column":12},"end":{"line":10,"column":18}},"5":{"start":{"line":12,"column":13},"end":{"line":12,"column":20}},"6":{"start":{"line":13,"column":15},"end":{"line":13,"column":38}},"7":{"start":{"line":14,"column":13},"end":{"line":14,"column":15}},"8":{"start":{"line":15,"column":11},"end":{"line":15,"column":18}},"9":{"start":{"line":17,"column":10},"end":{"line":17,"column":11}},"10":{"start":{"line":18,"column":13},"end":{"line":18,"column":14}},"11":{"start":{"line":19,"column":4},"end":{"line":24,"column":5}},"12":{"start":{"line":19,"column":17},"end":{"line":19,"column":18}},"13":{"start":{"line":20,"column":6},"end":{"line":20,"column":24}},"14":{"start":{"line":21,"column":6},"end":{"line":21,"column":54}},"15":{"start":{"line":22,"column":6},"end":{"line":22,"column":26}},"16":{"start":{"line":22,"column":19},"end":{"line":22,"column":26}},"17":{"start":{"line":23,"column":6},"end":{"line":23,"column":26}},"18":{"start":{"line":23,"column":19},"end":{"line":23,"column":26}},"19":{"start":{"line":26,"column":15},"end":{"line":26,"column":42}},"20":{"start":{"line":27,"column":4},"end":{"line":27,"column":14}},"21":{"start":{"line":31,"column":12},"end":{"line":31,"column":18}},"22":{"start":{"line":32,"column":15},"end":{"line":32,"column":22}},"23":{"start":{"line":33,"column":14},"end":{"line":33,"column":29}},"24":{"start":{"line":34,"column":14},"end":{"line":34,"column":24}},"25":{"start":{"line":36,"column":15},"end":{"line":36,"column":17}},"26":{"start":{"line":38,"column":22},"end":{"line":38,"column":25}},"27":{"start":{"line":39,"column":16},"end":{"line":39,"column":17}},"28":{"start":{"line":40,"column":16},"end":{"line":40,"column":17}},"29":{"start":{"line":41,"column":4},"end":{"line":45,"column":5}},"30":{"start":{"line":41,"column":17},"end":{"line":41,"column":18}},"31":{"start":{"line":42,"column":6},"end":{"line":42,"column":32}},"32":{"start":{"line":43,"column":6},"end":{"line":43,"column":42}},"33":{"start":{"line":44,"column":6},"end":{"line":44,"column":38}},"34":{"start":{"line":47,"column":4},"end":{"line":47,"column":14}},"35":{"start":{"line":52,"column":15},"end":{"line":52,"column":22}},"36":{"start":{"line":53,"column":14},"end":{"line":53,"column":20}},"37":{"start":{"line":54,"column":14},"end":{"line":54,"column":20}},"38":{"start":{"line":55,"column":14},"end":{"line":55,"column":20}},"39":{"start":{"line":56,"column":14},"end":{"line":56,"column":29}},"40":{"start":{"line":57,"column":14},"end":{"line":57,"column":24}},"41":{"start":{"line":58,"column":14},"end":{"line":58,"column":24}},"42":{"start":{"line":59,"column":4},"end":{"line":59,"column":92}},"43":{"start":{"line":64,"column":0},"end":{"line":64,"column":26}}},"fnMap":{"0":{"name":"(anonymous_0)","decl":{"start":{"line":2,"column":1},"end":{"line":2,"column":2}},"loc":{"start":{"line":2,"column":49},"end":{"line":6,"column":2}},"line":2},"1":{"name":"(anonymous_1)","decl":{"start":{"line":8,"column":1},"end":{"line":8,"column":2}},"loc":{"start":{"line":8,"column":18},"end":{"line":28,"column":2}},"line":8},"2":{"name":"(anonymous_2)","decl":{"start":{"line":30,"column":1},"end":{"line":30,"column":2}},"loc":{"start":{"line":30,"column":18},"end":{"line":48,"column":3}},"line":30},"3":{"name":"(anonymous_3)","decl":{"start":{"line":51,"column":2},"end":{"line":51,"column":3}},"loc":{"start":{"line":51,"column":36},"end":{"line":60,"column":3}},"line":51}},"branchMap":{"0":{"loc":{"start":{"line":22,"column":6},"end":{"line":22,"column":26}},"type":"if","locations":[{"start":{"line":22,"column":6},"end":{"line":22,"column":26}},{"start":{"line":22,"column":6},"end":{"line":22,"column":26}}],"line":22},"1":{"loc":{"start":{"line":23,"column":6},"end":{"line":23,"column":26}},"type":"if","locations":[{"start":{"line":23,"column":6},"end":{"line":23,"column":26}},{"start":{"line":23,"column":6},"end":{"line":23,"column":26}}],"line":23}},"s":{"0":1,"1":1,"2":1,"3":5,"4":5,"5":5,"6":5,"7":5,"8":5,"9":5,"10":5,"11":5,"12":5,"13":500,"14":500,"15":500,"16":365,"17":500,"18":375,"19":5,"20":5,"21":3,"22":3,"23":3,"24":3,"25":3,"26":3,"27":3,"28":3,"29":3,"30":3,"31":303,"32":303,"33":303,"34":3,"35":1,"36":1,"37":1,"38":1,"39":1,"40":1,"41":1,"42":1,"43":1},"f":{"0":1,"1":5,"2":3,"3":1},"b":{"0":[365,135],"1":[375,125]},"_coverageSchema":"1a1c01bbd47fc00a2c39e90264f33305004495a9","hash":"4850eb35ec13347b3906ba924aaf3de20e20b94f","contentHash":"73978cef4d052406aadc512765bef32361d94b5fe1afbd3ed70d8b814b37001d"}}