{"D:\\Master M2\\Stage\\TriDyme\\aec\\calculations\\SectionGeometry\\index.js":{"path":"D:\\Master M2\\Stage\\TriDyme\\aec\\calculations\\SectionGeometry\\index.js","statementMap":{"0":{"start":{"line":1,"column":22},"end":{"line":1,"column":48}},"1":{"start":{"line":2,"column":27},"end":{"line":2,"column":58}},"2":{"start":{"line":3,"column":17},"end":{"line":3,"column":38}},"3":{"start":{"line":4,"column":17},"end":{"line":4,"column":38}},"4":{"start":{"line":5,"column":19},"end":{"line":5,"column":42}},"5":{"start":{"line":6,"column":30},"end":{"line":6,"column":64}},"6":{"start":{"line":8,"column":0},"end":{"line":15,"column":1}}},"fnMap":{},"branchMap":{},"s":{"0":1,"1":1,"2":1,"3":1,"4":1,"5":1,"6":1},"f":{},"b":{},"_coverageSchema":"1a1c01bbd47fc00a2c39e90264f33305004495a9","hash":"7665be1809521c9b010b37a4960bfc95593a5a40","contentHash":"198a780fb193ad5199a4ea42cc015d6439e7e32c8a7ce863c14ca9f0cadf37af"},"D:\\Master M2\\Stage\\TriDyme\\aec\\calculations\\SectionGeometry\\CustomSection.js":{"path":"D:\\Master M2\\Stage\\TriDyme\\aec\\calculations\\SectionGeometry\\CustomSection.js","statementMap":{"0":{"start":{"line":4,"column":4},"end":{"line":4,"column":33}},"1":{"start":{"line":5,"column":4},"end":{"line":5,"column":33}},"2":{"start":{"line":9,"column":21},"end":{"line":9,"column":36}},"3":{"start":{"line":10,"column":21},"end":{"line":10,"column":36}},"4":{"start":{"line":12,"column":20},"end":{"line":12,"column":21}},"5":{"start":{"line":13,"column":6},"end":{"line":16,"column":7}},"6":{"start":{"line":13,"column":19},"end":{"line":13,"column":20}},"7":{"start":{"line":14,"column":22},"end":{"line":14,"column":93}},"8":{"start":{"line":15,"column":8},"end":{"line":15,"column":25}},"9":{"start":{"line":17,"column":20},"end":{"line":17,"column":21}},"10":{"start":{"line":18,"column":6},"end":{"line":21,"column":7}},"11":{"start":{"line":18,"column":19},"end":{"line":18,"column":20}},"12":{"start":{"line":19,"column":22},"end":{"line":19,"column":93}},"13":{"start":{"line":20,"column":8},"end":{"line":20,"column":25}},"14":{"start":{"line":22,"column":17},"end":{"line":22,"column":34}},"15":{"start":{"line":24,"column":6},"end":{"line":24,"column":18}},"16":{"start":{"line":29,"column":19},"end":{"line":29,"column":34}},"17":{"start":{"line":30,"column":19},"end":{"line":30,"column":34}},"18":{"start":{"line":32,"column":15},"end":{"line":32,"column":16}},"19":{"start":{"line":33,"column":4},"end":{"line":36,"column":5}},"20":{"start":{"line":33,"column":17},"end":{"line":33,"column":18}},"21":{"start":{"line":34,"column":17},"end":{"line":34,"column":105}},"22":{"start":{"line":35,"column":6},"end":{"line":35,"column":17}},"23":{"start":{"line":37,"column":15},"end":{"line":37,"column":16}},"24":{"start":{"line":38,"column":4},"end":{"line":41,"column":5}},"25":{"start":{"line":38,"column":17},"end":{"line":38,"column":18}},"26":{"start":{"line":39,"column":17},"end":{"line":39,"column":105}},"27":{"start":{"line":40,"column":6},"end":{"line":40,"column":17}},"28":{"start":{"line":44,"column":4},"end":{"line":47,"column":6}},"29":{"start":{"line":51,"column":19},"end":{"line":51,"column":34}},"30":{"start":{"line":52,"column":19},"end":{"line":52,"column":34}},"31":{"start":{"line":53,"column":17},"end":{"line":53,"column":26}},"32":{"start":{"line":55,"column":16},"end":{"line":55,"column":17}},"33":{"start":{"line":56,"column":4},"end":{"line":59,"column":5}},"34":{"start":{"line":56,"column":17},"end":{"line":56,"column":18}},"35":{"start":{"line":57,"column":18},"end":{"line":57,"column":129}},"36":{"start":{"line":58,"column":6},"end":{"line":58,"column":19}},"37":{"start":{"line":60,"column":16},"end":{"line":60,"column":17}},"38":{"start":{"line":61,"column":4},"end":{"line":64,"column":5}},"39":{"start":{"line":61,"column":17},"end":{"line":61,"column":18}},"40":{"start":{"line":62,"column":18},"end":{"line":62,"column":129}},"41":{"start":{"line":63,"column":6},"end":{"line":63,"column":19}},"42":{"start":{"line":65,"column":13},"end":{"line":65,"column":14}},"43":{"start":{"line":66,"column":4},"end":{"line":68,"column":5}},"44":{"start":{"line":67,"column":6},"end":{"line":67,"column":40}},"45":{"start":{"line":70,"column":4},"end":{"line":70,"column":14}},"46":{"start":{"line":74,"column":19},"end":{"line":74,"column":34}},"47":{"start":{"line":75,"column":19},"end":{"line":75,"column":34}},"48":{"start":{"line":76,"column":17},"end":{"line":76,"column":26}},"49":{"start":{"line":78,"column":16},"end":{"line":78,"column":17}},"50":{"start":{"line":79,"column":4},"end":{"line":82,"column":5}},"51":{"start":{"line":79,"column":17},"end":{"line":79,"column":18}},"52":{"start":{"line":80,"column":18},"end":{"line":80,"column":129}},"53":{"start":{"line":81,"column":6},"end":{"line":81,"column":19}},"54":{"start":{"line":83,"column":16},"end":{"line":83,"column":17}},"55":{"start":{"line":84,"column":4},"end":{"line":87,"column":5}},"56":{"start":{"line":84,"column":17},"end":{"line":84,"column":18}},"57":{"start":{"line":85,"column":18},"end":{"line":85,"column":129}},"58":{"start":{"line":86,"column":6},"end":{"line":86,"column":19}},"59":{"start":{"line":88,"column":13},"end":{"line":88,"column":14}},"60":{"start":{"line":89,"column":4},"end":{"line":91,"column":5}},"61":{"start":{"line":90,"column":6},"end":{"line":90,"column":41}},"62":{"start":{"line":93,"column":4},"end":{"line":93,"column":14}},"63":{"start":{"line":97,"column":19},"end":{"line":97,"column":34}},"64":{"start":{"line":98,"column":19},"end":{"line":98,"column":34}},"65":{"start":{"line":99,"column":17},"end":{"line":99,"column":26}},"66":{"start":{"line":100,"column":15},"end":{"line":100,"column":22}},"67":{"start":{"line":102,"column":18},"end":{"line":102,"column":19}},"68":{"start":{"line":103,"column":4},"end":{"line":106,"column":5}},"69":{"start":{"line":103,"column":17},"end":{"line":103,"column":18}},"70":{"start":{"line":104,"column":20},"end":{"line":104,"column":177}},"71":{"start":{"line":105,"column":6},"end":{"line":105,"column":23}},"72":{"start":{"line":107,"column":18},"end":{"line":107,"column":19}},"73":{"start":{"line":108,"column":4},"end":{"line":111,"column":5}},"74":{"start":{"line":108,"column":17},"end":{"line":108,"column":18}},"75":{"start":{"line":109,"column":20},"end":{"line":109,"column":177}},"76":{"start":{"line":110,"column":6},"end":{"line":110,"column":23}},"77":{"start":{"line":112,"column":15},"end":{"line":112,"column":46}},"78":{"start":{"line":113,"column":15},"end":{"line":113,"column":38}},"79":{"start":{"line":118,"column":4},"end":{"line":121,"column":6}},"80":{"start":{"line":125,"column":19},"end":{"line":125,"column":34}},"81":{"start":{"line":126,"column":19},"end":{"line":126,"column":34}},"82":{"start":{"line":127,"column":17},"end":{"line":127,"column":26}},"83":{"start":{"line":128,"column":15},"end":{"line":128,"column":22}},"84":{"start":{"line":130,"column":18},"end":{"line":130,"column":19}},"85":{"start":{"line":131,"column":4},"end":{"line":134,"column":5}},"86":{"start":{"line":131,"column":17},"end":{"line":131,"column":18}},"87":{"start":{"line":132,"column":20},"end":{"line":132,"column":177}},"88":{"start":{"line":133,"column":6},"end":{"line":133,"column":23}},"89":{"start":{"line":135,"column":18},"end":{"line":135,"column":19}},"90":{"start":{"line":136,"column":4},"end":{"line":139,"column":5}},"91":{"start":{"line":136,"column":17},"end":{"line":136,"column":18}},"92":{"start":{"line":137,"column":20},"end":{"line":137,"column":177}},"93":{"start":{"line":138,"column":6},"end":{"line":138,"column":23}},"94":{"start":{"line":140,"column":15},"end":{"line":140,"column":45}},"95":{"start":{"line":141,"column":15},"end":{"line":141,"column":38}},"96":{"start":{"line":146,"column":4},"end":{"line":149,"column":6}},"97":{"start":{"line":153,"column":19},"end":{"line":153,"column":34}},"98":{"start":{"line":154,"column":19},"end":{"line":154,"column":34}},"99":{"start":{"line":155,"column":17},"end":{"line":155,"column":26}},"100":{"start":{"line":156,"column":15},"end":{"line":156,"column":21}},"101":{"start":{"line":157,"column":15},"end":{"line":157,"column":21}},"102":{"start":{"line":159,"column":18},"end":{"line":159,"column":19}},"103":{"start":{"line":160,"column":4},"end":{"line":163,"column":5}},"104":{"start":{"line":160,"column":17},"end":{"line":160,"column":18}},"105":{"start":{"line":161,"column":20},"end":{"line":161,"column":197}},"106":{"start":{"line":162,"column":6},"end":{"line":162,"column":23}},"107":{"start":{"line":164,"column":18},"end":{"line":164,"column":19}},"108":{"start":{"line":165,"column":4},"end":{"line":168,"column":5}},"109":{"start":{"line":165,"column":17},"end":{"line":165,"column":18}},"110":{"start":{"line":166,"column":20},"end":{"line":166,"column":197}},"111":{"start":{"line":167,"column":6},"end":{"line":167,"column":23}},"112":{"start":{"line":169,"column":15},"end":{"line":169,"column":45}},"113":{"start":{"line":170,"column":15},"end":{"line":170,"column":36}},"114":{"start":{"line":175,"column":4},"end":{"line":178,"column":6}},"115":{"start":{"line":182,"column":0},"end":{"line":182,"column":31}}},"fnMap":{"0":{"name":"(anonymous_0)","decl":{"start":{"line":3,"column":2},"end":{"line":3,"column":3}},"loc":{"start":{"line":3,"column":38},"end":{"line":6,"column":3}},"line":3},"1":{"name":"(anonymous_1)","decl":{"start":{"line":8,"column":2},"end":{"line":8,"column":3}},"loc":{"start":{"line":8,"column":13},"end":{"line":26,"column":3}},"line":8},"2":{"name":"(anonymous_2)","decl":{"start":{"line":28,"column":2},"end":{"line":28,"column":3}},"loc":{"start":{"line":28,"column":18},"end":{"line":48,"column":3}},"line":28},"3":{"name":"(anonymous_3)","decl":{"start":{"line":50,"column":2},"end":{"line":50,"column":3}},"loc":{"start":{"line":50,"column":11},"end":{"line":71,"column":3}},"line":50},"4":{"name":"(anonymous_4)","decl":{"start":{"line":73,"column":2},"end":{"line":73,"column":3}},"loc":{"start":{"line":73,"column":11},"end":{"line":94,"column":3}},"line":73},"5":{"name":"(anonymous_5)","decl":{"start":{"line":96,"column":2},"end":{"line":96,"column":3}},"loc":{"start":{"line":96,"column":12},"end":{"line":122,"column":3}},"line":96},"6":{"name":"(anonymous_6)","decl":{"start":{"line":124,"column":2},"end":{"line":124,"column":3}},"loc":{"start":{"line":124,"column":12},"end":{"line":150,"column":3}},"line":124},"7":{"name":"(anonymous_7)","decl":{"start":{"line":152,"column":2},"end":{"line":152,"column":3}},"loc":{"start":{"line":152,"column":12},"end":{"line":179,"column":3}},"line":152}},"branchMap":{"0":{"loc":{"start":{"line":66,"column":4},"end":{"line":68,"column":5}},"type":"if","locations":[{"start":{"line":66,"column":4},"end":{"line":68,"column":5}},{"start":{"line":66,"column":4},"end":{"line":68,"column":5}}],"line":66},"1":{"loc":{"start":{"line":89,"column":4},"end":{"line":91,"column":5}},"type":"if","locations":[{"start":{"line":89,"column":4},"end":{"line":91,"column":5}},{"start":{"line":89,"column":4},"end":{"line":91,"column":5}}],"line":89}},"s":{"0":4,"1":4,"2":8,"3":8,"4":8,"5":8,"6":8,"7":122,"8":122,"9":8,"10":8,"11":8,"12":113,"13":113,"14":8,"15":8,"16":0,"17":0,"18":0,"19":0,"20":0,"21":0,"22":0,"23":0,"24":0,"25":0,"26":0,"27":0,"28":0,"29":3,"30":3,"31":3,"32":3,"33":3,"34":3,"35":57,"36":57,"37":3,"38":3,"39":3,"40":54,"41":54,"42":3,"43":3,"44":3,"45":3,"46":3,"47":3,"48":3,"49":3,"50":3,"51":3,"52":57,"53":57,"54":3,"55":3,"56":3,"57":54,"58":54,"59":3,"60":3,"61":3,"62":3,"63":0,"64":0,"65":0,"66":0,"67":0,"68":0,"69":0,"70":0,"71":0,"72":0,"73":0,"74":0,"75":0,"76":0,"77":0,"78":0,"79":0,"80":0,"81":0,"82":0,"83":0,"84":0,"85":0,"86":0,"87":0,"88":0,"89":0,"90":0,"91":0,"92":0,"93":0,"94":0,"95":0,"96":0,"97":0,"98":0,"99":0,"100":0,"101":0,"102":0,"103":0,"104":0,"105":0,"106":0,"107":0,"108":0,"109":0,"110":0,"111":0,"112":0,"113":0,"114":0,"115":1},"f":{"0":4,"1":8,"2":0,"3":3,"4":3,"5":0,"6":0,"7":0},"b":{"0":[3,0],"1":[3,0]},"_coverageSchema":"1a1c01bbd47fc00a2c39e90264f33305004495a9","hash":"a721427b8e9cf22cb930214e03b5e71519940844","contentHash":"76049b307ca08cf02341dbd3f45a1d1097cec9f6b708f575f11ad1e4133d9cc6"},"D:\\Master M2\\Stage\\TriDyme\\aec\\calculations\\SectionGeometry\\RectangularSection.js":{"path":"D:\\Master M2\\Stage\\TriDyme\\aec\\calculations\\SectionGeometry\\RectangularSection.js","statementMap":{"0":{"start":{"line":1,"column":22},"end":{"line":1,"column":48}},"1":{"start":{"line":5,"column":4},"end":{"line":5,"column":15}},"2":{"start":{"line":6,"column":4},"end":{"line":6,"column":15}},"3":{"start":{"line":10,"column":14},"end":{"line":10,"column":20}},"4":{"start":{"line":11,"column":14},"end":{"line":11,"column":20}},"5":{"start":{"line":12,"column":4},"end":{"line":18,"column":5}},"6":{"start":{"line":22,"column":4},"end":{"line":25,"column":5}},"7":{"start":{"line":29,"column":14},"end":{"line":29,"column":20}},"8":{"start":{"line":30,"column":4},"end":{"line":30,"column":17}},"9":{"start":{"line":34,"column":26},"end":{"line":34,"column":77}},"10":{"start":{"line":35,"column":4},"end":{"line":35,"column":28}},"11":{"start":{"line":39,"column":26},"end":{"line":39,"column":77}},"12":{"start":{"line":40,"column":4},"end":{"line":40,"column":30}},"13":{"start":{"line":44,"column":26},"end":{"line":44,"column":77}},"14":{"start":{"line":45,"column":4},"end":{"line":45,"column":34}},"15":{"start":{"line":49,"column":26},"end":{"line":49,"column":77}},"16":{"start":{"line":50,"column":4},"end":{"line":50,"column":34}},"17":{"start":{"line":54,"column":26},"end":{"line":54,"column":77}},"18":{"start":{"line":55,"column":4},"end":{"line":55,"column":34}},"19":{"start":{"line":59,"column":0},"end":{"line":59,"column":36}}},"fnMap":{"0":{"name":"(anonymous_0)","decl":{"start":{"line":4,"column":2},"end":{"line":4,"column":3}},"loc":{"start":{"line":4,"column":24},"end":{"line":7,"column":3}},"line":4},"1":{"name":"(anonymous_1)","decl":{"start":{"line":9,"column":2},"end":{"line":9,"column":3}},"loc":{"start":{"line":9,"column":19},"end":{"line":19,"column":3}},"line":9},"2":{"name":"(anonymous_2)","decl":{"start":{"line":21,"column":2},"end":{"line":21,"column":3}},"loc":{"start":{"line":21,"column":19},"end":{"line":26,"column":3}},"line":21},"3":{"name":"(anonymous_3)","decl":{"start":{"line":28,"column":2},"end":{"line":28,"column":3}},"loc":{"start":{"line":28,"column":11},"end":{"line":31,"column":3}},"line":28},"4":{"name":"(anonymous_4)","decl":{"start":{"line":33,"column":2},"end":{"line":33,"column":3}},"loc":{"start":{"line":33,"column":11},"end":{"line":36,"column":3}},"line":33},"5":{"name":"(anonymous_5)","decl":{"start":{"line":38,"column":2},"end":{"line":38,"column":3}},"loc":{"start":{"line":38,"column":10},"end":{"line":41,"column":3}},"line":38},"6":{"name":"(anonymous_6)","decl":{"start":{"line":43,"column":2},"end":{"line":43,"column":3}},"loc":{"start":{"line":43,"column":11},"end":{"line":46,"column":3}},"line":43},"7":{"name":"(anonymous_7)","decl":{"start":{"line":48,"column":2},"end":{"line":48,"column":3}},"loc":{"start":{"line":48,"column":11},"end":{"line":51,"column":3}},"line":48},"8":{"name":"(anonymous_8)","decl":{"start":{"line":53,"column":2},"end":{"line":53,"column":3}},"loc":{"start":{"line":53,"column":12},"end":{"line":56,"column":3}},"line":53}},"branchMap":{},"s":{"0":1,"1":0,"2":0,"3":0,"4":0,"5":0,"6":0,"7":0,"8":0,"9":0,"10":0,"11":0,"12":0,"13":0,"14":0,"15":0,"16":0,"17":0,"18":0,"19":1},"f":{"0":0,"1":0,"2":0,"3":0,"4":0,"5":0,"6":0,"7":0,"8":0},"b":{},"_coverageSchema":"1a1c01bbd47fc00a2c39e90264f33305004495a9","hash":"995a9d3fd7acd1dde314f6f1ea31e37db8f0f184","contentHash":"9b33f7ea4bb3509b66e78624641ea9a3b72b68295601e222020ed254c9fc70c1"},"D:\\Master M2\\Stage\\TriDyme\\aec\\calculations\\SectionGeometry\\TSection.js":{"path":"D:\\Master M2\\Stage\\TriDyme\\aec\\calculations\\SectionGeometry\\TSection.js","statementMap":{"0":{"start":{"line":1,"column":22},"end":{"line":1,"column":48}},"1":{"start":{"line":5,"column":4},"end":{"line":5,"column":15}},"2":{"start":{"line":6,"column":4},"end":{"line":6,"column":15}},"3":{"start":{"line":7,"column":4},"end":{"line":7,"column":17}},"4":{"start":{"line":8,"column":4},"end":{"line":8,"column":17}},"5":{"start":{"line":12,"column":14},"end":{"line":12,"column":20}},"6":{"start":{"line":13,"column":14},"end":{"line":13,"column":20}},"7":{"start":{"line":14,"column":15},"end":{"line":14,"column":22}},"8":{"start":{"line":15,"column":15},"end":{"line":15,"column":22}},"9":{"start":{"line":16,"column":4},"end":{"line":26,"column":5}},"10":{"start":{"line":30,"column":4},"end":{"line":33,"column":5}},"11":{"start":{"line":37,"column":26},"end":{"line":37,"column":77}},"12":{"start":{"line":38,"column":4},"end":{"line":38,"column":28}},"13":{"start":{"line":42,"column":26},"end":{"line":42,"column":77}},"14":{"start":{"line":43,"column":4},"end":{"line":43,"column":28}},"15":{"start":{"line":47,"column":26},"end":{"line":47,"column":77}},"16":{"start":{"line":48,"column":4},"end":{"line":48,"column":30}},"17":{"start":{"line":52,"column":26},"end":{"line":52,"column":77}},"18":{"start":{"line":53,"column":4},"end":{"line":53,"column":29}},"19":{"start":{"line":57,"column":26},"end":{"line":57,"column":77}},"20":{"start":{"line":58,"column":4},"end":{"line":58,"column":29}},"21":{"start":{"line":62,"column":26},"end":{"line":62,"column":77}},"22":{"start":{"line":63,"column":4},"end":{"line":63,"column":29}},"23":{"start":{"line":67,"column":0},"end":{"line":67,"column":26}}},"fnMap":{"0":{"name":"(anonymous_0)","decl":{"start":{"line":4,"column":2},"end":{"line":4,"column":3}},"loc":{"start":{"line":4,"column":28},"end":{"line":9,"column":3}},"line":4},"1":{"name":"(anonymous_1)","decl":{"start":{"line":11,"column":2},"end":{"line":11,"column":3}},"loc":{"start":{"line":11,"column":19},"end":{"line":27,"column":3}},"line":11},"2":{"name":"(anonymous_2)","decl":{"start":{"line":29,"column":2},"end":{"line":29,"column":3}},"loc":{"start":{"line":29,"column":19},"end":{"line":34,"column":3}},"line":29},"3":{"name":"(anonymous_3)","decl":{"start":{"line":36,"column":2},"end":{"line":36,"column":3}},"loc":{"start":{"line":36,"column":11},"end":{"line":39,"column":3}},"line":36},"4":{"name":"(anonymous_4)","decl":{"start":{"line":41,"column":2},"end":{"line":41,"column":3}},"loc":{"start":{"line":41,"column":11},"end":{"line":44,"column":3}},"line":41},"5":{"name":"(anonymous_5)","decl":{"start":{"line":46,"column":2},"end":{"line":46,"column":3}},"loc":{"start":{"line":46,"column":13},"end":{"line":49,"column":3}},"line":46},"6":{"name":"(anonymous_6)","decl":{"start":{"line":51,"column":2},"end":{"line":51,"column":3}},"loc":{"start":{"line":51,"column":12},"end":{"line":54,"column":3}},"line":51},"7":{"name":"(anonymous_7)","decl":{"start":{"line":56,"column":2},"end":{"line":56,"column":3}},"loc":{"start":{"line":56,"column":12},"end":{"line":59,"column":3}},"line":56},"8":{"name":"(anonymous_8)","decl":{"start":{"line":61,"column":2},"end":{"line":61,"column":3}},"loc":{"start":{"line":61,"column":12},"end":{"line":64,"column":3}},"line":61}},"branchMap":{},"s":{"0":1,"1":0,"2":0,"3":0,"4":0,"5":0,"6":0,"7":0,"8":0,"9":0,"10":0,"11":0,"12":0,"13":0,"14":0,"15":0,"16":0,"17":0,"18":0,"19":0,"20":0,"21":0,"22":0,"23":1},"f":{"0":0,"1":0,"2":0,"3":0,"4":0,"5":0,"6":0,"7":0,"8":0},"b":{},"_coverageSchema":"1a1c01bbd47fc00a2c39e90264f33305004495a9","hash":"6a93a95d5bfe92b6b4ee450ad14fa2428e001e72","contentHash":"fc5afbadf7cafa5ed581aff981bcad56c1b3dfef7fafc2a015dcf319f7e85f17"},"D:\\Master M2\\Stage\\TriDyme\\aec\\calculations\\SectionGeometry\\ISection.js":{"path":"D:\\Master M2\\Stage\\TriDyme\\aec\\calculations\\SectionGeometry\\ISection.js","statementMap":{"0":{"start":{"line":1,"column":22},"end":{"line":1,"column":48}},"1":{"start":{"line":5,"column":4},"end":{"line":5,"column":17}},"2":{"start":{"line":6,"column":2},"end":{"line":6,"column":15}},"3":{"start":{"line":7,"column":2},"end":{"line":7,"column":13}},"4":{"start":{"line":8,"column":2},"end":{"line":8,"column":13}},"5":{"start":{"line":9,"column":2},"end":{"line":9,"column":13}},"6":{"start":{"line":13,"column":13},"end":{"line":13,"column":28}},"7":{"start":{"line":14,"column":13},"end":{"line":14,"column":28}},"8":{"start":{"line":15,"column":12},"end":{"line":15,"column":26}},"9":{"start":{"line":16,"column":12},"end":{"line":16,"column":26}},"10":{"start":{"line":17,"column":12},"end":{"line":17,"column":26}},"11":{"start":{"line":18,"column":4},"end":{"line":33,"column":4}},"12":{"start":{"line":37,"column":13},"end":{"line":37,"column":28}},"13":{"start":{"line":38,"column":13},"end":{"line":38,"column":28}},"14":{"start":{"line":39,"column":12},"end":{"line":39,"column":26}},"15":{"start":{"line":40,"column":12},"end":{"line":40,"column":26}},"16":{"start":{"line":41,"column":12},"end":{"line":41,"column":26}},"17":{"start":{"line":42,"column":4},"end":{"line":45,"column":4}},"18":{"start":{"line":49,"column":4},"end":{"line":49,"column":13}},"19":{"start":{"line":53,"column":12},"end":{"line":53,"column":26}},"20":{"start":{"line":54,"column":14},"end":{"line":54,"column":28}},"21":{"start":{"line":55,"column":4},"end":{"line":55,"column":27}},"22":{"start":{"line":59,"column":13},"end":{"line":59,"column":28}},"23":{"start":{"line":60,"column":13},"end":{"line":60,"column":28}},"24":{"start":{"line":61,"column":12},"end":{"line":61,"column":26}},"25":{"start":{"line":62,"column":12},"end":{"line":62,"column":26}},"26":{"start":{"line":63,"column":12},"end":{"line":63,"column":26}},"27":{"start":{"line":64,"column":4},"end":{"line":64,"column":78}},"28":{"start":{"line":68,"column":13},"end":{"line":68,"column":28}},"29":{"start":{"line":69,"column":13},"end":{"line":69,"column":28}},"30":{"start":{"line":70,"column":12},"end":{"line":70,"column":26}},"31":{"start":{"line":71,"column":12},"end":{"line":71,"column":26}},"32":{"start":{"line":72,"column":12},"end":{"line":72,"column":26}},"33":{"start":{"line":73,"column":4},"end":{"line":73,"column":111}},"34":{"start":{"line":77,"column":13},"end":{"line":77,"column":28}},"35":{"start":{"line":78,"column":13},"end":{"line":78,"column":28}},"36":{"start":{"line":79,"column":12},"end":{"line":79,"column":26}},"37":{"start":{"line":80,"column":12},"end":{"line":80,"column":26}},"38":{"start":{"line":81,"column":12},"end":{"line":81,"column":26}},"39":{"start":{"line":82,"column":4},"end":{"line":82,"column":90}},"40":{"start":{"line":86,"column":13},"end":{"line":86,"column":28}},"41":{"start":{"line":87,"column":13},"end":{"line":87,"column":28}},"42":{"start":{"line":88,"column":12},"end":{"line":88,"column":26}},"43":{"start":{"line":89,"column":12},"end":{"line":89,"column":26}},"44":{"start":{"line":90,"column":12},"end":{"line":90,"column":26}},"45":{"start":{"line":91,"column":4},"end":{"line":91,"column":99}},"46":{"start":{"line":95,"column":26},"end":{"line":95,"column":77}},"47":{"start":{"line":96,"column":4},"end":{"line":96,"column":34}},"48":{"start":{"line":100,"column":13},"end":{"line":100,"column":28}},"49":{"start":{"line":101,"column":13},"end":{"line":101,"column":28}},"50":{"start":{"line":102,"column":12},"end":{"line":102,"column":26}},"51":{"start":{"line":103,"column":12},"end":{"line":103,"column":26}},"52":{"start":{"line":104,"column":12},"end":{"line":104,"column":26}},"53":{"start":{"line":105,"column":4},"end":{"line":105,"column":98}},"54":{"start":{"line":109,"column":13},"end":{"line":109,"column":28}},"55":{"start":{"line":110,"column":13},"end":{"line":110,"column":28}},"56":{"start":{"line":111,"column":12},"end":{"line":111,"column":26}},"57":{"start":{"line":112,"column":12},"end":{"line":112,"column":26}},"58":{"start":{"line":113,"column":12},"end":{"line":113,"column":26}},"59":{"start":{"line":114,"column":4},"end":{"line":114,"column":117}},"60":{"start":{"line":118,"column":13},"end":{"line":118,"column":28}},"61":{"start":{"line":119,"column":13},"end":{"line":119,"column":28}},"62":{"start":{"line":120,"column":12},"end":{"line":120,"column":26}},"63":{"start":{"line":121,"column":12},"end":{"line":121,"column":26}},"64":{"start":{"line":122,"column":12},"end":{"line":122,"column":26}},"65":{"start":{"line":123,"column":4},"end":{"line":123,"column":105}},"66":{"start":{"line":127,"column":13},"end":{"line":127,"column":28}},"67":{"start":{"line":128,"column":13},"end":{"line":128,"column":28}},"68":{"start":{"line":129,"column":12},"end":{"line":129,"column":26}},"69":{"start":{"line":130,"column":12},"end":{"line":130,"column":26}},"70":{"start":{"line":131,"column":12},"end":{"line":131,"column":26}},"71":{"start":{"line":132,"column":4},"end":{"line":132,"column":114}},"72":{"start":{"line":136,"column":13},"end":{"line":136,"column":28}},"73":{"start":{"line":137,"column":13},"end":{"line":137,"column":28}},"74":{"start":{"line":138,"column":12},"end":{"line":138,"column":26}},"75":{"start":{"line":139,"column":12},"end":{"line":139,"column":26}},"76":{"start":{"line":140,"column":12},"end":{"line":140,"column":26}},"77":{"start":{"line":141,"column":4},"end":{"line":141,"column":88}},"78":{"start":{"line":145,"column":13},"end":{"line":145,"column":28}},"79":{"start":{"line":146,"column":13},"end":{"line":146,"column":28}},"80":{"start":{"line":147,"column":12},"end":{"line":147,"column":26}},"81":{"start":{"line":148,"column":12},"end":{"line":148,"column":26}},"82":{"start":{"line":149,"column":12},"end":{"line":149,"column":26}},"83":{"start":{"line":150,"column":4},"end":{"line":150,"column":96}},"84":{"start":{"line":154,"column":0},"end":{"line":154,"column":26}}},"fnMap":{"0":{"name":"(anonymous_0)","decl":{"start":{"line":4,"column":2},"end":{"line":4,"column":3}},"loc":{"start":{"line":4,"column":35},"end":{"line":10,"column":3}},"line":4},"1":{"name":"(anonymous_1)","decl":{"start":{"line":12,"column":2},"end":{"line":12,"column":3}},"loc":{"start":{"line":12,"column":19},"end":{"line":34,"column":3}},"line":12},"2":{"name":"(anonymous_2)","decl":{"start":{"line":36,"column":2},"end":{"line":36,"column":3}},"loc":{"start":{"line":36,"column":19},"end":{"line":46,"column":3}},"line":36},"3":{"name":"(anonymous_3)","decl":{"start":{"line":48,"column":2},"end":{"line":48,"column":3}},"loc":{"start":{"line":48,"column":11},"end":{"line":50,"column":3}},"line":48},"4":{"name":"(anonymous_4)","decl":{"start":{"line":52,"column":2},"end":{"line":52,"column":3}},"loc":{"start":{"line":52,"column":11},"end":{"line":56,"column":3}},"line":52},"5":{"name":"(anonymous_5)","decl":{"start":{"line":58,"column":2},"end":{"line":58,"column":3}},"loc":{"start":{"line":58,"column":10},"end":{"line":65,"column":3}},"line":58},"6":{"name":"(anonymous_6)","decl":{"start":{"line":67,"column":2},"end":{"line":67,"column":3}},"loc":{"start":{"line":67,"column":11},"end":{"line":74,"column":3}},"line":67},"7":{"name":"(anonymous_7)","decl":{"start":{"line":76,"column":2},"end":{"line":76,"column":3}},"loc":{"start":{"line":76,"column":11},"end":{"line":83,"column":3}},"line":76},"8":{"name":"(anonymous_8)","decl":{"start":{"line":85,"column":2},"end":{"line":85,"column":3}},"loc":{"start":{"line":85,"column":11},"end":{"line":92,"column":3}},"line":85},"9":{"name":"(anonymous_9)","decl":{"start":{"line":94,"column":2},"end":{"line":94,"column":3}},"loc":{"start":{"line":94,"column":12},"end":{"line":97,"column":2}},"line":94},"10":{"name":"(anonymous_10)","decl":{"start":{"line":99,"column":1},"end":{"line":99,"column":2}},"loc":{"start":{"line":99,"column":10},"end":{"line":106,"column":3}},"line":99},"11":{"name":"(anonymous_11)","decl":{"start":{"line":108,"column":1},"end":{"line":108,"column":2}},"loc":{"start":{"line":108,"column":10},"end":{"line":115,"column":2}},"line":108},"12":{"name":"(anonymous_12)","decl":{"start":{"line":117,"column":2},"end":{"line":117,"column":3}},"loc":{"start":{"line":117,"column":13},"end":{"line":124,"column":3}},"line":117},"13":{"name":"(anonymous_13)","decl":{"start":{"line":126,"column":2},"end":{"line":126,"column":3}},"loc":{"start":{"line":126,"column":13},"end":{"line":133,"column":3}},"line":126},"14":{"name":"(anonymous_14)","decl":{"start":{"line":135,"column":2},"end":{"line":135,"column":3}},"loc":{"start":{"line":135,"column":13},"end":{"line":142,"column":3}},"line":135},"15":{"name":"(anonymous_15)","decl":{"start":{"line":144,"column":2},"end":{"line":144,"column":3}},"loc":{"start":{"line":144,"column":13},"end":{"line":151,"column":3}},"line":144}},"branchMap":{},"s":{"0":1,"1":0,"2":0,"3":0,"4":0,"5":0,"6":0,"7":0,"8":0,"9":0,"10":0,"11":0,"12":0,"13":0,"14":0,"15":0,"16":0,"17":0,"18":0,"19":0,"20":0,"21":0,"22":0,"23":0,"24":0,"25":0,"26":0,"27":0,"28":0,"29":0,"30":0,"31":0,"32":0,"33":0,"34":0,"35":0,"36":0,"37":0,"38":0,"39":0,"40":0,"41":0,"42":0,"43":0,"44":0,"45":0,"46":0,"47":0,"48":0,"49":0,"50":0,"51":0,"52":0,"53":0,"54":0,"55":0,"56":0,"57":0,"58":0,"59":0,"60":0,"61":0,"62":0,"63":0,"64":0,"65":0,"66":0,"67":0,"68":0,"69":0,"70":0,"71":0,"72":0,"73":0,"74":0,"75":0,"76":0,"77":0,"78":0,"79":0,"80":0,"81":0,"82":0,"83":0,"84":1},"f":{"0":0,"1":0,"2":0,"3":0,"4":0,"5":0,"6":0,"7":0,"8":0,"9":0,"10":0,"11":0,"12":0,"13":0,"14":0,"15":0},"b":{},"_coverageSchema":"1a1c01bbd47fc00a2c39e90264f33305004495a9","hash":"f8d7e594f4276bddc36adc3bb090c6c474a9af9f","contentHash":"e5a562b49e95da9eaccd7b148225c92abe2024eec5d4005f7e77f8450980881e"},"D:\\Master M2\\Stage\\TriDyme\\aec\\calculations\\SectionGeometry\\BoxSection.js":{"path":"D:\\Master M2\\Stage\\TriDyme\\aec\\calculations\\SectionGeometry\\BoxSection.js","statementMap":{"0":{"start":{"line":1,"column":22},"end":{"line":1,"column":48}},"1":{"start":{"line":5,"column":2},"end":{"line":5,"column":15}},"2":{"start":{"line":6,"column":2},"end":{"line":6,"column":15}},"3":{"start":{"line":7,"column":2},"end":{"line":7,"column":13}},"4":{"start":{"line":8,"column":2},"end":{"line":8,"column":13}},"5":{"start":{"line":9,"column":2},"end":{"line":9,"column":13}},"6":{"start":{"line":10,"column":2},"end":{"line":10,"column":13}},"7":{"start":{"line":14,"column":13},"end":{"line":14,"column":28}},"8":{"start":{"line":15,"column":13},"end":{"line":15,"column":28}},"9":{"start":{"line":16,"column":12},"end":{"line":16,"column":26}},"10":{"start":{"line":17,"column":12},"end":{"line":17,"column":26}},"11":{"start":{"line":18,"column":12},"end":{"line":18,"column":26}},"12":{"start":{"line":19,"column":12},"end":{"line":19,"column":26}},"13":{"start":{"line":20,"column":2},"end":{"line":35,"column":4}},"14":{"start":{"line":39,"column":13},"end":{"line":39,"column":28}},"15":{"start":{"line":40,"column":13},"end":{"line":40,"column":28}},"16":{"start":{"line":41,"column":12},"end":{"line":41,"column":26}},"17":{"start":{"line":42,"column":12},"end":{"line":42,"column":26}},"18":{"start":{"line":43,"column":12},"end":{"line":43,"column":26}},"19":{"start":{"line":44,"column":12},"end":{"line":44,"column":26}},"20":{"start":{"line":45,"column":2},"end":{"line":52,"column":4}},"21":{"start":{"line":56,"column":2},"end":{"line":56,"column":11}},"22":{"start":{"line":60,"column":12},"end":{"line":60,"column":26}},"23":{"start":{"line":61,"column":12},"end":{"line":61,"column":26}},"24":{"start":{"line":62,"column":2},"end":{"line":62,"column":25}},"25":{"start":{"line":66,"column":13},"end":{"line":66,"column":28}},"26":{"start":{"line":67,"column":13},"end":{"line":67,"column":28}},"27":{"start":{"line":68,"column":12},"end":{"line":68,"column":26}},"28":{"start":{"line":69,"column":12},"end":{"line":69,"column":26}},"29":{"start":{"line":70,"column":12},"end":{"line":70,"column":26}},"30":{"start":{"line":71,"column":12},"end":{"line":71,"column":26}},"31":{"start":{"line":72,"column":2},"end":{"line":72,"column":80}},"32":{"start":{"line":76,"column":13},"end":{"line":76,"column":28}},"33":{"start":{"line":77,"column":13},"end":{"line":77,"column":28}},"34":{"start":{"line":78,"column":12},"end":{"line":78,"column":26}},"35":{"start":{"line":79,"column":12},"end":{"line":79,"column":26}},"36":{"start":{"line":80,"column":12},"end":{"line":80,"column":26}},"37":{"start":{"line":81,"column":12},"end":{"line":81,"column":26}},"38":{"start":{"line":82,"column":2},"end":{"line":82,"column":113}},"39":{"start":{"line":86,"column":13},"end":{"line":86,"column":28}},"40":{"start":{"line":87,"column":13},"end":{"line":87,"column":28}},"41":{"start":{"line":88,"column":12},"end":{"line":88,"column":26}},"42":{"start":{"line":89,"column":12},"end":{"line":89,"column":26}},"43":{"start":{"line":90,"column":12},"end":{"line":90,"column":26}},"44":{"start":{"line":91,"column":12},"end":{"line":91,"column":26}},"45":{"start":{"line":92,"column":2},"end":{"line":92,"column":101}},"46":{"start":{"line":96,"column":13},"end":{"line":96,"column":28}},"47":{"start":{"line":97,"column":13},"end":{"line":97,"column":28}},"48":{"start":{"line":98,"column":12},"end":{"line":98,"column":26}},"49":{"start":{"line":99,"column":12},"end":{"line":99,"column":26}},"50":{"start":{"line":100,"column":12},"end":{"line":100,"column":26}},"51":{"start":{"line":101,"column":12},"end":{"line":101,"column":26}},"52":{"start":{"line":102,"column":2},"end":{"line":102,"column":158}},"53":{"start":{"line":106,"column":24},"end":{"line":106,"column":75}},"54":{"start":{"line":107,"column":2},"end":{"line":107,"column":32}},"55":{"start":{"line":111,"column":13},"end":{"line":111,"column":28}},"56":{"start":{"line":112,"column":13},"end":{"line":112,"column":28}},"57":{"start":{"line":113,"column":12},"end":{"line":113,"column":26}},"58":{"start":{"line":114,"column":12},"end":{"line":114,"column":26}},"59":{"start":{"line":115,"column":12},"end":{"line":115,"column":26}},"60":{"start":{"line":116,"column":12},"end":{"line":116,"column":26}},"61":{"start":{"line":117,"column":2},"end":{"line":117,"column":131}},"62":{"start":{"line":121,"column":13},"end":{"line":121,"column":28}},"63":{"start":{"line":122,"column":13},"end":{"line":122,"column":28}},"64":{"start":{"line":123,"column":12},"end":{"line":123,"column":26}},"65":{"start":{"line":124,"column":12},"end":{"line":124,"column":26}},"66":{"start":{"line":125,"column":12},"end":{"line":125,"column":26}},"67":{"start":{"line":126,"column":12},"end":{"line":126,"column":26}},"68":{"start":{"line":127,"column":2},"end":{"line":127,"column":132}},"69":{"start":{"line":131,"column":13},"end":{"line":131,"column":28}},"70":{"start":{"line":132,"column":13},"end":{"line":132,"column":28}},"71":{"start":{"line":133,"column":12},"end":{"line":133,"column":26}},"72":{"start":{"line":134,"column":12},"end":{"line":134,"column":26}},"73":{"start":{"line":135,"column":12},"end":{"line":135,"column":26}},"74":{"start":{"line":136,"column":12},"end":{"line":136,"column":26}},"75":{"start":{"line":137,"column":2},"end":{"line":137,"column":121}},"76":{"start":{"line":141,"column":13},"end":{"line":141,"column":28}},"77":{"start":{"line":142,"column":13},"end":{"line":142,"column":28}},"78":{"start":{"line":143,"column":12},"end":{"line":143,"column":26}},"79":{"start":{"line":144,"column":12},"end":{"line":144,"column":26}},"80":{"start":{"line":145,"column":12},"end":{"line":145,"column":26}},"81":{"start":{"line":146,"column":12},"end":{"line":146,"column":26}},"82":{"start":{"line":147,"column":2},"end":{"line":147,"column":178}},"83":{"start":{"line":151,"column":13},"end":{"line":151,"column":28}},"84":{"start":{"line":152,"column":13},"end":{"line":152,"column":28}},"85":{"start":{"line":153,"column":12},"end":{"line":153,"column":26}},"86":{"start":{"line":154,"column":12},"end":{"line":154,"column":26}},"87":{"start":{"line":155,"column":12},"end":{"line":155,"column":26}},"88":{"start":{"line":156,"column":12},"end":{"line":156,"column":26}},"89":{"start":{"line":157,"column":2},"end":{"line":157,"column":94}},"90":{"start":{"line":161,"column":13},"end":{"line":161,"column":28}},"91":{"start":{"line":162,"column":13},"end":{"line":162,"column":28}},"92":{"start":{"line":163,"column":12},"end":{"line":163,"column":26}},"93":{"start":{"line":164,"column":12},"end":{"line":164,"column":26}},"94":{"start":{"line":165,"column":12},"end":{"line":165,"column":26}},"95":{"start":{"line":166,"column":12},"end":{"line":166,"column":26}},"96":{"start":{"line":167,"column":2},"end":{"line":167,"column":94}},"97":{"start":{"line":171,"column":0},"end":{"line":171,"column":28}}},"fnMap":{"0":{"name":"(anonymous_0)","decl":{"start":{"line":4,"column":1},"end":{"line":4,"column":2}},"loc":{"start":{"line":4,"column":37},"end":{"line":11,"column":2}},"line":4},"1":{"name":"(anonymous_1)","decl":{"start":{"line":13,"column":1},"end":{"line":13,"column":2}},"loc":{"start":{"line":13,"column":18},"end":{"line":36,"column":2}},"line":13},"2":{"name":"(anonymous_2)","decl":{"start":{"line":38,"column":1},"end":{"line":38,"column":2}},"loc":{"start":{"line":38,"column":18},"end":{"line":53,"column":2}},"line":38},"3":{"name":"(anonymous_3)","decl":{"start":{"line":55,"column":1},"end":{"line":55,"column":2}},"loc":{"start":{"line":55,"column":10},"end":{"line":57,"column":2}},"line":55},"4":{"name":"(anonymous_4)","decl":{"start":{"line":59,"column":1},"end":{"line":59,"column":2}},"loc":{"start":{"line":59,"column":10},"end":{"line":63,"column":2}},"line":59},"5":{"name":"(anonymous_5)","decl":{"start":{"line":65,"column":1},"end":{"line":65,"column":2}},"loc":{"start":{"line":65,"column":9},"end":{"line":73,"column":2}},"line":65},"6":{"name":"(anonymous_6)","decl":{"start":{"line":75,"column":1},"end":{"line":75,"column":2}},"loc":{"start":{"line":75,"column":10},"end":{"line":83,"column":2}},"line":75},"7":{"name":"(anonymous_7)","decl":{"start":{"line":85,"column":1},"end":{"line":85,"column":2}},"loc":{"start":{"line":85,"column":10},"end":{"line":93,"column":2}},"line":85},"8":{"name":"(anonymous_8)","decl":{"start":{"line":95,"column":1},"end":{"line":95,"column":2}},"loc":{"start":{"line":95,"column":10},"end":{"line":103,"column":2}},"line":95},"9":{"name":"(anonymous_9)","decl":{"start":{"line":105,"column":1},"end":{"line":105,"column":2}},"loc":{"start":{"line":105,"column":11},"end":{"line":108,"column":2}},"line":105},"10":{"name":"(anonymous_10)","decl":{"start":{"line":110,"column":1},"end":{"line":110,"column":2}},"loc":{"start":{"line":110,"column":10},"end":{"line":118,"column":2}},"line":110},"11":{"name":"(anonymous_11)","decl":{"start":{"line":120,"column":1},"end":{"line":120,"column":2}},"loc":{"start":{"line":120,"column":10},"end":{"line":128,"column":2}},"line":120},"12":{"name":"(anonymous_12)","decl":{"start":{"line":130,"column":1},"end":{"line":130,"column":2}},"loc":{"start":{"line":130,"column":12},"end":{"line":138,"column":2}},"line":130},"13":{"name":"(anonymous_13)","decl":{"start":{"line":140,"column":1},"end":{"line":140,"column":2}},"loc":{"start":{"line":140,"column":12},"end":{"line":148,"column":2}},"line":140},"14":{"name":"(anonymous_14)","decl":{"start":{"line":150,"column":1},"end":{"line":150,"column":2}},"loc":{"start":{"line":150,"column":12},"end":{"line":158,"column":2}},"line":150},"15":{"name":"(anonymous_15)","decl":{"start":{"line":160,"column":1},"end":{"line":160,"column":2}},"loc":{"start":{"line":160,"column":12},"end":{"line":168,"column":2}},"line":160}},"branchMap":{},"s":{"0":1,"1":2,"2":2,"3":2,"4":2,"5":2,"6":2,"7":0,"8":0,"9":0,"10":0,"11":0,"12":0,"13":0,"14":0,"15":0,"16":0,"17":0,"18":0,"19":0,"20":0,"21":2,"22":2,"23":2,"24":2,"25":2,"26":2,"27":2,"28":2,"29":2,"30":2,"31":2,"32":2,"33":2,"34":2,"35":2,"36":2,"37":2,"38":2,"39":2,"40":2,"41":2,"42":2,"43":2,"44":2,"45":2,"46":2,"47":2,"48":2,"49":2,"50":2,"51":2,"52":2,"53":0,"54":0,"55":2,"56":2,"57":2,"58":2,"59":2,"60":2,"61":2,"62":2,"63":2,"64":2,"65":2,"66":2,"67":2,"68":2,"69":2,"70":2,"71":2,"72":2,"73":2,"74":2,"75":2,"76":2,"77":2,"78":2,"79":2,"80":2,"81":2,"82":2,"83":2,"84":2,"85":2,"86":2,"87":2,"88":2,"89":2,"90":2,"91":2,"92":2,"93":2,"94":2,"95":2,"96":2,"97":1},"f":{"0":2,"1":0,"2":0,"3":2,"4":2,"5":2,"6":2,"7":2,"8":2,"9":0,"10":2,"11":2,"12":2,"13":2,"14":2,"15":2},"b":{},"_coverageSchema":"1a1c01bbd47fc00a2c39e90264f33305004495a9","hash":"d45a89dac5051d1337d2eb6ef3a87395f70c5be5","contentHash":"a90c6021e05c9ececcfaac50deb5cbe009a5e66fb53b058bf3f31c1bc30a8d00"},"D:\\Master M2\\Stage\\TriDyme\\aec\\calculations\\SectionGeometry\\CircularHollowSection.js":{"path":"D:\\Master M2\\Stage\\TriDyme\\aec\\calculations\\SectionGeometry\\CircularHollowSection.js","statementMap":{"0":{"start":{"line":1,"column":22},"end":{"line":1,"column":48}},"1":{"start":{"line":5,"column":4},"end":{"line":5,"column":15}},"2":{"start":{"line":6,"column":4},"end":{"line":6,"column":15}},"3":{"start":{"line":10,"column":4},"end":{"line":26,"column":5}},"4":{"start":{"line":30,"column":12},"end":{"line":30,"column":26}},"5":{"start":{"line":31,"column":12},"end":{"line":31,"column":26}},"6":{"start":{"line":32,"column":17},"end":{"line":32,"column":19}},"7":{"start":{"line":33,"column":2},"end":{"line":37,"column":3}},"8":{"start":{"line":33,"column":15},"end":{"line":33,"column":16}},"9":{"start":{"line":34,"column":16},"end":{"line":34,"column":54}},"10":{"start":{"line":35,"column":16},"end":{"line":35,"column":54}},"11":{"start":{"line":36,"column":3},"end":{"line":36,"column":37}},"12":{"start":{"line":38,"column":4},"end":{"line":38,"column":18}},"13":{"start":{"line":42,"column":12},"end":{"line":42,"column":26}},"14":{"start":{"line":43,"column":12},"end":{"line":43,"column":26}},"15":{"start":{"line":44,"column":17},"end":{"line":44,"column":19}},"16":{"start":{"line":45,"column":2},"end":{"line":49,"column":3}},"17":{"start":{"line":45,"column":15},"end":{"line":45,"column":16}},"18":{"start":{"line":46,"column":16},"end":{"line":46,"column":60}},"19":{"start":{"line":47,"column":16},"end":{"line":47,"column":60}},"20":{"start":{"line":48,"column":3},"end":{"line":48,"column":37}},"21":{"start":{"line":50,"column":4},"end":{"line":50,"column":18}},"22":{"start":{"line":54,"column":26},"end":{"line":54,"column":77}},"23":{"start":{"line":55,"column":4},"end":{"line":55,"column":28}},"24":{"start":{"line":59,"column":26},"end":{"line":59,"column":77}},"25":{"start":{"line":60,"column":4},"end":{"line":60,"column":28}},"26":{"start":{"line":64,"column":14},"end":{"line":64,"column":28}},"27":{"start":{"line":65,"column":14},"end":{"line":65,"column":28}},"28":{"start":{"line":66,"column":15},"end":{"line":66,"column":22}},"29":{"start":{"line":68,"column":4},"end":{"line":68,"column":38}},"30":{"start":{"line":72,"column":14},"end":{"line":72,"column":20}},"31":{"start":{"line":73,"column":15},"end":{"line":73,"column":22}},"32":{"start":{"line":75,"column":4},"end":{"line":75,"column":18}},"33":{"start":{"line":79,"column":14},"end":{"line":79,"column":20}},"34":{"start":{"line":80,"column":14},"end":{"line":80,"column":20}},"35":{"start":{"line":81,"column":15},"end":{"line":81,"column":22}},"36":{"start":{"line":83,"column":4},"end":{"line":83,"column":40}},"37":{"start":{"line":87,"column":14},"end":{"line":87,"column":20}},"38":{"start":{"line":88,"column":14},"end":{"line":88,"column":20}},"39":{"start":{"line":89,"column":15},"end":{"line":89,"column":22}},"40":{"start":{"line":91,"column":4},"end":{"line":91,"column":40}},"41":{"start":{"line":95,"column":14},"end":{"line":95,"column":20}},"42":{"start":{"line":96,"column":14},"end":{"line":96,"column":20}},"43":{"start":{"line":97,"column":15},"end":{"line":97,"column":22}},"44":{"start":{"line":98,"column":4},"end":{"line":98,"column":40}},"45":{"start":{"line":102,"column":14},"end":{"line":102,"column":20}},"46":{"start":{"line":103,"column":14},"end":{"line":103,"column":20}},"47":{"start":{"line":104,"column":15},"end":{"line":104,"column":22}},"48":{"start":{"line":106,"column":4},"end":{"line":106,"column":40}},"49":{"start":{"line":110,"column":4},"end":{"line":110,"column":13}},"50":{"start":{"line":114,"column":15},"end":{"line":114,"column":22}},"51":{"start":{"line":115,"column":14},"end":{"line":115,"column":20}},"52":{"start":{"line":117,"column":4},"end":{"line":117,"column":22}},"53":{"start":{"line":121,"column":15},"end":{"line":121,"column":22}},"54":{"start":{"line":122,"column":14},"end":{"line":122,"column":20}},"55":{"start":{"line":124,"column":4},"end":{"line":124,"column":22}},"56":{"start":{"line":128,"column":14},"end":{"line":128,"column":20}},"57":{"start":{"line":129,"column":14},"end":{"line":129,"column":20}},"58":{"start":{"line":131,"column":4},"end":{"line":131,"column":37}},"59":{"start":{"line":135,"column":14},"end":{"line":135,"column":20}},"60":{"start":{"line":136,"column":14},"end":{"line":136,"column":20}},"61":{"start":{"line":138,"column":4},"end":{"line":138,"column":37}},"62":{"start":{"line":142,"column":0},"end":{"line":142,"column":39}}},"fnMap":{"0":{"name":"(anonymous_0)","decl":{"start":{"line":4,"column":2},"end":{"line":4,"column":3}},"loc":{"start":{"line":4,"column":24},"end":{"line":7,"column":3}},"line":4},"1":{"name":"(anonymous_1)","decl":{"start":{"line":9,"column":2},"end":{"line":9,"column":3}},"loc":{"start":{"line":9,"column":24},"end":{"line":27,"column":3}},"line":9},"2":{"name":"(anonymous_2)","decl":{"start":{"line":29,"column":2},"end":{"line":29,"column":3}},"loc":{"start":{"line":29,"column":19},"end":{"line":39,"column":3}},"line":29},"3":{"name":"(anonymous_3)","decl":{"start":{"line":41,"column":2},"end":{"line":41,"column":3}},"loc":{"start":{"line":41,"column":19},"end":{"line":51,"column":3}},"line":41},"4":{"name":"(anonymous_4)","decl":{"start":{"line":53,"column":2},"end":{"line":53,"column":3}},"loc":{"start":{"line":53,"column":11},"end":{"line":56,"column":3}},"line":53},"5":{"name":"(anonymous_5)","decl":{"start":{"line":58,"column":2},"end":{"line":58,"column":3}},"loc":{"start":{"line":58,"column":11},"end":{"line":61,"column":3}},"line":58},"6":{"name":"(anonymous_6)","decl":{"start":{"line":63,"column":2},"end":{"line":63,"column":3}},"loc":{"start":{"line":63,"column":10},"end":{"line":69,"column":3}},"line":63},"7":{"name":"(anonymous_7)","decl":{"start":{"line":71,"column":2},"end":{"line":71,"column":3}},"loc":{"start":{"line":71,"column":11},"end":{"line":76,"column":3}},"line":71},"8":{"name":"(anonymous_8)","decl":{"start":{"line":78,"column":2},"end":{"line":78,"column":3}},"loc":{"start":{"line":78,"column":11},"end":{"line":84,"column":3}},"line":78},"9":{"name":"(anonymous_9)","decl":{"start":{"line":86,"column":2},"end":{"line":86,"column":3}},"loc":{"start":{"line":86,"column":11},"end":{"line":92,"column":3}},"line":86},"10":{"name":"(anonymous_10)","decl":{"start":{"line":94,"column":2},"end":{"line":94,"column":3}},"loc":{"start":{"line":94,"column":12},"end":{"line":99,"column":3}},"line":94},"11":{"name":"(anonymous_11)","decl":{"start":{"line":101,"column":2},"end":{"line":101,"column":3}},"loc":{"start":{"line":101,"column":11},"end":{"line":107,"column":3}},"line":101},"12":{"name":"(anonymous_12)","decl":{"start":{"line":109,"column":2},"end":{"line":109,"column":3}},"loc":{"start":{"line":109,"column":11},"end":{"line":111,"column":3}},"line":109},"13":{"name":"(anonymous_13)","decl":{"start":{"line":113,"column":2},"end":{"line":113,"column":3}},"loc":{"start":{"line":113,"column":13},"end":{"line":118,"column":3}},"line":113},"14":{"name":"(anonymous_14)","decl":{"start":{"line":120,"column":2},"end":{"line":120,"column":3}},"loc":{"start":{"line":120,"column":13},"end":{"line":125,"column":3}},"line":120},"15":{"name":"(anonymous_15)","decl":{"start":{"line":127,"column":2},"end":{"line":127,"column":3}},"loc":{"start":{"line":127,"column":13},"end":{"line":132,"column":3}},"line":127},"16":{"name":"(anonymous_16)","decl":{"start":{"line":134,"column":2},"end":{"line":134,"column":3}},"loc":{"start":{"line":134,"column":13},"end":{"line":139,"column":3}},"line":134}},"branchMap":{},"s":{"0":1,"1":1,"2":1,"3":0,"4":2,"5":2,"6":2,"7":2,"8":2,"9":100,"10":100,"11":100,"12":2,"13":2,"14":2,"15":2,"16":2,"17":2,"18":100,"19":100,"20":100,"21":2,"22":1,"23":1,"24":1,"25":1,"26":1,"27":1,"28":1,"29":1,"30":0,"31":0,"32":0,"33":0,"34":0,"35":0,"36":0,"37":0,"38":0,"39":0,"40":0,"41":0,"42":0,"43":0,"44":0,"45":0,"46":0,"47":0,"48":0,"49":0,"50":0,"51":0,"52":0,"53":0,"54":0,"55":0,"56":0,"57":0,"58":0,"59":0,"60":0,"61":0,"62":1},"f":{"0":1,"1":0,"2":2,"3":2,"4":1,"5":1,"6":1,"7":0,"8":0,"9":0,"10":0,"11":0,"12":0,"13":0,"14":0,"15":0,"16":0},"b":{},"_coverageSchema":"1a1c01bbd47fc00a2c39e90264f33305004495a9","hash":"7d499aa721326142fa0af70e99e5b21e7a872a79","contentHash":"35b926cf18cf06684ef18af6aba955d469ee609e4f79174600dd36a2120670e5"},"D:\\Master M2\\Stage\\TriDyme\\aec\\calculations\\SteelCalculation\\index.js":{"path":"D:\\Master M2\\Stage\\TriDyme\\aec\\calculations\\SteelCalculation\\index.js","statementMap":{"0":{"start":{"line":1,"column":18},"end":{"line":1,"column":40}},"1":{"start":{"line":3,"column":0},"end":{"line":5,"column":1}}},"fnMap":{},"branchMap":{},"s":{"0":1,"1":1},"f":{},"b":{},"_coverageSchema":"1a1c01bbd47fc00a2c39e90264f33305004495a9","hash":"f18544c8ee561146e5b7ab246a1af12ce06d2468","contentHash":"65c4546dd8bc5a7e0bdac34d585320954ada5a599322170917af60fcc207468d"},"D:\\Master M2\\Stage\\TriDyme\\aec\\calculations\\SteelCalculation\\Eurocode3.js":{"path":"D:\\Master M2\\Stage\\TriDyme\\aec\\calculations\\SteelCalculation\\Eurocode3.js","statementMap":{"0":{"start":{"line":1,"column":24},"end":{"line":1,"column":53}},"1":{"start":{"line":6,"column":4},"end":{"line":6,"column":29}},"2":{"start":{"line":7,"column":4},"end":{"line":7,"column":35}},"3":{"start":{"line":10,"column":4},"end":{"line":10,"column":29}},"4":{"start":{"line":13,"column":4},"end":{"line":13,"column":23}},"5":{"start":{"line":17,"column":21},"end":{"line":17,"column":34}},"6":{"start":{"line":18,"column":24},"end":{"line":18,"column":40}},"7":{"start":{"line":19,"column":21},"end":{"line":19,"column":68}},"8":{"start":{"line":20,"column":4},"end":{"line":33,"column":6}},"9":{"start":{"line":37,"column":4},"end":{"line":87,"column":5}},"10":{"start":{"line":93,"column":9},"end":{"line":93,"column":22}},"11":{"start":{"line":94,"column":19},"end":{"line":94,"column":38}},"12":{"start":{"line":95,"column":24},"end":{"line":95,"column":38}},"13":{"start":{"line":96,"column":24},"end":{"line":96,"column":38}},"14":{"start":{"line":97,"column":4},"end":{"line":120,"column":5}},"15":{"start":{"line":99,"column":8},"end":{"line":99,"column":33}},"16":{"start":{"line":102,"column":8},"end":{"line":102,"column":33}},"17":{"start":{"line":108,"column":12},"end":{"line":108,"column":25}},"18":{"start":{"line":109,"column":21},"end":{"line":109,"column":26}},"19":{"start":{"line":110,"column":8},"end":{"line":116,"column":9}},"20":{"start":{"line":111,"column":10},"end":{"line":111,"column":35}},"21":{"start":{"line":112,"column":15},"end":{"line":116,"column":9}},"22":{"start":{"line":113,"column":10},"end":{"line":113,"column":35}},"23":{"start":{"line":115,"column":10},"end":{"line":115,"column":35}},"24":{"start":{"line":119,"column":8},"end":{"line":119,"column":33}},"25":{"start":{"line":125,"column":27},"end":{"line":125,"column":55}},"26":{"start":{"line":126,"column":4},"end":{"line":144,"column":5}},"27":{"start":{"line":128,"column":8},"end":{"line":128,"column":20}},"28":{"start":{"line":131,"column":8},"end":{"line":131,"column":20}},"29":{"start":{"line":134,"column":8},"end":{"line":134,"column":20}},"30":{"start":{"line":137,"column":8},"end":{"line":137,"column":20}},"31":{"start":{"line":140,"column":8},"end":{"line":140,"column":20}},"32":{"start":{"line":143,"column":8},"end":{"line":143,"column":20}},"33":{"start":{"line":148,"column":27},"end":{"line":148,"column":55}},"34":{"start":{"line":149,"column":4},"end":{"line":167,"column":5}},"35":{"start":{"line":151,"column":8},"end":{"line":151,"column":20}},"36":{"start":{"line":154,"column":8},"end":{"line":154,"column":20}},"37":{"start":{"line":157,"column":8},"end":{"line":157,"column":20}},"38":{"start":{"line":160,"column":8},"end":{"line":160,"column":20}},"39":{"start":{"line":163,"column":8},"end":{"line":163,"column":20}},"40":{"start":{"line":166,"column":8},"end":{"line":166,"column":20}},"41":{"start":{"line":171,"column":15},"end":{"line":171,"column":22}},"42":{"start":{"line":172,"column":17},"end":{"line":172,"column":35}},"43":{"start":{"line":173,"column":15},"end":{"line":173,"column":34}},"44":{"start":{"line":174,"column":15},"end":{"line":174,"column":31}},"45":{"start":{"line":175,"column":16},"end":{"line":175,"column":61}},"46":{"start":{"line":176,"column":4},"end":{"line":176,"column":15}},"47":{"start":{"line":180,"column":15},"end":{"line":180,"column":22}},"48":{"start":{"line":181,"column":17},"end":{"line":181,"column":35}},"49":{"start":{"line":182,"column":15},"end":{"line":182,"column":34}},"50":{"start":{"line":183,"column":15},"end":{"line":183,"column":31}},"51":{"start":{"line":184,"column":16},"end":{"line":184,"column":61}},"52":{"start":{"line":185,"column":4},"end":{"line":185,"column":15}},"53":{"start":{"line":189,"column":14},"end":{"line":189,"column":32}},"54":{"start":{"line":190,"column":16},"end":{"line":190,"column":33}},"55":{"start":{"line":191,"column":17},"end":{"line":191,"column":28}},"56":{"start":{"line":192,"column":4},"end":{"line":192,"column":47}},"57":{"start":{"line":196,"column":14},"end":{"line":196,"column":32}},"58":{"start":{"line":197,"column":16},"end":{"line":197,"column":33}},"59":{"start":{"line":198,"column":17},"end":{"line":198,"column":28}},"60":{"start":{"line":199,"column":4},"end":{"line":199,"column":47}},"61":{"start":{"line":203,"column":19},"end":{"line":203,"column":32}},"62":{"start":{"line":204,"column":20},"end":{"line":204,"column":34}},"63":{"start":{"line":205,"column":4},"end":{"line":205,"column":63}},"64":{"start":{"line":209,"column":19},"end":{"line":209,"column":32}},"65":{"start":{"line":210,"column":20},"end":{"line":210,"column":34}},"66":{"start":{"line":211,"column":4},"end":{"line":211,"column":63}},"67":{"start":{"line":215,"column":17},"end":{"line":215,"column":28}},"68":{"start":{"line":216,"column":20},"end":{"line":216,"column":34}},"69":{"start":{"line":217,"column":16},"end":{"line":217,"column":30}},"70":{"start":{"line":218,"column":4},"end":{"line":222,"column":5}},"71":{"start":{"line":219,"column":6},"end":{"line":219,"column":78}},"72":{"start":{"line":221,"column":6},"end":{"line":221,"column":15}},"73":{"start":{"line":226,"column":17},"end":{"line":226,"column":28}},"74":{"start":{"line":227,"column":20},"end":{"line":227,"column":34}},"75":{"start":{"line":228,"column":16},"end":{"line":228,"column":30}},"76":{"start":{"line":229,"column":4},"end":{"line":233,"column":5}},"77":{"start":{"line":230,"column":6},"end":{"line":230,"column":78}},"78":{"start":{"line":232,"column":6},"end":{"line":232,"column":15}},"79":{"start":{"line":238,"column":28},"end":{"line":238,"column":57}},"80":{"start":{"line":239,"column":4},"end":{"line":257,"column":5}},"81":{"start":{"line":241,"column":8},"end":{"line":241,"column":20}},"82":{"start":{"line":244,"column":8},"end":{"line":244,"column":20}},"83":{"start":{"line":247,"column":8},"end":{"line":247,"column":20}},"84":{"start":{"line":250,"column":8},"end":{"line":250,"column":20}},"85":{"start":{"line":253,"column":8},"end":{"line":253,"column":20}},"86":{"start":{"line":256,"column":8},"end":{"line":256,"column":20}},"87":{"start":{"line":261,"column":14},"end":{"line":261,"column":29}},"88":{"start":{"line":262,"column":15},"end":{"line":262,"column":31}},"89":{"start":{"line":263,"column":14},"end":{"line":263,"column":29}},"90":{"start":{"line":264,"column":15},"end":{"line":264,"column":34}},"91":{"start":{"line":265,"column":15},"end":{"line":265,"column":34}},"92":{"start":{"line":266,"column":15},"end":{"line":266,"column":34}},"93":{"start":{"line":267,"column":24},"end":{"line":267,"column":40}},"94":{"start":{"line":268,"column":15},"end":{"line":268,"column":31}},"95":{"start":{"line":269,"column":15},"end":{"line":269,"column":31}},"96":{"start":{"line":270,"column":4},"end":{"line":275,"column":5}},"97":{"start":{"line":271,"column":17},"end":{"line":271,"column":36}},"98":{"start":{"line":272,"column":6},"end":{"line":272,"column":168}},"99":{"start":{"line":274,"column":6},"end":{"line":274,"column":15}},"100":{"start":{"line":279,"column":16},"end":{"line":279,"column":33}},"101":{"start":{"line":280,"column":17},"end":{"line":280,"column":38}},"102":{"start":{"line":281,"column":16},"end":{"line":281,"column":26}},"103":{"start":{"line":282,"column":24},"end":{"line":282,"column":40}},"104":{"start":{"line":283,"column":4},"end":{"line":287,"column":5}},"105":{"start":{"line":284,"column":6},"end":{"line":284,"column":53}},"106":{"start":{"line":286,"column":6},"end":{"line":286,"column":15}},"107":{"start":{"line":291,"column":20},"end":{"line":291,"column":34}},"108":{"start":{"line":292,"column":21},"end":{"line":292,"column":36}},"109":{"start":{"line":293,"column":24},"end":{"line":293,"column":40}},"110":{"start":{"line":294,"column":4},"end":{"line":298,"column":5}},"111":{"start":{"line":295,"column":6},"end":{"line":295,"column":68}},"112":{"start":{"line":297,"column":6},"end":{"line":297,"column":15}},"113":{"start":{"line":302,"column":18},"end":{"line":302,"column":30}},"114":{"start":{"line":303,"column":21},"end":{"line":303,"column":36}},"115":{"start":{"line":304,"column":24},"end":{"line":304,"column":40}},"116":{"start":{"line":305,"column":4},"end":{"line":309,"column":5}},"117":{"start":{"line":306,"column":6},"end":{"line":306,"column":81}},"118":{"start":{"line":308,"column":6},"end":{"line":308,"column":15}},"119":{"start":{"line":314,"column":16},"end":{"line":314,"column":30}},"120":{"start":{"line":315,"column":16},"end":{"line":315,"column":30}},"121":{"start":{"line":316,"column":15},"end":{"line":316,"column":31}},"122":{"start":{"line":317,"column":14},"end":{"line":317,"column":29}},"123":{"start":{"line":318,"column":17},"end":{"line":318,"column":28}},"124":{"start":{"line":319,"column":15},"end":{"line":319,"column":34}},"125":{"start":{"line":320,"column":4},"end":{"line":323,"column":5}},"126":{"start":{"line":321,"column":19},"end":{"line":321,"column":34}},"127":{"start":{"line":322,"column":6},"end":{"line":322,"column":81}},"128":{"start":{"line":324,"column":4},"end":{"line":328,"column":5}},"129":{"start":{"line":325,"column":19},"end":{"line":325,"column":34}},"130":{"start":{"line":326,"column":21},"end":{"line":326,"column":38}},"131":{"start":{"line":327,"column":6},"end":{"line":327,"column":103}},"132":{"start":{"line":329,"column":4},"end":{"line":331,"column":5}},"133":{"start":{"line":330,"column":6},"end":{"line":330,"column":48}},"134":{"start":{"line":332,"column":4},"end":{"line":334,"column":5}},"135":{"start":{"line":333,"column":6},"end":{"line":333,"column":48}},"136":{"start":{"line":338,"column":16},"end":{"line":338,"column":30}},"137":{"start":{"line":339,"column":16},"end":{"line":339,"column":30}},"138":{"start":{"line":340,"column":15},"end":{"line":340,"column":31}},"139":{"start":{"line":341,"column":14},"end":{"line":341,"column":29}},"140":{"start":{"line":342,"column":17},"end":{"line":342,"column":28}},"141":{"start":{"line":343,"column":15},"end":{"line":343,"column":34}},"142":{"start":{"line":344,"column":4},"end":{"line":347,"column":5}},"143":{"start":{"line":345,"column":19},"end":{"line":345,"column":34}},"144":{"start":{"line":346,"column":6},"end":{"line":346,"column":81}},"145":{"start":{"line":348,"column":4},"end":{"line":352,"column":5}},"146":{"start":{"line":349,"column":19},"end":{"line":349,"column":34}},"147":{"start":{"line":350,"column":21},"end":{"line":350,"column":38}},"148":{"start":{"line":351,"column":6},"end":{"line":351,"column":103}},"149":{"start":{"line":353,"column":4},"end":{"line":355,"column":5}},"150":{"start":{"line":354,"column":6},"end":{"line":354,"column":48}},"151":{"start":{"line":356,"column":4},"end":{"line":358,"column":5}},"152":{"start":{"line":357,"column":6},"end":{"line":357,"column":48}},"153":{"start":{"line":362,"column":4},"end":{"line":362,"column":13}},"154":{"start":{"line":368,"column":4},"end":{"line":375,"column":5}},"155":{"start":{"line":370,"column":20},"end":{"line":370,"column":34}},"156":{"start":{"line":371,"column":8},"end":{"line":371,"column":19}},"157":{"start":{"line":374,"column":8},"end":{"line":374,"column":17}},"158":{"start":{"line":380,"column":4},"end":{"line":389,"column":5}},"159":{"start":{"line":382,"column":18},"end":{"line":382,"column":33}},"160":{"start":{"line":383,"column":18},"end":{"line":383,"column":33}},"161":{"start":{"line":384,"column":19},"end":{"line":384,"column":35}},"162":{"start":{"line":385,"column":8},"end":{"line":385,"column":35}},"163":{"start":{"line":388,"column":8},"end":{"line":388,"column":20}},"164":{"start":{"line":393,"column":4},"end":{"line":403,"column":5}},"165":{"start":{"line":395,"column":19},"end":{"line":395,"column":28}},"166":{"start":{"line":396,"column":19},"end":{"line":396,"column":35}},"167":{"start":{"line":397,"column":18},"end":{"line":397,"column":33}},"168":{"start":{"line":398,"column":19},"end":{"line":398,"column":28}},"169":{"start":{"line":399,"column":8},"end":{"line":399,"column":47}},"170":{"start":{"line":402,"column":8},"end":{"line":402,"column":17}},"171":{"start":{"line":407,"column":15},"end":{"line":407,"column":34}},"172":{"start":{"line":408,"column":16},"end":{"line":408,"column":33}},"173":{"start":{"line":409,"column":20},"end":{"line":409,"column":34}},"174":{"start":{"line":410,"column":20},"end":{"line":410,"column":41}},"175":{"start":{"line":411,"column":4},"end":{"line":411,"column":106}},"176":{"start":{"line":415,"column":16},"end":{"line":415,"column":30}},"177":{"start":{"line":416,"column":18},"end":{"line":416,"column":30}},"178":{"start":{"line":417,"column":4},"end":{"line":417,"column":23}},"179":{"start":{"line":421,"column":21},"end":{"line":421,"column":35}},"180":{"start":{"line":422,"column":4},"end":{"line":424,"column":5}},"181":{"start":{"line":423,"column":6},"end":{"line":423,"column":43}},"182":{"start":{"line":425,"column":4},"end":{"line":425,"column":13}},"183":{"start":{"line":431,"column":16},"end":{"line":431,"column":30}},"184":{"start":{"line":432,"column":14},"end":{"line":432,"column":32}},"185":{"start":{"line":433,"column":23},"end":{"line":433,"column":40}},"186":{"start":{"line":434,"column":16},"end":{"line":434,"column":33}},"187":{"start":{"line":435,"column":20},"end":{"line":435,"column":41}},"188":{"start":{"line":436,"column":20},"end":{"line":436,"column":41}},"189":{"start":{"line":437,"column":4},"end":{"line":439,"column":5}},"190":{"start":{"line":438,"column":6},"end":{"line":438,"column":56}},"191":{"start":{"line":440,"column":4},"end":{"line":440,"column":54}},"192":{"start":{"line":444,"column":16},"end":{"line":444,"column":30}},"193":{"start":{"line":445,"column":17},"end":{"line":445,"column":38}},"194":{"start":{"line":446,"column":23},"end":{"line":446,"column":40}},"195":{"start":{"line":447,"column":16},"end":{"line":447,"column":33}},"196":{"start":{"line":448,"column":20},"end":{"line":448,"column":41}},"197":{"start":{"line":449,"column":20},"end":{"line":449,"column":41}},"198":{"start":{"line":450,"column":4},"end":{"line":452,"column":5}},"199":{"start":{"line":451,"column":6},"end":{"line":451,"column":59}},"200":{"start":{"line":453,"column":4},"end":{"line":453,"column":57}},"201":{"start":{"line":457,"column":16},"end":{"line":457,"column":30}},"202":{"start":{"line":458,"column":17},"end":{"line":458,"column":38}},"203":{"start":{"line":459,"column":23},"end":{"line":459,"column":40}},"204":{"start":{"line":460,"column":16},"end":{"line":460,"column":33}},"205":{"start":{"line":461,"column":20},"end":{"line":461,"column":41}},"206":{"start":{"line":462,"column":20},"end":{"line":462,"column":41}},"207":{"start":{"line":463,"column":4},"end":{"line":465,"column":5}},"208":{"start":{"line":464,"column":6},"end":{"line":464,"column":59}},"209":{"start":{"line":466,"column":4},"end":{"line":466,"column":57}},"210":{"start":{"line":470,"column":16},"end":{"line":470,"column":30}},"211":{"start":{"line":471,"column":17},"end":{"line":471,"column":38}},"212":{"start":{"line":472,"column":23},"end":{"line":472,"column":40}},"213":{"start":{"line":473,"column":16},"end":{"line":473,"column":33}},"214":{"start":{"line":474,"column":20},"end":{"line":474,"column":41}},"215":{"start":{"line":475,"column":20},"end":{"line":475,"column":41}},"216":{"start":{"line":476,"column":4},"end":{"line":478,"column":5}},"217":{"start":{"line":477,"column":6},"end":{"line":477,"column":59}},"218":{"start":{"line":479,"column":4},"end":{"line":479,"column":57}},"219":{"start":{"line":483,"column":16},"end":{"line":483,"column":30}},"220":{"start":{"line":484,"column":17},"end":{"line":484,"column":38}},"221":{"start":{"line":485,"column":23},"end":{"line":485,"column":40}},"222":{"start":{"line":486,"column":16},"end":{"line":486,"column":33}},"223":{"start":{"line":487,"column":20},"end":{"line":487,"column":41}},"224":{"start":{"line":488,"column":20},"end":{"line":488,"column":41}},"225":{"start":{"line":489,"column":4},"end":{"line":491,"column":5}},"226":{"start":{"line":490,"column":6},"end":{"line":490,"column":59}},"227":{"start":{"line":492,"column":4},"end":{"line":492,"column":57}},"228":{"start":{"line":496,"column":17},"end":{"line":496,"column":38}},"229":{"start":{"line":497,"column":17},"end":{"line":497,"column":38}},"230":{"start":{"line":498,"column":4},"end":{"line":498,"column":38}},"231":{"start":{"line":502,"column":17},"end":{"line":502,"column":38}},"232":{"start":{"line":503,"column":17},"end":{"line":503,"column":38}},"233":{"start":{"line":504,"column":4},"end":{"line":504,"column":38}},"234":{"start":{"line":508,"column":17},"end":{"line":508,"column":28}},"235":{"start":{"line":509,"column":17},"end":{"line":509,"column":28}},"236":{"start":{"line":510,"column":17},"end":{"line":510,"column":28}},"237":{"start":{"line":511,"column":16},"end":{"line":511,"column":30}},"238":{"start":{"line":512,"column":24},"end":{"line":512,"column":40}},"239":{"start":{"line":513,"column":17},"end":{"line":513,"column":38}},"240":{"start":{"line":514,"column":17},"end":{"line":514,"column":38}},"241":{"start":{"line":515,"column":15},"end":{"line":515,"column":24}},"242":{"start":{"line":516,"column":20},"end":{"line":516,"column":34}},"243":{"start":{"line":517,"column":18},"end":{"line":517,"column":30}},"244":{"start":{"line":518,"column":19},"end":{"line":518,"column":31}},"245":{"start":{"line":519,"column":4},"end":{"line":525,"column":5}},"246":{"start":{"line":520,"column":6},"end":{"line":520,"column":119}},"247":{"start":{"line":521,"column":11},"end":{"line":525,"column":5}},"248":{"start":{"line":522,"column":6},"end":{"line":522,"column":15}},"249":{"start":{"line":524,"column":6},"end":{"line":524,"column":57}},"250":{"start":{"line":529,"column":17},"end":{"line":529,"column":28}},"251":{"start":{"line":530,"column":17},"end":{"line":530,"column":28}},"252":{"start":{"line":531,"column":17},"end":{"line":531,"column":28}},"253":{"start":{"line":532,"column":16},"end":{"line":532,"column":30}},"254":{"start":{"line":533,"column":24},"end":{"line":533,"column":40}},"255":{"start":{"line":534,"column":17},"end":{"line":534,"column":38}},"256":{"start":{"line":535,"column":17},"end":{"line":535,"column":38}},"257":{"start":{"line":536,"column":15},"end":{"line":536,"column":24}},"258":{"start":{"line":537,"column":20},"end":{"line":537,"column":34}},"259":{"start":{"line":538,"column":18},"end":{"line":538,"column":30}},"260":{"start":{"line":539,"column":19},"end":{"line":539,"column":31}},"261":{"start":{"line":540,"column":4},"end":{"line":546,"column":5}},"262":{"start":{"line":541,"column":6},"end":{"line":541,"column":99}},"263":{"start":{"line":542,"column":11},"end":{"line":546,"column":5}},"264":{"start":{"line":543,"column":6},"end":{"line":543,"column":15}},"265":{"start":{"line":545,"column":6},"end":{"line":545,"column":57}},"266":{"start":{"line":550,"column":17},"end":{"line":550,"column":28}},"267":{"start":{"line":551,"column":17},"end":{"line":551,"column":28}},"268":{"start":{"line":552,"column":17},"end":{"line":552,"column":28}},"269":{"start":{"line":553,"column":17},"end":{"line":553,"column":28}},"270":{"start":{"line":554,"column":16},"end":{"line":554,"column":30}},"271":{"start":{"line":555,"column":15},"end":{"line":555,"column":24}},"272":{"start":{"line":556,"column":17},"end":{"line":556,"column":38}},"273":{"start":{"line":557,"column":17},"end":{"line":557,"column":38}},"274":{"start":{"line":558,"column":15},"end":{"line":558,"column":24}},"275":{"start":{"line":559,"column":20},"end":{"line":559,"column":34}},"276":{"start":{"line":560,"column":18},"end":{"line":560,"column":30}},"277":{"start":{"line":561,"column":19},"end":{"line":561,"column":31}},"278":{"start":{"line":562,"column":24},"end":{"line":562,"column":40}},"279":{"start":{"line":563,"column":4},"end":{"line":569,"column":5}},"280":{"start":{"line":564,"column":6},"end":{"line":564,"column":115}},"281":{"start":{"line":565,"column":11},"end":{"line":569,"column":5}},"282":{"start":{"line":566,"column":6},"end":{"line":566,"column":17}},"283":{"start":{"line":568,"column":6},"end":{"line":568,"column":123}},"284":{"start":{"line":573,"column":17},"end":{"line":573,"column":28}},"285":{"start":{"line":574,"column":17},"end":{"line":574,"column":28}},"286":{"start":{"line":575,"column":17},"end":{"line":575,"column":28}},"287":{"start":{"line":576,"column":17},"end":{"line":576,"column":28}},"288":{"start":{"line":577,"column":16},"end":{"line":577,"column":30}},"289":{"start":{"line":578,"column":17},"end":{"line":578,"column":38}},"290":{"start":{"line":579,"column":17},"end":{"line":579,"column":38}},"291":{"start":{"line":580,"column":15},"end":{"line":580,"column":24}},"292":{"start":{"line":581,"column":20},"end":{"line":581,"column":34}},"293":{"start":{"line":582,"column":15},"end":{"line":582,"column":24}},"294":{"start":{"line":583,"column":18},"end":{"line":583,"column":30}},"295":{"start":{"line":584,"column":19},"end":{"line":584,"column":31}},"296":{"start":{"line":585,"column":24},"end":{"line":585,"column":40}},"297":{"start":{"line":586,"column":4},"end":{"line":592,"column":5}},"298":{"start":{"line":587,"column":6},"end":{"line":587,"column":115}},"299":{"start":{"line":588,"column":11},"end":{"line":592,"column":5}},"300":{"start":{"line":589,"column":6},"end":{"line":589,"column":17}},"301":{"start":{"line":591,"column":6},"end":{"line":591,"column":123}},"302":{"start":{"line":596,"column":16},"end":{"line":596,"column":30}},"303":{"start":{"line":597,"column":17},"end":{"line":597,"column":28}},"304":{"start":{"line":598,"column":17},"end":{"line":598,"column":28}},"305":{"start":{"line":599,"column":4},"end":{"line":599,"column":56}},"306":{"start":{"line":603,"column":16},"end":{"line":603,"column":30}},"307":{"start":{"line":604,"column":17},"end":{"line":604,"column":28}},"308":{"start":{"line":605,"column":17},"end":{"line":605,"column":28}},"309":{"start":{"line":606,"column":4},"end":{"line":606,"column":56}},"310":{"start":{"line":610,"column":16},"end":{"line":610,"column":30}},"311":{"start":{"line":611,"column":17},"end":{"line":611,"column":32}},"312":{"start":{"line":612,"column":17},"end":{"line":612,"column":32}},"313":{"start":{"line":613,"column":17},"end":{"line":613,"column":28}},"314":{"start":{"line":614,"column":17},"end":{"line":614,"column":28}},"315":{"start":{"line":615,"column":17},"end":{"line":615,"column":28}},"316":{"start":{"line":616,"column":18},"end":{"line":616,"column":30}},"317":{"start":{"line":617,"column":17},"end":{"line":617,"column":28}},"318":{"start":{"line":618,"column":17},"end":{"line":618,"column":28}},"319":{"start":{"line":619,"column":16},"end":{"line":619,"column":26}},"320":{"start":{"line":620,"column":18},"end":{"line":620,"column":30}},"321":{"start":{"line":621,"column":19},"end":{"line":621,"column":32}},"322":{"start":{"line":622,"column":19},"end":{"line":622,"column":32}},"323":{"start":{"line":623,"column":19},"end":{"line":623,"column":32}},"324":{"start":{"line":624,"column":19},"end":{"line":624,"column":32}},"325":{"start":{"line":625,"column":16},"end":{"line":625,"column":26}},"326":{"start":{"line":626,"column":16},"end":{"line":626,"column":26}},"327":{"start":{"line":627,"column":19},"end":{"line":627,"column":31}},"328":{"start":{"line":628,"column":24},"end":{"line":628,"column":40}},"329":{"start":{"line":629,"column":4},"end":{"line":649,"column":5}},"330":{"start":{"line":630,"column":6},"end":{"line":642,"column":7}},"331":{"start":{"line":631,"column":8},"end":{"line":635,"column":9}},"332":{"start":{"line":632,"column":10},"end":{"line":632,"column":19}},"333":{"start":{"line":634,"column":10},"end":{"line":634,"column":116}},"334":{"start":{"line":637,"column":8},"end":{"line":641,"column":9}},"335":{"start":{"line":638,"column":10},"end":{"line":638,"column":19}},"336":{"start":{"line":640,"column":10},"end":{"line":640,"column":116}},"337":{"start":{"line":644,"column":6},"end":{"line":648,"column":7}},"338":{"start":{"line":645,"column":8},"end":{"line":645,"column":103}},"339":{"start":{"line":647,"column":8},"end":{"line":647,"column":103}},"340":{"start":{"line":653,"column":16},"end":{"line":653,"column":30}},"341":{"start":{"line":654,"column":17},"end":{"line":654,"column":32}},"342":{"start":{"line":655,"column":17},"end":{"line":655,"column":32}},"343":{"start":{"line":656,"column":17},"end":{"line":656,"column":28}},"344":{"start":{"line":657,"column":17},"end":{"line":657,"column":28}},"345":{"start":{"line":658,"column":17},"end":{"line":658,"column":28}},"346":{"start":{"line":659,"column":17},"end":{"line":659,"column":28}},"347":{"start":{"line":660,"column":18},"end":{"line":660,"column":30}},"348":{"start":{"line":661,"column":17},"end":{"line":661,"column":28}},"349":{"start":{"line":662,"column":17},"end":{"line":662,"column":28}},"350":{"start":{"line":663,"column":16},"end":{"line":663,"column":26}},"351":{"start":{"line":664,"column":18},"end":{"line":664,"column":30}},"352":{"start":{"line":665,"column":19},"end":{"line":665,"column":32}},"353":{"start":{"line":666,"column":19},"end":{"line":666,"column":32}},"354":{"start":{"line":667,"column":19},"end":{"line":667,"column":32}},"355":{"start":{"line":668,"column":19},"end":{"line":668,"column":32}},"356":{"start":{"line":669,"column":16},"end":{"line":669,"column":26}},"357":{"start":{"line":670,"column":16},"end":{"line":670,"column":26}},"358":{"start":{"line":671,"column":19},"end":{"line":671,"column":31}},"359":{"start":{"line":672,"column":24},"end":{"line":672,"column":40}},"360":{"start":{"line":673,"column":4},"end":{"line":693,"column":5}},"361":{"start":{"line":674,"column":6},"end":{"line":686,"column":7}},"362":{"start":{"line":675,"column":8},"end":{"line":679,"column":9}},"363":{"start":{"line":676,"column":10},"end":{"line":676,"column":19}},"364":{"start":{"line":678,"column":10},"end":{"line":678,"column":116}},"365":{"start":{"line":681,"column":8},"end":{"line":685,"column":9}},"366":{"start":{"line":682,"column":10},"end":{"line":682,"column":19}},"367":{"start":{"line":684,"column":10},"end":{"line":684,"column":116}},"368":{"start":{"line":688,"column":6},"end":{"line":692,"column":7}},"369":{"start":{"line":689,"column":8},"end":{"line":689,"column":103}},"370":{"start":{"line":691,"column":8},"end":{"line":691,"column":103}},"371":{"start":{"line":697,"column":16},"end":{"line":697,"column":30}},"372":{"start":{"line":698,"column":17},"end":{"line":698,"column":32}},"373":{"start":{"line":699,"column":17},"end":{"line":699,"column":32}},"374":{"start":{"line":700,"column":18},"end":{"line":700,"column":30}},"375":{"start":{"line":701,"column":19},"end":{"line":701,"column":32}},"376":{"start":{"line":702,"column":19},"end":{"line":702,"column":32}},"377":{"start":{"line":703,"column":19},"end":{"line":703,"column":32}},"378":{"start":{"line":704,"column":19},"end":{"line":704,"column":32}},"379":{"start":{"line":705,"column":20},"end":{"line":705,"column":41}},"380":{"start":{"line":706,"column":20},"end":{"line":706,"column":41}},"381":{"start":{"line":707,"column":19},"end":{"line":707,"column":31}},"382":{"start":{"line":708,"column":24},"end":{"line":708,"column":40}},"383":{"start":{"line":709,"column":4},"end":{"line":724,"column":5}},"384":{"start":{"line":710,"column":6},"end":{"line":714,"column":7}},"385":{"start":{"line":711,"column":8},"end":{"line":711,"column":102}},"386":{"start":{"line":713,"column":8},"end":{"line":713,"column":102}},"387":{"start":{"line":716,"column":6},"end":{"line":723,"column":7}},"388":{"start":{"line":717,"column":8},"end":{"line":717,"column":69}},"389":{"start":{"line":719,"column":22},"end":{"line":719,"column":66}},"390":{"start":{"line":720,"column":22},"end":{"line":720,"column":66}},"391":{"start":{"line":721,"column":22},"end":{"line":721,"column":76}},"392":{"start":{"line":722,"column":8},"end":{"line":722,"column":45}},"393":{"start":{"line":728,"column":24},"end":{"line":728,"column":42}},"394":{"start":{"line":729,"column":24},"end":{"line":729,"column":42}},"395":{"start":{"line":730,"column":22},"end":{"line":730,"column":38}},"396":{"start":{"line":731,"column":4},"end":{"line":731,"column":57}},"397":{"start":{"line":736,"column":0},"end":{"line":736,"column":27}}},"fnMap":{"0":{"name":"(anonymous_0)","decl":{"start":{"line":4,"column":2},"end":{"line":4,"column":3}},"loc":{"start":{"line":4,"column":57},"end":{"line":14,"column":3}},"line":4},"1":{"name":"(anonymous_1)","decl":{"start":{"line":16,"column":2},"end":{"line":16,"column":3}},"loc":{"start":{"line":16,"column":20},"end":{"line":34,"column":3}},"line":16},"2":{"name":"(anonymous_2)","decl":{"start":{"line":36,"column":2},"end":{"line":36,"column":3}},"loc":{"start":{"line":36,"column":22},"end":{"line":88,"column":3}},"line":36},"3":{"name":"(anonymous_3)","decl":{"start":{"line":90,"column":2},"end":{"line":90,"column":3}},"loc":{"start":{"line":90,"column":10},"end":{"line":121,"column":3}},"line":90},"4":{"name":"(anonymous_4)","decl":{"start":{"line":124,"column":2},"end":{"line":124,"column":3}},"loc":{"start":{"line":124,"column":11},"end":{"line":145,"column":3}},"line":124},"5":{"name":"(anonymous_5)","decl":{"start":{"line":147,"column":2},"end":{"line":147,"column":3}},"loc":{"start":{"line":147,"column":11},"end":{"line":168,"column":3}},"line":147},"6":{"name":"(anonymous_6)","decl":{"start":{"line":170,"column":2},"end":{"line":170,"column":3}},"loc":{"start":{"line":170,"column":9},"end":{"line":177,"column":3}},"line":170},"7":{"name":"(anonymous_7)","decl":{"start":{"line":179,"column":2},"end":{"line":179,"column":3}},"loc":{"start":{"line":179,"column":9},"end":{"line":186,"column":3}},"line":179},"8":{"name":"(anonymous_8)","decl":{"start":{"line":188,"column":2},"end":{"line":188,"column":3}},"loc":{"start":{"line":188,"column":12},"end":{"line":193,"column":3}},"line":188},"9":{"name":"(anonymous_9)","decl":{"start":{"line":195,"column":2},"end":{"line":195,"column":3}},"loc":{"start":{"line":195,"column":12},"end":{"line":200,"column":3}},"line":195},"10":{"name":"(anonymous_10)","decl":{"start":{"line":202,"column":2},"end":{"line":202,"column":3}},"loc":{"start":{"line":202,"column":9},"end":{"line":206,"column":3}},"line":202},"11":{"name":"(anonymous_11)","decl":{"start":{"line":208,"column":2},"end":{"line":208,"column":3}},"loc":{"start":{"line":208,"column":9},"end":{"line":212,"c
[...]
15},"20":{"loc":{"start":{"line":119,"column":15},"end":{"line":119,"column":32}},"type":"cond-expr","locations":[{"start":{"line":119,"column":23},"end":{"line":119,"column":29}},{"start":{"line":119,"column":31},"end":{"line":119,"column":32}}],"line":119},"21":{"loc":{"start":{"line":126,"column":4},"end":{"line":144,"column":5}},"type":"switch","locations":[{"start":{"line":127,"column":6},"end":{"line":129,"column":7}},{"start":{"line":130,"column":6},"end":{"line":132,"column":7}},{"start":{"line":133,"column":6},"end":{"line":135,"column":7}},{"start":{"line":136,"column":6},"end":{"line":138,"column":7}},{"start":{"line":139,"column":6},"end":{"line":141,"column":7}},{"start":{"line":142,"column":6},"end":{"line":143,"column":20}}],"line":126},"22":{"loc":{"start":{"line":149,"column":4},"end":{"line":167,"column":5}},"type":"switch","locations":[{"start":{"line":150,"column":6},"end":{"line":152,"column":7}},{"start":{"line":153,"column":6},"end":{"line":155,"column":7}},{"start":{"line":156,"column":6},"end":{"line":158,"column":7}},{"start":{"line":159,"column":6},"end":{"line":161,"column":7}},{"start":{"line":162,"column":6},"end":{"line":164,"column":7}},{"start":{"line":165,"column":6},"end":{"line":166,"column":20}}],"line":149},"23":{"loc":{"start":{"line":218,"column":4},"end":{"line":222,"column":5}},"type":"if","locations":[{"start":{"line":218,"column":4},"end":{"line":222,"column":5}},{"start":{"line":218,"column":4},"end":{"line":222,"column":5}}],"line":218},"24":{"loc":{"start":{"line":229,"column":4},"end":{"line":233,"column":5}},"type":"if","locations":[{"start":{"line":229,"column":4},"end":{"line":233,"column":5}},{"start":{"line":229,"column":4},"end":{"line":233,"column":5}}],"line":229},"25":{"loc":{"start":{"line":239,"column":4},"end":{"line":257,"column":5}},"type":"switch","locations":[{"start":{"line":240,"column":6},"end":{"line":242,"column":7}},{"start":{"line":243,"column":6},"end":{"line":245,"column":7}},{"start":{"line":246,"column":6},"end":{"line":248,"column":7}},{"start":{"line":249,"column":6},"end":{"line":251,"column":7}},{"start":{"line":252,"column":6},"end":{"line":254,"column":7}},{"start":{"line":255,"column":6},"end":{"line":256,"column":20}}],"line":239},"26":{"loc":{"start":{"line":270,"column":4},"end":{"line":275,"column":5}},"type":"if","locations":[{"start":{"line":270,"column":4},"end":{"line":275,"column":5}},{"start":{"line":270,"column":4},"end":{"line":275,"column":5}}],"line":270},"27":{"loc":{"start":{"line":270,"column":7},"end":{"line":270,"column":65}},"type":"binary-expr","locations":[{"start":{"line":270,"column":7},"end":{"line":270,"column":33}},{"start":{"line":270,"column":37},"end":{"line":270,"column":65}}],"line":270},"28":{"loc":{"start":{"line":283,"column":4},"end":{"line":287,"column":5}},"type":"if","locations":[{"start":{"line":283,"column":4},"end":{"line":287,"column":5}},{"start":{"line":283,"column":4},"end":{"line":287,"column":5}}],"line":283},"29":{"loc":{"start":{"line":283,"column":7},"end":{"line":283,"column":65}},"type":"binary-expr","locations":[{"start":{"line":283,"column":7},"end":{"line":283,"column":33}},{"start":{"line":283,"column":37},"end":{"line":283,"column":65}}],"line":283},"30":{"loc":{"start":{"line":294,"column":4},"end":{"line":298,"column":5}},"type":"if","locations":[{"start":{"line":294,"column":4},"end":{"line":298,"column":5}},{"start":{"line":294,"column":4},"end":{"line":298,"column":5}}],"line":294},"31":{"loc":{"start":{"line":294,"column":7},"end":{"line":294,"column":65}},"type":"binary-expr","locations":[{"start":{"line":294,"column":7},"end":{"line":294,"column":33}},{"start":{"line":294,"column":37},"end":{"line":294,"column":65}}],"line":294},"32":{"loc":{"start":{"line":305,"column":4},"end":{"line":309,"column":5}},"type":"if","locations":[{"start":{"line":305,"column":4},"end":{"line":309,"column":5}},{"start":{"line":305,"column":4},"end":{"line":309,"column":5}}],"line":305},"33":{"loc":{"start":{"line":305,"column":7},"end":{"line":305,"column":65}},"type":"binary-expr","locations":[{"start":{"line":305,"column":7},"end":{"line":305,"column":33}},{"start":{"line":305,"column":37},"end":{"line":305,"column":65}}],"line":305},"34":{"loc":{"start":{"line":320,"column":4},"end":{"line":323,"column":5}},"type":"if","locations":[{"start":{"line":320,"column":4},"end":{"line":323,"column":5}},{"start":{"line":320,"column":4},"end":{"line":323,"column":5}}],"line":320},"35":{"loc":{"start":{"line":324,"column":4},"end":{"line":328,"column":5}},"type":"if","locations":[{"start":{"line":324,"column":4},"end":{"line":328,"column":5}},{"start":{"line":324,"column":4},"end":{"line":328,"column":5}}],"line":324},"36":{"loc":{"start":{"line":329,"column":4},"end":{"line":331,"column":5}},"type":"if","locations":[{"start":{"line":329,"column":4},"end":{"line":331,"column":5}},{"start":{"line":329,"column":4},"end":{"line":331,"column":5}}],"line":329},"37":{"loc":{"start":{"line":332,"column":4},"end":{"line":334,"column":5}},"type":"if","locations":[{"start":{"line":332,"column":4},"end":{"line":334,"column":5}},{"start":{"line":332,"column":4},"end":{"line":334,"column":5}}],"line":332},"38":{"loc":{"start":{"line":344,"column":4},"end":{"line":347,"column":5}},"type":"if","locations":[{"start":{"line":344,"column":4},"end":{"line":347,"column":5}},{"start":{"line":344,"column":4},"end":{"line":347,"column":5}}],"line":344},"39":{"loc":{"start":{"line":348,"column":4},"end":{"line":352,"column":5}},"type":"if","locations":[{"start":{"line":348,"column":4},"end":{"line":352,"column":5}},{"start":{"line":348,"column":4},"end":{"line":352,"column":5}}],"line":348},"40":{"loc":{"start":{"line":353,"column":4},"end":{"line":355,"column":5}},"type":"if","locations":[{"start":{"line":353,"column":4},"end":{"line":355,"column":5}},{"start":{"line":353,"column":4},"end":{"line":355,"column":5}}],"line":353},"41":{"loc":{"start":{"line":356,"column":4},"end":{"line":358,"column":5}},"type":"if","locations":[{"start":{"line":356,"column":4},"end":{"line":358,"column":5}},{"start":{"line":356,"column":4},"end":{"line":358,"column":5}}],"line":356},"42":{"loc":{"start":{"line":368,"column":4},"end":{"line":375,"column":5}},"type":"switch","locations":[{"start":{"line":369,"column":6},"end":{"line":372,"column":7}},{"start":{"line":373,"column":6},"end":{"line":374,"column":17}}],"line":368},"43":{"loc":{"start":{"line":380,"column":4},"end":{"line":389,"column":5}},"type":"switch","locations":[{"start":{"line":381,"column":6},"end":{"line":386,"column":7}},{"start":{"line":387,"column":6},"end":{"line":388,"column":20}}],"line":380},"44":{"loc":{"start":{"line":393,"column":4},"end":{"line":403,"column":5}},"type":"switch","locations":[{"start":{"line":394,"column":6},"end":{"line":400,"column":7}},{"start":{"line":401,"column":6},"end":{"line":402,"column":17}}],"line":393},"45":{"loc":{"start":{"line":422,"column":4},"end":{"line":424,"column":5}},"type":"if","locations":[{"start":{"line":422,"column":4},"end":{"line":424,"column":5}},{"start":{"line":422,"column":4},"end":{"line":424,"column":5}}],"line":422},"46":{"loc":{"start":{"line":437,"column":4},"end":{"line":439,"column":5}},"type":"if","locations":[{"start":{"line":437,"column":4},"end":{"line":439,"column":5}},{"start":{"line":437,"column":4},"end":{"line":439,"column":5}}],"line":437},"47":{"loc":{"start":{"line":450,"column":4},"end":{"line":452,"column":5}},"type":"if","locations":[{"start":{"line":450,"column":4},"end":{"line":452,"column":5}},{"start":{"line":450,"column":4},"end":{"line":452,"column":5}}],"line":450},"48":{"loc":{"start":{"line":463,"column":4},"end":{"line":465,"column":5}},"type":"if","locations":[{"start":{"line":463,"column":4},"end":{"line":465,"column":5}},{"start":{"line":463,"column":4},"end":{"line":465,"column":5}}],"line":463},"49":{"loc":{"start":{"line":476,"column":4},"end":{"line":478,"column":5}},"type":"if","locations":[{"start":{"line":476,"column":4},"end":{"line":478,"column":5}},{"start":{"line":476,"column":4},"end":{"line":478,"column":5}}],"line":476},"50":{"loc":{"start":{"line":489,"column":4},"end":{"line":491,"column":5}},"type":"if","locations":[{"start":{"line":489,"column":4},"end":{"line":491,"column":5}},{"start":{"line":489,"column":4},"end":{"line":491,"column":5}}],"line":489},"51":{"loc":{"start":{"line":519,"column":4},"end":{"line":525,"column":5}},"type":"if","locations":[{"start":{"line":519,"column":4},"end":{"line":525,"column":5}},{"start":{"line":519,"column":4},"end":{"line":525,"column":5}}],"line":519},"52":{"loc":{"start":{"line":519,"column":7},"end":{"line":519,"column":60}},"type":"binary-expr","locations":[{"start":{"line":519,"column":7},"end":{"line":519,"column":46}},{"start":{"line":519,"column":50},"end":{"line":519,"column":60}}],"line":519},"53":{"loc":{"start":{"line":521,"column":11},"end":{"line":525,"column":5}},"type":"if","locations":[{"start":{"line":521,"column":11},"end":{"line":525,"column":5}},{"start":{"line":521,"column":11},"end":{"line":525,"column":5}}],"line":521},"54":{"loc":{"start":{"line":521,"column":15},"end":{"line":521,"column":70}},"type":"binary-expr","locations":[{"start":{"line":521,"column":15},"end":{"line":521,"column":54}},{"start":{"line":521,"column":58},"end":{"line":521,"column":70}}],"line":521},"55":{"loc":{"start":{"line":540,"column":4},"end":{"line":546,"column":5}},"type":"if","locations":[{"start":{"line":540,"column":4},"end":{"line":546,"column":5}},{"start":{"line":540,"column":4},"end":{"line":546,"column":5}}],"line":540},"56":{"loc":{"start":{"line":540,"column":7},"end":{"line":540,"column":60}},"type":"binary-expr","locations":[{"start":{"line":540,"column":7},"end":{"line":540,"column":46}},{"start":{"line":540,"column":50},"end":{"line":540,"column":60}}],"line":540},"57":{"loc":{"start":{"line":542,"column":11},"end":{"line":546,"column":5}},"type":"if","locations":[{"start":{"line":542,"column":11},"end":{"line":546,"column":5}},{"start":{"line":542,"column":11},"end":{"line":546,"column":5}}],"line":542},"58":{"loc":{"start":{"line":542,"column":15},"end":{"line":542,"column":70}},"type":"binary-expr","locations":[{"start":{"line":542,"column":15},"end":{"line":542,"column":54}},{"start":{"line":542,"column":58},"end":{"line":542,"column":70}}],"line":542},"59":{"loc":{"start":{"line":563,"column":4},"end":{"line":569,"column":5}},"type":"if","locations":[{"start":{"line":563,"column":4},"end":{"line":569,"column":5}},{"start":{"line":563,"column":4},"end":{"line":569,"column":5}}],"line":563},"60":{"loc":{"start":{"line":563,"column":7},"end":{"line":563,"column":60}},"type":"binary-expr","locations":[{"start":{"line":563,"column":7},"end":{"line":563,"column":46}},{"start":{"line":563,"column":50},"end":{"line":563,"column":60}}],"line":563},"61":{"loc":{"start":{"line":565,"column":11},"end":{"line":569,"column":5}},"type":"if","locations":[{"start":{"line":565,"column":11},"end":{"line":569,"column":5}},{"start":{"line":565,"column":11},"end":{"line":569,"column":5}}],"line":565},"62":{"loc":{"start":{"line":565,"column":15},"end":{"line":565,"column":70}},"type":"binary-expr","locations":[{"start":{"line":565,"column":15},"end":{"line":565,"column":54}},{"start":{"line":565,"column":58},"end":{"line":565,"column":70}}],"line":565},"63":{"loc":{"start":{"line":586,"column":4},"end":{"line":592,"column":5}},"type":"if","locations":[{"start":{"line":586,"column":4},"end":{"line":592,"column":5}},{"start":{"line":586,"column":4},"end":{"line":592,"column":5}}],"line":586},"64":{"loc":{"start":{"line":586,"column":7},"end":{"line":586,"column":60}},"type":"binary-expr","locations":[{"start":{"line":586,"column":7},"end":{"line":586,"column":46}},{"start":{"line":586,"column":50},"end":{"line":586,"column":60}}],"line":586},"65":{"loc":{"start":{"line":588,"column":11},"end":{"line":592,"column":5}},"type":"if","locations":[{"start":{"line":588,"column":11},"end":{"line":592,"column":5}},{"start":{"line":588,"column":11},"end":{"line":592,"column":5}}],"line":588},"66":{"loc":{"start":{"line":588,"column":15},"end":{"line":588,"column":70}},"type":"binary-expr","locations":[{"start":{"line":588,"column":15},"end":{"line":588,"column":54}},{"start":{"line":588,"column":58},"end":{"line":588,"column":70}}],"line":588},"67":{"loc":{"start":{"line":629,"column":4},"end":{"line":649,"column":5}},"type":"if","locations":[{"start":{"line":629,"column":4},"end":{"line":649,"column":5}},{"start":{"line":629,"column":4},"end":{"line":649,"column":5}}],"line":629},"68":{"loc":{"start":{"line":630,"column":6},"end":{"line":642,"column":7}},"type":"if","locations":[{"start":{"line":630,"column":6},"end":{"line":642,"column":7}},{"start":{"line":630,"column":6},"end":{"line":642,"column":7}}],"line":630},"69":{"loc":{"start":{"line":631,"column":8},"end":{"line":635,"column":9}},"type":"if","locations":[{"start":{"line":631,"column":8},"end":{"line":635,"column":9}},{"start":{"line":631,"column":8},"end":{"line":635,"column":9}}],"line":631},"70":{"loc":{"start":{"line":637,"column":8},"end":{"line":641,"column":9}},"type":"if","locations":[{"start":{"line":637,"column":8},"end":{"line":641,"column":9}},{"start":{"line":637,"column":8},"end":{"line":641,"column":9}}],"line":637},"71":{"loc":{"start":{"line":644,"column":6},"end":{"line":648,"column":7}},"type":"if","locations":[{"start":{"line":644,"column":6},"end":{"line":648,"column":7}},{"start":{"line":644,"column":6},"end":{"line":648,"column":7}}],"line":644},"72":{"loc":{"start":{"line":673,"column":4},"end":{"line":693,"column":5}},"type":"if","locations":[{"start":{"line":673,"column":4},"end":{"line":693,"column":5}},{"start":{"line":673,"column":4},"end":{"line":693,"column":5}}],"line":673},"73":{"loc":{"start":{"line":674,"column":6},"end":{"line":686,"column":7}},"type":"if","locations":[{"start":{"line":674,"column":6},"end":{"line":686,"column":7}},{"start":{"line":674,"column":6},"end":{"line":686,"column":7}}],"line":674},"74":{"loc":{"start":{"line":675,"column":8},"end":{"line":679,"column":9}},"type":"if","locations":[{"start":{"line":675,"column":8},"end":{"line":679,"column":9}},{"start":{"line":675,"column":8},"end":{"line":679,"column":9}}],"line":675},"75":{"loc":{"start":{"line":681,"column":8},"end":{"line":685,"column":9}},"type":"if","locations":[{"start":{"line":681,"column":8},"end":{"line":685,"column":9}},{"start":{"line":681,"column":8},"end":{"line":685,"column":9}}],"line":681},"76":{"loc":{"start":{"line":688,"column":6},"end":{"line":692,"column":7}},"type":"if","locations":[{"start":{"line":688,"column":6},"end":{"line":692,"column":7}},{"start":{"line":688,"column":6},"end":{"line":692,"column":7}}],"line":688},"77":{"loc":{"start":{"line":709,"column":4},"end":{"line":724,"column":5}},"type":"if","locations":[{"start":{"line":709,"column":4},"end":{"line":724,"column":5}},{"start":{"line":709,"column":4},"end":{"line":724,"column":5}}],"line":709},"78":{"loc":{"start":{"line":710,"column":6},"end":{"line":714,"column":7}},"type":"if","locations":[{"start":{"line":710,"column":6},"end":{"line":714,"column":7}},{"start":{"line":710,"column":6},"end":{"line":714,"column":7}}],"line":710},"79":{"loc":{"start":{"line":716,"column":6},"end":{"line":723,"column":7}},"type":"if","locations":[{"start":{"line":716,"column":6},"end":{"line":723,"column":7}},{"start":{"line":716,"column":6},"end":{"line":723,"column":7}}],"line":716}},"s":{"0":1,"1":0,"2":0,"3":0,"4":0,"5":0,"6":0,"7":0,"8":0,"9":0,"10":0,"11":0,"12":0,"13":0,"14":0,"15":0,"16":0,"17":0,"18":0,"19":0,"20":0,"21":0,"22":0,"23":0,"24":0,"25":0,"26":0,"27":0,"28":0,"29":0,"30":0,"31":0,"32":0,"33":0,"34":0,"35":0,"36":0,"37":0,"38":0,"39":0,"40":0,"41":0,"42":0,"43":0,"44":0,"45":0,"46":0,"47":0,"48":0,"49":0,"50":0,"51":0,"52":0,"53":0,"54":0,"55":0,"56":0,"57":0,"58":0,"59":0,"60":0,"61":0,"62":0,"63":0,"64":0,"65":0,"66":0,"67":0,"68":0,"69":0,"70":0,"71":0,"72":0,"73":0,"74":0,"75":0,"76":0,"77":0,"78":0,"79":0,"80":0,"81":0,"82":0,"83":0,"84":0,"85":0,"86":0,"87":0,"88":0,"89":0,"90":0,"91":0,"92":0,"93":0,"94":0,"95":0,"96":0,"97":0,"98":0,"99":0,"100":0,"101":0,"102":0,"103":0,"104":0,"105":0,"106":0,"107":0,"108":0,"109":0,"110":0,"111":0,"112":0,"113":0,"114":0,"115":0,"116":0,"117":0,"118":0,"119":0,"120":0,"121":0,"122":0,"123":0,"124":0,"125":0,"126":0,"127":0,"128":0,"129":0,"130":0,"131":0,"132":0,"133":0,"134":0,"135":0,"136":0,"137":0,"138":0,"139":0,"140":0,"141":0,"142":0,"143":0,"144":0,"145":0,"146":0,"147":0,"148":0,"149":0,"150":0,"151":0,"152":0,"153":0,"154":0,"155":0,"156":0,"157":0,"158":0,"159":0,"160":0,"161":0,"162":0,"163":0,"164":0,"165":0,"166":0,"167":0,"168":0,"169":0,"170":0,"171":0,"172":0,"173":0,"174":0,"175":0,"176":0,"177":0,"178":0,"179":0,"180":0,"181":0,"182":0,"183":0,"184":0,"185":0,"186":0,"187":0,"188":0,"189":0,"190":0,"191":0,"192":0,"193":0,"194":0,"195":0,"196":0,"197":0,"198":0,"199":0,"200":0,"201":0,"202":0,"203":0,"204":0,"205":0,"206":0,"207":0,"208":0,"209":0,"210":0,"211":0,"212":0,"213":0,"214":0,"215":0,"216":0,"217":0,"218":0,"219":0,"220":0,"221":0,"222":0,"223":0,"224":0,"225":0,"226":0,"227":0,"228":0,"229":0,"230":0,"231":0,"232":0,"233":0,"234":0,"235":0,"236":0,"237":0,"238":0,"239":0,"240":0,"241":0,"242":0,"243":0,"244":0,"245":0,"246":0,"247":0,"248":0,"249":0,"250":0,"251":0,"252":0,"253":0,"254":0,"255":0,"256":0,"257":0,"258":0,"259":0,"260":0,"261":0,"262":0,"263":0,"264":0,"265":0,"266":0,"267":0,"268":0,"269":0,"270":0,"271":0,"272":0,"273":0,"274":0,"275":0,"276":0,"277":0,"278":0,"279":0,"280":0,"281":0,"282":0,"283":0,"284":0,"285":0,"286":0,"287":0,"288":0,"289":0,"290":0,"291":0,"292":0,"293":0,"294":0,"295":0,"296":0,"297":0,"298":0,"299":0,"300":0,"301":0,"302":0,"303":0,"304":0,"305":0,"306":0,"307":0,"308":0,"309":0,"310":0,"311":0,"312":0,"313":0,"314":0,"315":0,"316":0,"317":0,"318":0,"319":0,"320":0,"321":0,"322":0,"323":0,"324":0,"325":0,"326":0,"327":0,"328":0,"329":0,"330":0,"331":0,"332":0,"333":0,"334":0,"335":0,"336":0,"337":0,"338":0,"339":0,"340":0,"341":0,"342":0,"343":0,"344":0,"345":0,"346":0,"347":0,"348":0,"349":0,"350":0,"351":0,"352":0,"353":0,"354":0,"355":0,"356":0,"357":0,"358":0,"359":0,"360":0,"361":0,"362":0,"363":0,"364":0,"365":0,"366":0,"367":0,"368":0,"369":0,"370":0,"371":0,"372":0,"373":0,"374":0,"375":0,"376":0,"377":0,"378":0,"379":0,"380":0,"381":0,"382":0,"383":0,"384":0,"385":0,"386":0,"387":0,"388":0,"389":0,"390":0,"391":0,"392":0,"393":0,"394":0,"395":0,"396":0,"397":1},"f":{"0":0,"1":0,"2":0,"3":0,"4":0,"5":0,"6":0,"7":0,"8":0,"9":0,"10":0,"11":0,"12":0,"13":0,"14":0,"15":0,"16":0,"17":0,"18":0,"19":0,"20":0,"21":0,"22":0,"23":0,"24":0,"25":0,"26":0,"27":0,"28":0,"29":0,"30":0,"31":0,"32":0,"33":0,"34":0,"35":0,"36":0,"37":0,"38":0,"39":0,"40":0,"41":0,"42":0,"43":0,"44":0},"b":{"0":[0,0],"1":[0,0],"2":[0,0],"3":[0,0],"4":[0,0],"5":[0,0],"6":[0,0],"7":[0,0],"8":[0,0],"9":[0,0],"10":[0,0],"11":[0,0],"12":[0,0,0,0],"13":[0,0],"14":[0,0],"15":[0,0],"16":[0,0],"17":[0,0],"18":[0,0],"19":[0,0],"20":[0,0],"21":[0,0,0,0,0,0],"22":[0,0,0,0,0,0],"23":[0,0],"24":[0,0],"25":[0,0,0,0,0,0],"26":[0,0],"27":[0,0],"28":[0,0],"29":[0,0],"30":[0,0],"31":[0,0],"32":[0,0],"33":[0,0],"34":[0,0],"35":[0,0],"36":[0,0],"37":[0,0],"38":[0,0],"39":[0,0],"40":[0,0],"41":[0,0],"42":[0,0],"43":[0,0],"44":[0,0],"45":[0,0],"46":[0,0],"47":[0,0],"48":[0,0],"49":[0,0],"50":[0,0],"51":[0,0],"52":[0,0],"53":[0,0],"54":[0,0],"55":[0,0],"56":[0,0],"57":[0,0],"58":[0,0],"59":[0,0],"60":[0,0],"61":[0,0],"62":[0,0],"63":[0,0],"64":[0,0],"65":[0,0],"66":[0,0],"67":[0,0],"68":[0,0],"69":[0,0],"70":[0,0],"71":[0,0],"72":[0,0],"73":[0,0],"74":[0,0],"75":[0,0],"76":[0,0],"77":[0,0],"78":[0,0],"79":[0,0]},"_coverageSchema":"1a1c01bbd47fc00a2c39e90264f33305004495a9","hash":"2efe10fc743b1a745613a13d21afb2631b74bc88","contentHash":"bd08da68317e7163c092397922b7dbffde90cf69c350b20448d89ffb235231ef"}}