{"C:\\Users\\TriAzur\\Desktop\\TRAVAIL\\NPM\\aec\\calculations\\SectionGeometry\\index.js":{"path":"C:\\Users\\TriAzur\\Desktop\\TRAVAIL\\NPM\\aec\\calculations\\SectionGeometry\\index.js","statementMap":{"0":{"start":{"line":1,"column":22},"end":{"line":1,"column":48}},"1":{"start":{"line":2,"column":27},"end":{"line":2,"column":58}},"2":{"start":{"line":3,"column":17},"end":{"line":3,"column":38}},"3":{"start":{"line":4,"column":17},"end":{"line":4,"column":38}},"4":{"start":{"line":5,"column":19},"end":{"line":5,"column":42}},"5":{"start":{"line":6,"column":30},"end":{"line":6,"column":64}},"6":{"start":{"line":8,"column":0},"end":{"line":15,"column":1}}},"fnMap":{},"branchMap":{},"s":{"0":1,"1":1,"2":1,"3":1,"4":1,"5":1,"6":1},"f":{},"b":{},"_coverageSchema":"1a1c01bbd47fc00a2c39e90264f33305004495a9","hash":"9000b7187409986d5db7dd0d2afbfb8413d80c5a","contentHash":"e616851965330718f40a65e58107638c0a11091977eb880ee6acb857ef02eafa"},"C:\\Users\\TriAzur\\Desktop\\TRAVAIL\\NPM\\aec\\calculations\\SectionGeometry\\CustomSection.js":{"path":"C:\\Users\\TriAzur\\Desktop\\TRAVAIL\\NPM\\aec\\calculations\\SectionGeometry\\CustomSection.js","statementMap":{"0":{"start":{"line":4,"column":4},"end":{"line":4,"column":33}},"1":{"start":{"line":5,"column":4},"end":{"line":5,"column":33}},"2":{"start":{"line":9,"column":21},"end":{"line":9,"column":36}},"3":{"start":{"line":10,"column":21},"end":{"line":10,"column":36}},"4":{"start":{"line":12,"column":20},"end":{"line":12,"column":21}},"5":{"start":{"line":13,"column":6},"end":{"line":16,"column":7}},"6":{"start":{"line":13,"column":19},"end":{"line":13,"column":20}},"7":{"start":{"line":14,"column":22},"end":{"line":14,"column":93}},"8":{"start":{"line":15,"column":8},"end":{"line":15,"column":25}},"9":{"start":{"line":17,"column":20},"end":{"line":17,"column":21}},"10":{"start":{"line":18,"column":6},"end":{"line":21,"column":7}},"11":{"start":{"line":18,"column":19},"end":{"line":18,"column":20}},"12":{"start":{"line":19,"column":22},"end":{"line":19,"column":93}},"13":{"start":{"line":20,"column":8},"end":{"line":20,"column":25}},"14":{"start":{"line":22,"column":17},"end":{"line":22,"column":34}},"15":{"start":{"line":24,"column":6},"end":{"line":24,"column":18}},"16":{"start":{"line":29,"column":19},"end":{"line":29,"column":34}},"17":{"start":{"line":30,"column":19},"end":{"line":30,"column":34}},"18":{"start":{"line":32,"column":15},"end":{"line":32,"column":16}},"19":{"start":{"line":33,"column":4},"end":{"line":36,"column":5}},"20":{"start":{"line":33,"column":17},"end":{"line":33,"column":18}},"21":{"start":{"line":34,"column":17},"end":{"line":34,"column":105}},"22":{"start":{"line":35,"column":6},"end":{"line":35,"column":17}},"23":{"start":{"line":37,"column":15},"end":{"line":37,"column":16}},"24":{"start":{"line":38,"column":4},"end":{"line":41,"column":5}},"25":{"start":{"line":38,"column":17},"end":{"line":38,"column":18}},"26":{"start":{"line":39,"column":17},"end":{"line":39,"column":105}},"27":{"start":{"line":40,"column":6},"end":{"line":40,"column":17}},"28":{"start":{"line":44,"column":4},"end":{"line":47,"column":6}},"29":{"start":{"line":51,"column":19},"end":{"line":51,"column":34}},"30":{"start":{"line":52,"column":19},"end":{"line":52,"column":34}},"31":{"start":{"line":53,"column":17},"end":{"line":53,"column":26}},"32":{"start":{"line":55,"column":16},"end":{"line":55,"column":17}},"33":{"start":{"line":56,"column":4},"end":{"line":59,"column":5}},"34":{"start":{"line":56,"column":17},"end":{"line":56,"column":18}},"35":{"start":{"line":57,"column":18},"end":{"line":57,"column":129}},"36":{"start":{"line":58,"column":6},"end":{"line":58,"column":19}},"37":{"start":{"line":60,"column":16},"end":{"line":60,"column":17}},"38":{"start":{"line":61,"column":4},"end":{"line":64,"column":5}},"39":{"start":{"line":61,"column":17},"end":{"line":61,"column":18}},"40":{"start":{"line":62,"column":18},"end":{"line":62,"column":129}},"41":{"start":{"line":63,"column":6},"end":{"line":63,"column":19}},"42":{"start":{"line":65,"column":13},"end":{"line":65,"column":14}},"43":{"start":{"line":66,"column":4},"end":{"line":68,"column":5}},"44":{"start":{"line":67,"column":6},"end":{"line":67,"column":40}},"45":{"start":{"line":70,"column":4},"end":{"line":70,"column":14}},"46":{"start":{"line":74,"column":19},"end":{"line":74,"column":34}},"47":{"start":{"line":75,"column":19},"end":{"line":75,"column":34}},"48":{"start":{"line":76,"column":17},"end":{"line":76,"column":26}},"49":{"start":{"line":78,"column":16},"end":{"line":78,"column":17}},"50":{"start":{"line":79,"column":4},"end":{"line":82,"column":5}},"51":{"start":{"line":79,"column":17},"end":{"line":79,"column":18}},"52":{"start":{"line":80,"column":18},"end":{"line":80,"column":129}},"53":{"start":{"line":81,"column":6},"end":{"line":81,"column":19}},"54":{"start":{"line":83,"column":16},"end":{"line":83,"column":17}},"55":{"start":{"line":84,"column":4},"end":{"line":87,"column":5}},"56":{"start":{"line":84,"column":17},"end":{"line":84,"column":18}},"57":{"start":{"line":85,"column":18},"end":{"line":85,"column":129}},"58":{"start":{"line":86,"column":6},"end":{"line":86,"column":19}},"59":{"start":{"line":88,"column":13},"end":{"line":88,"column":14}},"60":{"start":{"line":89,"column":4},"end":{"line":91,"column":5}},"61":{"start":{"line":90,"column":6},"end":{"line":90,"column":41}},"62":{"start":{"line":93,"column":4},"end":{"line":93,"column":14}},"63":{"start":{"line":97,"column":19},"end":{"line":97,"column":34}},"64":{"start":{"line":98,"column":19},"end":{"line":98,"column":34}},"65":{"start":{"line":99,"column":17},"end":{"line":99,"column":26}},"66":{"start":{"line":100,"column":15},"end":{"line":100,"column":22}},"67":{"start":{"line":102,"column":18},"end":{"line":102,"column":19}},"68":{"start":{"line":103,"column":4},"end":{"line":106,"column":5}},"69":{"start":{"line":103,"column":17},"end":{"line":103,"column":18}},"70":{"start":{"line":104,"column":20},"end":{"line":104,"column":177}},"71":{"start":{"line":105,"column":6},"end":{"line":105,"column":23}},"72":{"start":{"line":107,"column":18},"end":{"line":107,"column":19}},"73":{"start":{"line":108,"column":4},"end":{"line":111,"column":5}},"74":{"start":{"line":108,"column":17},"end":{"line":108,"column":18}},"75":{"start":{"line":109,"column":20},"end":{"line":109,"column":177}},"76":{"start":{"line":110,"column":6},"end":{"line":110,"column":23}},"77":{"start":{"line":112,"column":15},"end":{"line":112,"column":46}},"78":{"start":{"line":113,"column":15},"end":{"line":113,"column":38}},"79":{"start":{"line":118,"column":4},"end":{"line":121,"column":6}},"80":{"start":{"line":125,"column":19},"end":{"line":125,"column":34}},"81":{"start":{"line":126,"column":19},"end":{"line":126,"column":34}},"82":{"start":{"line":127,"column":17},"end":{"line":127,"column":26}},"83":{"start":{"line":128,"column":15},"end":{"line":128,"column":22}},"84":{"start":{"line":130,"column":18},"end":{"line":130,"column":19}},"85":{"start":{"line":131,"column":4},"end":{"line":134,"column":5}},"86":{"start":{"line":131,"column":17},"end":{"line":131,"column":18}},"87":{"start":{"line":132,"column":20},"end":{"line":132,"column":177}},"88":{"start":{"line":133,"column":6},"end":{"line":133,"column":23}},"89":{"start":{"line":135,"column":18},"end":{"line":135,"column":19}},"90":{"start":{"line":136,"column":4},"end":{"line":139,"column":5}},"91":{"start":{"line":136,"column":17},"end":{"line":136,"column":18}},"92":{"start":{"line":137,"column":20},"end":{"line":137,"column":177}},"93":{"start":{"line":138,"column":6},"end":{"line":138,"column":23}},"94":{"start":{"line":140,"column":15},"end":{"line":140,"column":45}},"95":{"start":{"line":141,"column":15},"end":{"line":141,"column":38}},"96":{"start":{"line":146,"column":4},"end":{"line":149,"column":6}},"97":{"start":{"line":153,"column":19},"end":{"line":153,"column":34}},"98":{"start":{"line":154,"column":19},"end":{"line":154,"column":34}},"99":{"start":{"line":155,"column":17},"end":{"line":155,"column":26}},"100":{"start":{"line":156,"column":15},"end":{"line":156,"column":21}},"101":{"start":{"line":157,"column":15},"end":{"line":157,"column":21}},"102":{"start":{"line":159,"column":18},"end":{"line":159,"column":19}},"103":{"start":{"line":160,"column":4},"end":{"line":163,"column":5}},"104":{"start":{"line":160,"column":17},"end":{"line":160,"column":18}},"105":{"start":{"line":161,"column":20},"end":{"line":161,"column":197}},"106":{"start":{"line":162,"column":6},"end":{"line":162,"column":23}},"107":{"start":{"line":164,"column":18},"end":{"line":164,"column":19}},"108":{"start":{"line":165,"column":4},"end":{"line":168,"column":5}},"109":{"start":{"line":165,"column":17},"end":{"line":165,"column":18}},"110":{"start":{"line":166,"column":20},"end":{"line":166,"column":197}},"111":{"start":{"line":167,"column":6},"end":{"line":167,"column":23}},"112":{"start":{"line":169,"column":15},"end":{"line":169,"column":45}},"113":{"start":{"line":170,"column":15},"end":{"line":170,"column":36}},"114":{"start":{"line":175,"column":4},"end":{"line":178,"column":6}},"115":{"start":{"line":182,"column":0},"end":{"line":182,"column":31}}},"fnMap":{"0":{"name":"(anonymous_0)","decl":{"start":{"line":3,"column":2},"end":{"line":3,"column":3}},"loc":{"start":{"line":3,"column":38},"end":{"line":6,"column":3}},"line":3},"1":{"name":"(anonymous_1)","decl":{"start":{"line":8,"column":2},"end":{"line":8,"column":3}},"loc":{"start":{"line":8,"column":13},"end":{"line":26,"column":3}},"line":8},"2":{"name":"(anonymous_2)","decl":{"start":{"line":28,"column":2},"end":{"line":28,"column":3}},"loc":{"start":{"line":28,"column":18},"end":{"line":48,"column":3}},"line":28},"3":{"name":"(anonymous_3)","decl":{"start":{"line":50,"column":2},"end":{"line":50,"column":3}},"loc":{"start":{"line":50,"column":11},"end":{"line":71,"column":3}},"line":50},"4":{"name":"(anonymous_4)","decl":{"start":{"line":73,"column":2},"end":{"line":73,"column":3}},"loc":{"start":{"line":73,"column":11},"end":{"line":94,"column":3}},"line":73},"5":{"name":"(anonymous_5)","decl":{"start":{"line":96,"column":2},"end":{"line":96,"column":3}},"loc":{"start":{"line":96,"column":12},"end":{"line":122,"column":3}},"line":96},"6":{"name":"(anonymous_6)","decl":{"start":{"line":124,"column":2},"end":{"line":124,"column":3}},"loc":{"start":{"line":124,"column":12},"end":{"line":150,"column":3}},"line":124},"7":{"name":"(anonymous_7)","decl":{"start":{"line":152,"column":2},"end":{"line":152,"column":3}},"loc":{"start":{"line":152,"column":12},"end":{"line":179,"column":3}},"line":152}},"branchMap":{"0":{"loc":{"start":{"line":66,"column":4},"end":{"line":68,"column":5}},"type":"if","locations":[{"start":{"line":66,"column":4},"end":{"line":68,"column":5}},{"start":{"line":66,"column":4},"end":{"line":68,"column":5}}],"line":66},"1":{"loc":{"start":{"line":89,"column":4},"end":{"line":91,"column":5}},"type":"if","locations":[{"start":{"line":89,"column":4},"end":{"line":91,"column":5}},{"start":{"line":89,"column":4},"end":{"line":91,"column":5}}],"line":89}},"s":{"0":4,"1":4,"2":8,"3":8,"4":8,"5":8,"6":8,"7":122,"8":122,"9":8,"10":8,"11":8,"12":113,"13":113,"14":8,"15":8,"16":0,"17":0,"18":0,"19":0,"20":0,"21":0,"22":0,"23":0,"24":0,"25":0,"26":0,"27":0,"28":0,"29":3,"30":3,"31":3,"32":3,"33":3,"34":3,"35":57,"36":57,"37":3,"38":3,"39":3,"40":54,"41":54,"42":3,"43":3,"44":3,"45":3,"46":3,"47":3,"48":3,"49":3,"50":3,"51":3,"52":57,"53":57,"54":3,"55":3,"56":3,"57":54,"58":54,"59":3,"60":3,"61":3,"62":3,"63":0,"64":0,"65":0,"66":0,"67":0,"68":0,"69":0,"70":0,"71":0,"72":0,"73":0,"74":0,"75":0,"76":0,"77":0,"78":0,"79":0,"80":0,"81":0,"82":0,"83":0,"84":0,"85":0,"86":0,"87":0,"88":0,"89":0,"90":0,"91":0,"92":0,"93":0,"94":0,"95":0,"96":0,"97":0,"98":0,"99":0,"100":0,"101":0,"102":0,"103":0,"104":0,"105":0,"106":0,"107":0,"108":0,"109":0,"110":0,"111":0,"112":0,"113":0,"114":0,"115":1},"f":{"0":4,"1":8,"2":0,"3":3,"4":3,"5":0,"6":0,"7":0},"b":{"0":[3,0],"1":[3,0]},"_coverageSchema":"1a1c01bbd47fc00a2c39e90264f33305004495a9","hash":"40727a58ae5df8bae73b3b74bb8e9208a50b7585","contentHash":"a8f8cce6d517f13c4d1de37f02f4a689ca534694891352421c9252b615f012be"},"C:\\Users\\TriAzur\\Desktop\\TRAVAIL\\NPM\\aec\\calculations\\SectionGeometry\\RectangularSection.js":{"path":"C:\\Users\\TriAzur\\Desktop\\TRAVAIL\\NPM\\aec\\calculations\\SectionGeometry\\RectangularSection.js","statementMap":{"0":{"start":{"line":1,"column":22},"end":{"line":1,"column":48}},"1":{"start":{"line":5,"column":4},"end":{"line":5,"column":15}},"2":{"start":{"line":6,"column":4},"end":{"line":6,"column":15}},"3":{"start":{"line":10,"column":14},"end":{"line":10,"column":20}},"4":{"start":{"line":11,"column":14},"end":{"line":11,"column":20}},"5":{"start":{"line":12,"column":4},"end":{"line":18,"column":5}},"6":{"start":{"line":22,"column":4},"end":{"line":25,"column":5}},"7":{"start":{"line":29,"column":14},"end":{"line":29,"column":20}},"8":{"start":{"line":30,"column":4},"end":{"line":30,"column":17}},"9":{"start":{"line":34,"column":26},"end":{"line":34,"column":77}},"10":{"start":{"line":35,"column":4},"end":{"line":35,"column":28}},"11":{"start":{"line":39,"column":26},"end":{"line":39,"column":77}},"12":{"start":{"line":40,"column":4},"end":{"line":40,"column":30}},"13":{"start":{"line":44,"column":26},"end":{"line":44,"column":77}},"14":{"start":{"line":45,"column":4},"end":{"line":45,"column":34}},"15":{"start":{"line":49,"column":26},"end":{"line":49,"column":77}},"16":{"start":{"line":50,"column":4},"end":{"line":50,"column":34}},"17":{"start":{"line":54,"column":26},"end":{"line":54,"column":77}},"18":{"start":{"line":55,"column":4},"end":{"line":55,"column":34}},"19":{"start":{"line":59,"column":0},"end":{"line":59,"column":36}}},"fnMap":{"0":{"name":"(anonymous_0)","decl":{"start":{"line":4,"column":2},"end":{"line":4,"column":3}},"loc":{"start":{"line":4,"column":24},"end":{"line":7,"column":3}},"line":4},"1":{"name":"(anonymous_1)","decl":{"start":{"line":9,"column":2},"end":{"line":9,"column":3}},"loc":{"start":{"line":9,"column":19},"end":{"line":19,"column":3}},"line":9},"2":{"name":"(anonymous_2)","decl":{"start":{"line":21,"column":2},"end":{"line":21,"column":3}},"loc":{"start":{"line":21,"column":19},"end":{"line":26,"column":3}},"line":21},"3":{"name":"(anonymous_3)","decl":{"start":{"line":28,"column":2},"end":{"line":28,"column":3}},"loc":{"start":{"line":28,"column":11},"end":{"line":31,"column":3}},"line":28},"4":{"name":"(anonymous_4)","decl":{"start":{"line":33,"column":2},"end":{"line":33,"column":3}},"loc":{"start":{"line":33,"column":11},"end":{"line":36,"column":3}},"line":33},"5":{"name":"(anonymous_5)","decl":{"start":{"line":38,"column":2},"end":{"line":38,"column":3}},"loc":{"start":{"line":38,"column":10},"end":{"line":41,"column":3}},"line":38},"6":{"name":"(anonymous_6)","decl":{"start":{"line":43,"column":2},"end":{"line":43,"column":3}},"loc":{"start":{"line":43,"column":11},"end":{"line":46,"column":3}},"line":43},"7":{"name":"(anonymous_7)","decl":{"start":{"line":48,"column":2},"end":{"line":48,"column":3}},"loc":{"start":{"line":48,"column":11},"end":{"line":51,"column":3}},"line":48},"8":{"name":"(anonymous_8)","decl":{"start":{"line":53,"column":2},"end":{"line":53,"column":3}},"loc":{"start":{"line":53,"column":12},"end":{"line":56,"column":3}},"line":53}},"branchMap":{},"s":{"0":1,"1":0,"2":0,"3":0,"4":0,"5":0,"6":0,"7":0,"8":0,"9":0,"10":0,"11":0,"12":0,"13":0,"14":0,"15":0,"16":0,"17":0,"18":0,"19":1},"f":{"0":0,"1":0,"2":0,"3":0,"4":0,"5":0,"6":0,"7":0,"8":0},"b":{},"_coverageSchema":"1a1c01bbd47fc00a2c39e90264f33305004495a9","hash":"cc24d5294c1f03654962f7feccb2580b50273b97","contentHash":"e4d97fef5442e08a3ec9a4ca21ed815c9d2a0a6a69e9461fe19a62b36b8ca5d8"},"C:\\Users\\TriAzur\\Desktop\\TRAVAIL\\NPM\\aec\\calculations\\SectionGeometry\\TSection.js":{"path":"C:\\Users\\TriAzur\\Desktop\\TRAVAIL\\NPM\\aec\\calculations\\SectionGeometry\\TSection.js","statementMap":{"0":{"start":{"line":1,"column":22},"end":{"line":1,"column":48}},"1":{"start":{"line":5,"column":4},"end":{"line":5,"column":15}},"2":{"start":{"line":6,"column":4},"end":{"line":6,"column":15}},"3":{"start":{"line":7,"column":4},"end":{"line":7,"column":17}},"4":{"start":{"line":8,"column":4},"end":{"line":8,"column":17}},"5":{"start":{"line":12,"column":14},"end":{"line":12,"column":20}},"6":{"start":{"line":13,"column":14},"end":{"line":13,"column":20}},"7":{"start":{"line":14,"column":15},"end":{"line":14,"column":22}},"8":{"start":{"line":15,"column":15},"end":{"line":15,"column":22}},"9":{"start":{"line":16,"column":4},"end":{"line":26,"column":5}},"10":{"start":{"line":30,"column":4},"end":{"line":33,"column":5}},"11":{"start":{"line":37,"column":26},"end":{"line":37,"column":77}},"12":{"start":{"line":38,"column":4},"end":{"line":38,"column":28}},"13":{"start":{"line":42,"column":26},"end":{"line":42,"column":77}},"14":{"start":{"line":43,"column":4},"end":{"line":43,"column":28}},"15":{"start":{"line":47,"column":26},"end":{"line":47,"column":77}},"16":{"start":{"line":48,"column":4},"end":{"line":48,"column":30}},"17":{"start":{"line":52,"column":26},"end":{"line":52,"column":77}},"18":{"start":{"line":53,"column":4},"end":{"line":53,"column":29}},"19":{"start":{"line":57,"column":26},"end":{"line":57,"column":77}},"20":{"start":{"line":58,"column":4},"end":{"line":58,"column":29}},"21":{"start":{"line":62,"column":26},"end":{"line":62,"column":77}},"22":{"start":{"line":63,"column":4},"end":{"line":63,"column":29}},"23":{"start":{"line":67,"column":0},"end":{"line":67,"column":26}}},"fnMap":{"0":{"name":"(anonymous_0)","decl":{"start":{"line":4,"column":2},"end":{"line":4,"column":3}},"loc":{"start":{"line":4,"column":28},"end":{"line":9,"column":3}},"line":4},"1":{"name":"(anonymous_1)","decl":{"start":{"line":11,"column":2},"end":{"line":11,"column":3}},"loc":{"start":{"line":11,"column":19},"end":{"line":27,"column":3}},"line":11},"2":{"name":"(anonymous_2)","decl":{"start":{"line":29,"column":2},"end":{"line":29,"column":3}},"loc":{"start":{"line":29,"column":19},"end":{"line":34,"column":3}},"line":29},"3":{"name":"(anonymous_3)","decl":{"start":{"line":36,"column":2},"end":{"line":36,"column":3}},"loc":{"start":{"line":36,"column":11},"end":{"line":39,"column":3}},"line":36},"4":{"name":"(anonymous_4)","decl":{"start":{"line":41,"column":2},"end":{"line":41,"column":3}},"loc":{"start":{"line":41,"column":11},"end":{"line":44,"column":3}},"line":41},"5":{"name":"(anonymous_5)","decl":{"start":{"line":46,"column":2},"end":{"line":46,"column":3}},"loc":{"start":{"line":46,"column":13},"end":{"line":49,"column":3}},"line":46},"6":{"name":"(anonymous_6)","decl":{"start":{"line":51,"column":2},"end":{"line":51,"column":3}},"loc":{"start":{"line":51,"column":12},"end":{"line":54,"column":3}},"line":51},"7":{"name":"(anonymous_7)","decl":{"start":{"line":56,"column":2},"end":{"line":56,"column":3}},"loc":{"start":{"line":56,"column":12},"end":{"line":59,"column":3}},"line":56},"8":{"name":"(anonymous_8)","decl":{"start":{"line":61,"column":2},"end":{"line":61,"column":3}},"loc":{"start":{"line":61,"column":12},"end":{"line":64,"column":3}},"line":61}},"branchMap":{},"s":{"0":1,"1":0,"2":0,"3":0,"4":0,"5":0,"6":0,"7":0,"8":0,"9":0,"10":0,"11":0,"12":0,"13":0,"14":0,"15":0,"16":0,"17":0,"18":0,"19":0,"20":0,"21":0,"22":0,"23":1},"f":{"0":0,"1":0,"2":0,"3":0,"4":0,"5":0,"6":0,"7":0,"8":0},"b":{},"_coverageSchema":"1a1c01bbd47fc00a2c39e90264f33305004495a9","hash":"96cf1b39c1935e40f4354dbdd263d679c438fff6","contentHash":"608785a6628ec574bd46de2697a6735dc0ab16eca8b7af12e22de76ec05b06f9"},"C:\\Users\\TriAzur\\Desktop\\TRAVAIL\\NPM\\aec\\calculations\\SectionGeometry\\ISection.js":{"path":"C:\\Users\\TriAzur\\Desktop\\TRAVAIL\\NPM\\aec\\calculations\\SectionGeometry\\ISection.js","statementMap":{"0":{"start":{"line":1,"column":22},"end":{"line":1,"column":48}},"1":{"start":{"line":5,"column":4},"end":{"line":5,"column":17}},"2":{"start":{"line":6,"column":2},"end":{"line":6,"column":15}},"3":{"start":{"line":7,"column":2},"end":{"line":7,"column":13}},"4":{"start":{"line":8,"column":2},"end":{"line":8,"column":13}},"5":{"start":{"line":9,"column":2},"end":{"line":9,"column":13}},"6":{"start":{"line":13,"column":13},"end":{"line":13,"column":28}},"7":{"start":{"line":14,"column":13},"end":{"line":14,"column":28}},"8":{"start":{"line":15,"column":12},"end":{"line":15,"column":26}},"9":{"start":{"line":16,"column":12},"end":{"line":16,"column":26}},"10":{"start":{"line":17,"column":12},"end":{"line":17,"column":26}},"11":{"start":{"line":18,"column":4},"end":{"line":33,"column":4}},"12":{"start":{"line":37,"column":13},"end":{"line":37,"column":28}},"13":{"start":{"line":38,"column":13},"end":{"line":38,"column":28}},"14":{"start":{"line":39,"column":12},"end":{"line":39,"column":26}},"15":{"start":{"line":40,"column":12},"end":{"line":40,"column":26}},"16":{"start":{"line":41,"column":12},"end":{"line":41,"column":26}},"17":{"start":{"line":42,"column":4},"end":{"line":45,"column":4}},"18":{"start":{"line":49,"column":4},"end":{"line":49,"column":13}},"19":{"start":{"line":53,"column":12},"end":{"line":53,"column":26}},"20":{"start":{"line":54,"column":14},"end":{"line":54,"column":28}},"21":{"start":{"line":55,"column":4},"end":{"line":55,"column":27}},"22":{"start":{"line":59,"column":13},"end":{"line":59,"column":28}},"23":{"start":{"line":60,"column":13},"end":{"line":60,"column":28}},"24":{"start":{"line":61,"column":12},"end":{"line":61,"column":26}},"25":{"start":{"line":62,"column":12},"end":{"line":62,"column":26}},"26":{"start":{"line":63,"column":12},"end":{"line":63,"column":26}},"27":{"start":{"line":64,"column":4},"end":{"line":64,"column":78}},"28":{"start":{"line":68,"column":13},"end":{"line":68,"column":28}},"29":{"start":{"line":69,"column":13},"end":{"line":69,"column":28}},"30":{"start":{"line":70,"column":12},"end":{"line":70,"column":26}},"31":{"start":{"line":71,"column":12},"end":{"line":71,"column":26}},"32":{"start":{"line":72,"column":12},"end":{"line":72,"column":26}},"33":{"start":{"line":73,"column":4},"end":{"line":73,"column":111}},"34":{"start":{"line":77,"column":13},"end":{"line":77,"column":28}},"35":{"start":{"line":78,"column":13},"end":{"line":78,"column":28}},"36":{"start":{"line":79,"column":12},"end":{"line":79,"column":26}},"37":{"start":{"line":80,"column":12},"end":{"line":80,"column":26}},"38":{"start":{"line":81,"column":12},"end":{"line":81,"column":26}},"39":{"start":{"line":82,"column":4},"end":{"line":82,"column":90}},"40":{"start":{"line":86,"column":13},"end":{"line":86,"column":28}},"41":{"start":{"line":87,"column":13},"end":{"line":87,"column":28}},"42":{"start":{"line":88,"column":12},"end":{"line":88,"column":26}},"43":{"start":{"line":89,"column":12},"end":{"line":89,"column":26}},"44":{"start":{"line":90,"column":12},"end":{"line":90,"column":26}},"45":{"start":{"line":91,"column":4},"end":{"line":91,"column":99}},"46":{"start":{"line":95,"column":26},"end":{"line":95,"column":77}},"47":{"start":{"line":96,"column":4},"end":{"line":96,"column":34}},"48":{"start":{"line":100,"column":13},"end":{"line":100,"column":28}},"49":{"start":{"line":101,"column":13},"end":{"line":101,"column":28}},"50":{"start":{"line":102,"column":12},"end":{"line":102,"column":26}},"51":{"start":{"line":103,"column":12},"end":{"line":103,"column":26}},"52":{"start":{"line":104,"column":12},"end":{"line":104,"column":26}},"53":{"start":{"line":105,"column":4},"end":{"line":105,"column":98}},"54":{"start":{"line":109,"column":13},"end":{"line":109,"column":28}},"55":{"start":{"line":110,"column":13},"end":{"line":110,"column":28}},"56":{"start":{"line":111,"column":12},"end":{"line":111,"column":26}},"57":{"start":{"line":112,"column":12},"end":{"line":112,"column":26}},"58":{"start":{"line":113,"column":12},"end":{"line":113,"column":26}},"59":{"start":{"line":114,"column":4},"end":{"line":114,"column":117}},"60":{"start":{"line":118,"column":13},"end":{"line":118,"column":28}},"61":{"start":{"line":119,"column":13},"end":{"line":119,"column":28}},"62":{"start":{"line":120,"column":12},"end":{"line":120,"column":26}},"63":{"start":{"line":121,"column":12},"end":{"line":121,"column":26}},"64":{"start":{"line":122,"column":12},"end":{"line":122,"column":26}},"65":{"start":{"line":123,"column":4},"end":{"line":123,"column":105}},"66":{"start":{"line":127,"column":13},"end":{"line":127,"column":28}},"67":{"start":{"line":128,"column":13},"end":{"line":128,"column":28}},"68":{"start":{"line":129,"column":12},"end":{"line":129,"column":26}},"69":{"start":{"line":130,"column":12},"end":{"line":130,"column":26}},"70":{"start":{"line":131,"column":12},"end":{"line":131,"column":26}},"71":{"start":{"line":132,"column":4},"end":{"line":132,"column":114}},"72":{"start":{"line":136,"column":13},"end":{"line":136,"column":28}},"73":{"start":{"line":137,"column":13},"end":{"line":137,"column":28}},"74":{"start":{"line":138,"column":12},"end":{"line":138,"column":26}},"75":{"start":{"line":139,"column":12},"end":{"line":139,"column":26}},"76":{"start":{"line":140,"column":12},"end":{"line":140,"column":26}},"77":{"start":{"line":141,"column":4},"end":{"line":141,"column":88}},"78":{"start":{"line":145,"column":13},"end":{"line":145,"column":28}},"79":{"start":{"line":146,"column":13},"end":{"line":146,"column":28}},"80":{"start":{"line":147,"column":12},"end":{"line":147,"column":26}},"81":{"start":{"line":148,"column":12},"end":{"line":148,"column":26}},"82":{"start":{"line":149,"column":12},"end":{"line":149,"column":26}},"83":{"start":{"line":150,"column":4},"end":{"line":150,"column":96}},"84":{"start":{"line":154,"column":0},"end":{"line":154,"column":26}}},"fnMap":{"0":{"name":"(anonymous_0)","decl":{"start":{"line":4,"column":2},"end":{"line":4,"column":3}},"loc":{"start":{"line":4,"column":35},"end":{"line":10,"column":3}},"line":4},"1":{"name":"(anonymous_1)","decl":{"start":{"line":12,"column":2},"end":{"line":12,"column":3}},"loc":{"start":{"line":12,"column":19},"end":{"line":34,"column":3}},"line":12},"2":{"name":"(anonymous_2)","decl":{"start":{"line":36,"column":2},"end":{"line":36,"column":3}},"loc":{"start":{"line":36,"column":19},"end":{"line":46,"column":3}},"line":36},"3":{"name":"(anonymous_3)","decl":{"start":{"line":48,"column":2},"end":{"line":48,"column":3}},"loc":{"start":{"line":48,"column":11},"end":{"line":50,"column":3}},"line":48},"4":{"name":"(anonymous_4)","decl":{"start":{"line":52,"column":2},"end":{"line":52,"column":3}},"loc":{"start":{"line":52,"column":11},"end":{"line":56,"column":3}},"line":52},"5":{"name":"(anonymous_5)","decl":{"start":{"line":58,"column":2},"end":{"line":58,"column":3}},"loc":{"start":{"line":58,"column":10},"end":{"line":65,"column":3}},"line":58},"6":{"name":"(anonymous_6)","decl":{"start":{"line":67,"column":2},"end":{"line":67,"column":3}},"loc":{"start":{"line":67,"column":11},"end":{"line":74,"column":3}},"line":67},"7":{"name":"(anonymous_7)","decl":{"start":{"line":76,"column":2},"end":{"line":76,"column":3}},"loc":{"start":{"line":76,"column":11},"end":{"line":83,"column":3}},"line":76},"8":{"name":"(anonymous_8)","decl":{"start":{"line":85,"column":2},"end":{"line":85,"column":3}},"loc":{"start":{"line":85,"column":11},"end":{"line":92,"column":3}},"line":85},"9":{"name":"(anonymous_9)","decl":{"start":{"line":94,"column":2},"end":{"line":94,"column":3}},"loc":{"start":{"line":94,"column":12},"end":{"line":97,"column":2}},"line":94},"10":{"name":"(anonymous_10)","decl":{"start":{"line":99,"column":1},"end":{"line":99,"column":2}},"loc":{"start":{"line":99,"column":10},"end":{"line":106,"column":3}},"line":99},"11":{"name":"(anonymous_11)","decl":{"start":{"line":108,"column":1},"end":{"line":108,"column":2}},"loc":{"start":{"line":108,"column":10},"end":{"line":115,"column":2}},"line":108},"12":{"name":"(anonymous_12)","decl":{"start":{"line":117,"column":2},"end":{"line":117,"column":3}},"loc":{"start":{"line":117,"column":13},"end":{"line":124,"column":3}},"line":117},"13":{"name":"(anonymous_13)","decl":{"start":{"line":126,"column":2},"end":{"line":126,"column":3}},"loc":{"start":{"line":126,"column":13},"end":{"line":133,"column":3}},"line":126},"14":{"name":"(anonymous_14)","decl":{"start":{"line":135,"column":2},"end":{"line":135,"column":3}},"loc":{"start":{"line":135,"column":13},"end":{"line":142,"column":3}},"line":135},"15":{"name":"(anonymous_15)","decl":{"start":{"line":144,"column":2},"end":{"line":144,"column":3}},"loc":{"start":{"line":144,"column":13},"end":{"line":151,"column":3}},"line":144}},"branchMap":{},"s":{"0":1,"1":0,"2":0,"3":0,"4":0,"5":0,"6":0,"7":0,"8":0,"9":0,"10":0,"11":0,"12":0,"13":0,"14":0,"15":0,"16":0,"17":0,"18":0,"19":0,"20":0,"21":0,"22":0,"23":0,"24":0,"25":0,"26":0,"27":0,"28":0,"29":0,"30":0,"31":0,"32":0,"33":0,"34":0,"35":0,"36":0,"37":0,"38":0,"39":0,"40":0,"41":0,"42":0,"43":0,"44":0,"45":0,"46":0,"47":0,"48":0,"49":0,"50":0,"51":0,"52":0,"53":0,"54":0,"55":0,"56":0,"57":0,"58":0,"59":0,"60":0,"61":0,"62":0,"63":0,"64":0,"65":0,"66":0,"67":0,"68":0,"69":0,"70":0,"71":0,"72":0,"73":0,"74":0,"75":0,"76":0,"77":0,"78":0,"79":0,"80":0,"81":0,"82":0,"83":0,"84":1},"f":{"0":0,"1":0,"2":0,"3":0,"4":0,"5":0,"6":0,"7":0,"8":0,"9":0,"10":0,"11":0,"12":0,"13":0,"14":0,"15":0},"b":{},"_coverageSchema":"1a1c01bbd47fc00a2c39e90264f33305004495a9","hash":"7123e8bc64be2005089c0c363884576b2d9290e0","contentHash":"693e498211788da9476ea1b4a8d6371a3804c0a48952821ec4f96182b5008dc3"},"C:\\Users\\TriAzur\\Desktop\\TRAVAIL\\NPM\\aec\\calculations\\SectionGeometry\\BoxSection.js":{"path":"C:\\Users\\TriAzur\\Desktop\\TRAVAIL\\NPM\\aec\\calculations\\SectionGeometry\\BoxSection.js","statementMap":{"0":{"start":{"line":1,"column":22},"end":{"line":1,"column":48}},"1":{"start":{"line":5,"column":2},"end":{"line":5,"column":15}},"2":{"start":{"line":6,"column":2},"end":{"line":6,"column":15}},"3":{"start":{"line":7,"column":2},"end":{"line":7,"column":13}},"4":{"start":{"line":8,"column":2},"end":{"line":8,"column":13}},"5":{"start":{"line":9,"column":2},"end":{"line":9,"column":13}},"6":{"start":{"line":10,"column":2},"end":{"line":10,"column":13}},"7":{"start":{"line":14,"column":13},"end":{"line":14,"column":28}},"8":{"start":{"line":15,"column":13},"end":{"line":15,"column":28}},"9":{"start":{"line":16,"column":12},"end":{"line":16,"column":26}},"10":{"start":{"line":17,"column":12},"end":{"line":17,"column":26}},"11":{"start":{"line":18,"column":12},"end":{"line":18,"column":26}},"12":{"start":{"line":19,"column":12},"end":{"line":19,"column":26}},"13":{"start":{"line":20,"column":2},"end":{"line":35,"column":4}},"14":{"start":{"line":39,"column":13},"end":{"line":39,"column":28}},"15":{"start":{"line":40,"column":13},"end":{"line":40,"column":28}},"16":{"start":{"line":41,"column":12},"end":{"line":41,"column":26}},"17":{"start":{"line":42,"column":12},"end":{"line":42,"column":26}},"18":{"start":{"line":43,"column":12},"end":{"line":43,"column":26}},"19":{"start":{"line":44,"column":12},"end":{"line":44,"column":26}},"20":{"start":{"line":45,"column":2},"end":{"line":52,"column":4}},"21":{"start":{"line":56,"column":2},"end":{"line":56,"column":11}},"22":{"start":{"line":60,"column":12},"end":{"line":60,"column":26}},"23":{"start":{"line":61,"column":12},"end":{"line":61,"column":26}},"24":{"start":{"line":62,"column":2},"end":{"line":62,"column":25}},"25":{"start":{"line":66,"column":13},"end":{"line":66,"column":28}},"26":{"start":{"line":67,"column":13},"end":{"line":67,"column":28}},"27":{"start":{"line":68,"column":12},"end":{"line":68,"column":26}},"28":{"start":{"line":69,"column":12},"end":{"line":69,"column":26}},"29":{"start":{"line":70,"column":12},"end":{"line":70,"column":26}},"30":{"start":{"line":71,"column":12},"end":{"line":71,"column":26}},"31":{"start":{"line":72,"column":2},"end":{"line":72,"column":80}},"32":{"start":{"line":76,"column":13},"end":{"line":76,"column":28}},"33":{"start":{"line":77,"column":13},"end":{"line":77,"column":28}},"34":{"start":{"line":78,"column":12},"end":{"line":78,"column":26}},"35":{"start":{"line":79,"column":12},"end":{"line":79,"column":26}},"36":{"start":{"line":80,"column":12},"end":{"line":80,"column":26}},"37":{"start":{"line":81,"column":12},"end":{"line":81,"column":26}},"38":{"start":{"line":82,"column":2},"end":{"line":82,"column":113}},"39":{"start":{"line":86,"column":13},"end":{"line":86,"column":28}},"40":{"start":{"line":87,"column":13},"end":{"line":87,"column":28}},"41":{"start":{"line":88,"column":12},"end":{"line":88,"column":26}},"42":{"start":{"line":89,"column":12},"end":{"line":89,"column":26}},"43":{"start":{"line":90,"column":12},"end":{"line":90,"column":26}},"44":{"start":{"line":91,"column":12},"end":{"line":91,"column":26}},"45":{"start":{"line":92,"column":2},"end":{"line":92,"column":101}},"46":{"start":{"line":96,"column":13},"end":{"line":96,"column":28}},"47":{"start":{"line":97,"column":13},"end":{"line":97,"column":28}},"48":{"start":{"line":98,"column":12},"end":{"line":98,"column":26}},"49":{"start":{"line":99,"column":12},"end":{"line":99,"column":26}},"50":{"start":{"line":100,"column":12},"end":{"line":100,"column":26}},"51":{"start":{"line":101,"column":12},"end":{"line":101,"column":26}},"52":{"start":{"line":102,"column":2},"end":{"line":102,"column":158}},"53":{"start":{"line":106,"column":24},"end":{"line":106,"column":75}},"54":{"start":{"line":107,"column":2},"end":{"line":107,"column":32}},"55":{"start":{"line":111,"column":13},"end":{"line":111,"column":28}},"56":{"start":{"line":112,"column":13},"end":{"line":112,"column":28}},"57":{"start":{"line":113,"column":12},"end":{"line":113,"column":26}},"58":{"start":{"line":114,"column":12},"end":{"line":114,"column":26}},"59":{"start":{"line":115,"column":12},"end":{"line":115,"column":26}},"60":{"start":{"line":116,"column":12},"end":{"line":116,"column":26}},"61":{"start":{"line":117,"column":2},"end":{"line":117,"column":131}},"62":{"start":{"line":121,"column":13},"end":{"line":121,"column":28}},"63":{"start":{"line":122,"column":13},"end":{"line":122,"column":28}},"64":{"start":{"line":123,"column":12},"end":{"line":123,"column":26}},"65":{"start":{"line":124,"column":12},"end":{"line":124,"column":26}},"66":{"start":{"line":125,"column":12},"end":{"line":125,"column":26}},"67":{"start":{"line":126,"column":12},"end":{"line":126,"column":26}},"68":{"start":{"line":127,"column":2},"end":{"line":127,"column":132}},"69":{"start":{"line":131,"column":13},"end":{"line":131,"column":28}},"70":{"start":{"line":132,"column":13},"end":{"line":132,"column":28}},"71":{"start":{"line":133,"column":12},"end":{"line":133,"column":26}},"72":{"start":{"line":134,"column":12},"end":{"line":134,"column":26}},"73":{"start":{"line":135,"column":12},"end":{"line":135,"column":26}},"74":{"start":{"line":136,"column":12},"end":{"line":136,"column":26}},"75":{"start":{"line":137,"column":2},"end":{"line":137,"column":121}},"76":{"start":{"line":141,"column":13},"end":{"line":141,"column":28}},"77":{"start":{"line":142,"column":13},"end":{"line":142,"column":28}},"78":{"start":{"line":143,"column":12},"end":{"line":143,"column":26}},"79":{"start":{"line":144,"column":12},"end":{"line":144,"column":26}},"80":{"start":{"line":145,"column":12},"end":{"line":145,"column":26}},"81":{"start":{"line":146,"column":12},"end":{"line":146,"column":26}},"82":{"start":{"line":147,"column":2},"end":{"line":147,"column":178}},"83":{"start":{"line":151,"column":13},"end":{"line":151,"column":28}},"84":{"start":{"line":152,"column":13},"end":{"line":152,"column":28}},"85":{"start":{"line":153,"column":12},"end":{"line":153,"column":26}},"86":{"start":{"line":154,"column":12},"end":{"line":154,"column":26}},"87":{"start":{"line":155,"column":12},"end":{"line":155,"column":26}},"88":{"start":{"line":156,"column":12},"end":{"line":156,"column":26}},"89":{"start":{"line":157,"column":2},"end":{"line":157,"column":94}},"90":{"start":{"line":161,"column":13},"end":{"line":161,"column":28}},"91":{"start":{"line":162,"column":13},"end":{"line":162,"column":28}},"92":{"start":{"line":163,"column":12},"end":{"line":163,"column":26}},"93":{"start":{"line":164,"column":12},"end":{"line":164,"column":26}},"94":{"start":{"line":165,"column":12},"end":{"line":165,"column":26}},"95":{"start":{"line":166,"column":12},"end":{"line":166,"column":26}},"96":{"start":{"line":167,"column":2},"end":{"line":167,"column":94}},"97":{"start":{"line":171,"column":0},"end":{"line":171,"column":28}}},"fnMap":{"0":{"name":"(anonymous_0)","decl":{"start":{"line":4,"column":1},"end":{"line":4,"column":2}},"loc":{"start":{"line":4,"column":37},"end":{"line":11,"column":2}},"line":4},"1":{"name":"(anonymous_1)","decl":{"start":{"line":13,"column":1},"end":{"line":13,"column":2}},"loc":{"start":{"line":13,"column":18},"end":{"line":36,"column":2}},"line":13},"2":{"name":"(anonymous_2)","decl":{"start":{"line":38,"column":1},"end":{"line":38,"column":2}},"loc":{"start":{"line":38,"column":18},"end":{"line":53,"column":2}},"line":38},"3":{"name":"(anonymous_3)","decl":{"start":{"line":55,"column":1},"end":{"line":55,"column":2}},"loc":{"start":{"line":55,"column":10},"end":{"line":57,"column":2}},"line":55},"4":{"name":"(anonymous_4)","decl":{"start":{"line":59,"column":1},"end":{"line":59,"column":2}},"loc":{"start":{"line":59,"column":10},"end":{"line":63,"column":2}},"line":59},"5":{"name":"(anonymous_5)","decl":{"start":{"line":65,"column":1},"end":{"line":65,"column":2}},"loc":{"start":{"line":65,"column":9},"end":{"line":73,"column":2}},"line":65},"6":{"name":"(anonymous_6)","decl":{"start":{"line":75,"column":1},"end":{"line":75,"column":2}},"loc":{"start":{"line":75,"column":10},"end":{"line":83,"column":2}},"line":75},"7":{"name":"(anonymous_7)","decl":{"start":{"line":85,"column":1},"end":{"line":85,"column":2}},"loc":{"start":{"line":85,"column":10},"end":{"line":93,"column":2}},"line":85},"8":{"name":"(anonymous_8)","decl":{"start":{"line":95,"column":1},"end":{"line":95,"column":2}},"loc":{"start":{"line":95,"column":10},"end":{"line":103,"column":2}},"line":95},"9":{"name":"(anonymous_9)","decl":{"start":{"line":105,"column":1},"end":{"line":105,"column":2}},"loc":{"start":{"line":105,"column":11},"end":{"line":108,"column":2}},"line":105},"10":{"name":"(anonymous_10)","decl":{"start":{"line":110,"column":1},"end":{"line":110,"column":2}},"loc":{"start":{"line":110,"column":10},"end":{"line":118,"column":2}},"line":110},"11":{"name":"(anonymous_11)","decl":{"start":{"line":120,"column":1},"end":{"line":120,"column":2}},"loc":{"start":{"line":120,"column":10},"end":{"line":128,"column":2}},"line":120},"12":{"name":"(anonymous_12)","decl":{"start":{"line":130,"column":1},"end":{"line":130,"column":2}},"loc":{"start":{"line":130,"column":12},"end":{"line":138,"column":2}},"line":130},"13":{"name":"(anonymous_13)","decl":{"start":{"line":140,"column":1},"end":{"line":140,"column":2}},"loc":{"start":{"line":140,"column":12},"end":{"line":148,"column":2}},"line":140},"14":{"name":"(anonymous_14)","decl":{"start":{"line":150,"column":1},"end":{"line":150,"column":2}},"loc":{"start":{"line":150,"column":12},"end":{"line":158,"column":2}},"line":150},"15":{"name":"(anonymous_15)","decl":{"start":{"line":160,"column":1},"end":{"line":160,"column":2}},"loc":{"start":{"line":160,"column":12},"end":{"line":168,"column":2}},"line":160}},"branchMap":{},"s":{"0":1,"1":2,"2":2,"3":2,"4":2,"5":2,"6":2,"7":0,"8":0,"9":0,"10":0,"11":0,"12":0,"13":0,"14":0,"15":0,"16":0,"17":0,"18":0,"19":0,"20":0,"21":2,"22":2,"23":2,"24":2,"25":2,"26":2,"27":2,"28":2,"29":2,"30":2,"31":2,"32":2,"33":2,"34":2,"35":2,"36":2,"37":2,"38":2,"39":2,"40":2,"41":2,"42":2,"43":2,"44":2,"45":2,"46":2,"47":2,"48":2,"49":2,"50":2,"51":2,"52":2,"53":0,"54":0,"55":2,"56":2,"57":2,"58":2,"59":2,"60":2,"61":2,"62":2,"63":2,"64":2,"65":2,"66":2,"67":2,"68":2,"69":2,"70":2,"71":2,"72":2,"73":2,"74":2,"75":2,"76":2,"77":2,"78":2,"79":2,"80":2,"81":2,"82":2,"83":2,"84":2,"85":2,"86":2,"87":2,"88":2,"89":2,"90":2,"91":2,"92":2,"93":2,"94":2,"95":2,"96":2,"97":1},"f":{"0":2,"1":0,"2":0,"3":2,"4":2,"5":2,"6":2,"7":2,"8":2,"9":0,"10":2,"11":2,"12":2,"13":2,"14":2,"15":2},"b":{},"_coverageSchema":"1a1c01bbd47fc00a2c39e90264f33305004495a9","hash":"c73ccc1b97636a665bd1db0ea3630ae4b33d0867","contentHash":"b4f94d6959c0c9e3d224dbcf92c083b0f0b4de07eb5a8a3186bfc8167a347b74"},"C:\\Users\\TriAzur\\Desktop\\TRAVAIL\\NPM\\aec\\calculations\\SectionGeometry\\CircularHollowSection.js":{"path":"C:\\Users\\TriAzur\\Desktop\\TRAVAIL\\NPM\\aec\\calculations\\SectionGeometry\\CircularHollowSection.js","statementMap":{"0":{"start":{"line":1,"column":22},"end":{"line":1,"column":48}},"1":{"start":{"line":5,"column":4},"end":{"line":5,"column":15}},"2":{"start":{"line":6,"column":4},"end":{"line":6,"column":15}},"3":{"start":{"line":10,"column":4},"end":{"line":26,"column":5}},"4":{"start":{"line":30,"column":12},"end":{"line":30,"column":26}},"5":{"start":{"line":31,"column":12},"end":{"line":31,"column":26}},"6":{"start":{"line":32,"column":17},"end":{"line":32,"column":19}},"7":{"start":{"line":33,"column":2},"end":{"line":37,"column":3}},"8":{"start":{"line":33,"column":15},"end":{"line":33,"column":16}},"9":{"start":{"line":34,"column":16},"end":{"line":34,"column":54}},"10":{"start":{"line":35,"column":16},"end":{"line":35,"column":54}},"11":{"start":{"line":36,"column":3},"end":{"line":36,"column":37}},"12":{"start":{"line":38,"column":4},"end":{"line":38,"column":18}},"13":{"start":{"line":42,"column":12},"end":{"line":42,"column":26}},"14":{"start":{"line":43,"column":12},"end":{"line":43,"column":26}},"15":{"start":{"line":44,"column":17},"end":{"line":44,"column":19}},"16":{"start":{"line":45,"column":2},"end":{"line":49,"column":3}},"17":{"start":{"line":45,"column":15},"end":{"line":45,"column":16}},"18":{"start":{"line":46,"column":16},"end":{"line":46,"column":60}},"19":{"start":{"line":47,"column":16},"end":{"line":47,"column":60}},"20":{"start":{"line":48,"column":3},"end":{"line":48,"column":37}},"21":{"start":{"line":50,"column":4},"end":{"line":50,"column":18}},"22":{"start":{"line":54,"column":26},"end":{"line":54,"column":77}},"23":{"start":{"line":55,"column":4},"end":{"line":55,"column":28}},"24":{"start":{"line":59,"column":26},"end":{"line":59,"column":77}},"25":{"start":{"line":60,"column":4},"end":{"line":60,"column":28}},"26":{"start":{"line":64,"column":14},"end":{"line":64,"column":28}},"27":{"start":{"line":65,"column":14},"end":{"line":65,"column":28}},"28":{"start":{"line":66,"column":15},"end":{"line":66,"column":22}},"29":{"start":{"line":68,"column":4},"end":{"line":68,"column":38}},"30":{"start":{"line":72,"column":14},"end":{"line":72,"column":20}},"31":{"start":{"line":73,"column":15},"end":{"line":73,"column":22}},"32":{"start":{"line":75,"column":4},"end":{"line":75,"column":18}},"33":{"start":{"line":79,"column":14},"end":{"line":79,"column":20}},"34":{"start":{"line":80,"column":14},"end":{"line":80,"column":20}},"35":{"start":{"line":81,"column":15},"end":{"line":81,"column":22}},"36":{"start":{"line":83,"column":4},"end":{"line":83,"column":40}},"37":{"start":{"line":87,"column":14},"end":{"line":87,"column":20}},"38":{"start":{"line":88,"column":14},"end":{"line":88,"column":20}},"39":{"start":{"line":89,"column":15},"end":{"line":89,"column":22}},"40":{"start":{"line":91,"column":4},"end":{"line":91,"column":40}},"41":{"start":{"line":95,"column":14},"end":{"line":95,"column":20}},"42":{"start":{"line":96,"column":14},"end":{"line":96,"column":20}},"43":{"start":{"line":97,"column":15},"end":{"line":97,"column":22}},"44":{"start":{"line":98,"column":4},"end":{"line":98,"column":40}},"45":{"start":{"line":102,"column":14},"end":{"line":102,"column":20}},"46":{"start":{"line":103,"column":14},"end":{"line":103,"column":20}},"47":{"start":{"line":104,"column":15},"end":{"line":104,"column":22}},"48":{"start":{"line":106,"column":4},"end":{"line":106,"column":40}},"49":{"start":{"line":110,"column":4},"end":{"line":110,"column":13}},"50":{"start":{"line":114,"column":15},"end":{"line":114,"column":22}},"51":{"start":{"line":115,"column":14},"end":{"line":115,"column":20}},"52":{"start":{"line":117,"column":4},"end":{"line":117,"column":22}},"53":{"start":{"line":121,"column":15},"end":{"line":121,"column":22}},"54":{"start":{"line":122,"column":14},"end":{"line":122,"column":20}},"55":{"start":{"line":124,"column":4},"end":{"line":124,"column":22}},"56":{"start":{"line":128,"column":14},"end":{"line":128,"column":20}},"57":{"start":{"line":129,"column":14},"end":{"line":129,"column":20}},"58":{"start":{"line":131,"column":4},"end":{"line":131,"column":37}},"59":{"start":{"line":135,"column":14},"end":{"line":135,"column":20}},"60":{"start":{"line":136,"column":14},"end":{"line":136,"column":20}},"61":{"start":{"line":138,"column":4},"end":{"line":138,"column":37}},"62":{"start":{"line":142,"column":0},"end":{"line":142,"column":39}}},"fnMap":{"0":{"name":"(anonymous_0)","decl":{"start":{"line":4,"column":2},"end":{"line":4,"column":3}},"loc":{"start":{"line":4,"column":24},"end":{"line":7,"column":3}},"line":4},"1":{"name":"(anonymous_1)","decl":{"start":{"line":9,"column":2},"end":{"line":9,"column":3}},"loc":{"start":{"line":9,"column":24},"end":{"line":27,"column":3}},"line":9},"2":{"name":"(anonymous_2)","decl":{"start":{"line":29,"column":2},"end":{"line":29,"column":3}},"loc":{"start":{"line":29,"column":19},"end":{"line":39,"column":3}},"line":29},"3":{"name":"(anonymous_3)","decl":{"start":{"line":41,"column":2},"end":{"line":41,"column":3}},"loc":{"start":{"line":41,"column":19},"end":{"line":51,"column":3}},"line":41},"4":{"name":"(anonymous_4)","decl":{"start":{"line":53,"column":2},"end":{"line":53,"column":3}},"loc":{"start":{"line":53,"column":11},"end":{"line":56,"column":3}},"line":53},"5":{"name":"(anonymous_5)","decl":{"start":{"line":58,"column":2},"end":{"line":58,"column":3}},"loc":{"start":{"line":58,"column":11},"end":{"line":61,"column":3}},"line":58},"6":{"name":"(anonymous_6)","decl":{"start":{"line":63,"column":2},"end":{"line":63,"column":3}},"loc":{"start":{"line":63,"column":10},"end":{"line":69,"column":3}},"line":63},"7":{"name":"(anonymous_7)","decl":{"start":{"line":71,"column":2},"end":{"line":71,"column":3}},"loc":{"start":{"line":71,"column":11},"end":{"line":76,"column":3}},"line":71},"8":{"name":"(anonymous_8)","decl":{"start":{"line":78,"column":2},"end":{"line":78,"column":3}},"loc":{"start":{"line":78,"column":11},"end":{"line":84,"column":3}},"line":78},"9":{"name":"(anonymous_9)","decl":{"start":{"line":86,"column":2},"end":{"line":86,"column":3}},"loc":{"start":{"line":86,"column":11},"end":{"line":92,"column":3}},"line":86},"10":{"name":"(anonymous_10)","decl":{"start":{"line":94,"column":2},"end":{"line":94,"column":3}},"loc":{"start":{"line":94,"column":12},"end":{"line":99,"column":3}},"line":94},"11":{"name":"(anonymous_11)","decl":{"start":{"line":101,"column":2},"end":{"line":101,"column":3}},"loc":{"start":{"line":101,"column":11},"end":{"line":107,"column":3}},"line":101},"12":{"name":"(anonymous_12)","decl":{"start":{"line":109,"column":2},"end":{"line":109,"column":3}},"loc":{"start":{"line":109,"column":11},"end":{"line":111,"column":3}},"line":109},"13":{"name":"(anonymous_13)","decl":{"start":{"line":113,"column":2},"end":{"line":113,"column":3}},"loc":{"start":{"line":113,"column":13},"end":{"line":118,"column":3}},"line":113},"14":{"name":"(anonymous_14)","decl":{"start":{"line":120,"column":2},"end":{"line":120,"column":3}},"loc":{"start":{"line":120,"column":13},"end":{"line":125,"column":3}},"line":120},"15":{"name":"(anonymous_15)","decl":{"start":{"line":127,"column":2},"end":{"line":127,"column":3}},"loc":{"start":{"line":127,"column":13},"end":{"line":132,"column":3}},"line":127},"16":{"name":"(anonymous_16)","decl":{"start":{"line":134,"column":2},"end":{"line":134,"column":3}},"loc":{"start":{"line":134,"column":13},"end":{"line":139,"column":3}},"line":134}},"branchMap":{},"s":{"0":1,"1":1,"2":1,"3":0,"4":2,"5":2,"6":2,"7":2,"8":2,"9":100,"10":100,"11":100,"12":2,"13":2,"14":2,"15":2,"16":2,"17":2,"18":100,"19":100,"20":100,"21":2,"22":1,"23":1,"24":1,"25":1,"26":1,"27":1,"28":1,"29":1,"30":0,"31":0,"32":0,"33":0,"34":0,"35":0,"36":0,"37":0,"38":0,"39":0,"40":0,"41":0,"42":0,"43":0,"44":0,"45":0,"46":0,"47":0,"48":0,"49":0,"50":0,"51":0,"52":0,"53":0,"54":0,"55":0,"56":0,"57":0,"58":0,"59":0,"60":0,"61":0,"62":1},"f":{"0":1,"1":0,"2":2,"3":2,"4":1,"5":1,"6":1,"7":0,"8":0,"9":0,"10":0,"11":0,"12":0,"13":0,"14":0,"15":0,"16":0},"b":{},"_coverageSchema":"1a1c01bbd47fc00a2c39e90264f33305004495a9","hash":"b09c138bbaa1a16697cba1d03d9ac0303cb3abf1","contentHash":"9c2eb54d9fd82bcf7173daf1d974d1c79e4818743cdeb6b4cdb4624c8f7f1e21"},"C:\\Users\\TriAzur\\Desktop\\TRAVAIL\\NPM\\aec\\calculations\\SteelCalculation\\index.js":{"path":"C:\\Users\\TriAzur\\Desktop\\TRAVAIL\\NPM\\aec\\calculations\\SteelCalculation\\index.js","statementMap":{"0":{"start":{"line":1,"column":18},"end":{"line":1,"column":40}},"1":{"start":{"line":3,"column":0},"end":{"line":5,"column":1}}},"fnMap":{},"branchMap":{},"s":{"0":1,"1":1},"f":{},"b":{},"_coverageSchema":"1a1c01bbd47fc00a2c39e90264f33305004495a9","hash":"354e055f3754e3f775f7d35450674af32cfcaca4","contentHash":"bf81c98fc337dd3906b549c9ea6a6ce817cb9abbd16208e4f6e46a64e1a6b65a"},"C:\\Users\\TriAzur\\Desktop\\TRAVAIL\\NPM\\aec\\calculations\\SteelCalculation\\Eurocode3\\index.js":{"path":"C:\\Users\\TriAzur\\Desktop\\TRAVAIL\\NPM\\aec\\calculations\\SteelCalculation\\Eurocode3\\index.js","statementMap":{"0":{"start":{"line":1,"column":16},"end":{"line":1,"column":36}},"1":{"start":{"line":2,"column":18},"end":{"line":2,"column":40}},"2":{"start":{"line":3,"column":27},"end":{"line":3,"column":58}},"3":{"start":{"line":5,"column":0},"end":{"line":9,"column":1}}},"fnMap":{},"branchMap":{},"s":{"0":1,"1":1,"2":1,"3":1},"f":{},"b":{},"_coverageSchema":"1a1c01bbd47fc00a2c39e90264f33305004495a9","hash":"f55d19f1c3a2ed81e13cdcbb5cefff5b7c4b10fd","contentHash":"c575a7af31f01033e016e4a1b5ee40bf13bf95e8da5fb7e6d6cb4fc9dffe20aa"},"C:\\Users\\TriAzur\\Desktop\\TRAVAIL\\NPM\\aec\\calculations\\SteelCalculation\\Eurocode3\\Section.js":{"path":"C:\\Users\\TriAzur\\Desktop\\TRAVAIL\\NPM\\aec\\calculations\\SteelCalculation\\Eurocode3\\Section.js","statementMap":{"0":{"start":{"line":1,"column":24},"end":{"line":1,"column":56}},"1":{"start":{"line":6,"column":4},"end":{"line":6,"column":29}},"2":{"start":{"line":7,"column":4},"end":{"line":7,"column":35}},"3":{"start":{"line":10,"column":4},"end":{"line":10,"column":29}},"4":{"start":{"line":13,"column":4},"end":{"line":13,"column":23}},"5":{"start":{"line":17,"column":21},"end":{"line":17,"column":34}},"6":{"start":{"line":18,"column":24},"end":{"line":18,"column":40}},"7":{"start":{"line":21,"column":20},"end":{"line":21,"column":67}},"8":{"start":{"line":22,"column":4},"end":{"line":35,"column":6}},"9":{"start":{"line":39,"column":4},"end":{"line":89,"column":5}},"10":{"start":{"line":95,"column":8},"end":{"line":95,"column":21}},"11":{"start":{"line":96,"column":19},"end":{"line":96,"column":38}},"12":{"start":{"line":97,"column":24},"end":{"line":97,"column":38}},"13":{"start":{"line":98,"column":24},"end":{"line":98,"column":38}},"14":{"start":{"line":99,"column":4},"end":{"line":122,"column":5}},"15":{"start":{"line":101,"column":8},"end":{"line":101,"column":35}},"16":{"start":{"line":104,"column":8},"end":{"line":104,"column":35}},"17":{"start":{"line":110,"column":12},"end":{"line":110,"column":25}},"18":{"start":{"line":111,"column":21},"end":{"line":111,"column":26}},"19":{"start":{"line":112,"column":8},"end":{"line":118,"column":9}},"20":{"start":{"line":113,"column":10},"end":{"line":113,"column":37}},"21":{"start":{"line":114,"column":15},"end":{"line":118,"column":9}},"22":{"start":{"line":115,"column":10},"end":{"line":115,"column":37}},"23":{"start":{"line":117,"column":10},"end":{"line":117,"column":37}},"24":{"start":{"line":121,"column":8},"end":{"line":121,"column":35}},"25":{"start":{"line":127,"column":27},"end":{"line":127,"column":55}},"26":{"start":{"line":128,"column":4},"end":{"line":146,"column":5}},"27":{"start":{"line":130,"column":8},"end":{"line":130,"column":20}},"28":{"start":{"line":133,"column":8},"end":{"line":133,"column":20}},"29":{"start":{"line":136,"column":8},"end":{"line":136,"column":20}},"30":{"start":{"line":139,"column":8},"end":{"line":139,"column":20}},"31":{"start":{"line":142,"column":8},"end":{"line":142,"column":20}},"32":{"start":{"line":145,"column":8},"end":{"line":145,"column":20}},"33":{"start":{"line":150,"column":27},"end":{"line":150,"column":55}},"34":{"start":{"line":151,"column":4},"end":{"line":169,"column":5}},"35":{"start":{"line":153,"column":8},"end":{"line":153,"column":20}},"36":{"start":{"line":156,"column":8},"end":{"line":156,"column":20}},"37":{"start":{"line":159,"column":8},"end":{"line":159,"column":20}},"38":{"start":{"line":162,"column":8},"end":{"line":162,"column":20}},"39":{"start":{"line":165,"column":8},"end":{"line":165,"column":20}},"40":{"start":{"line":168,"column":8},"end":{"line":168,"column":20}},"41":{"start":{"line":173,"column":15},"end":{"line":173,"column":22}},"42":{"start":{"line":174,"column":17},"end":{"line":174,"column":35}},"43":{"start":{"line":175,"column":15},"end":{"line":175,"column":34}},"44":{"start":{"line":176,"column":15},"end":{"line":176,"column":31}},"45":{"start":{"line":177,"column":16},"end":{"line":177,"column":61}},"46":{"start":{"line":178,"column":4},"end":{"line":178,"column":15}},"47":{"start":{"line":182,"column":15},"end":{"line":182,"column":22}},"48":{"start":{"line":183,"column":17},"end":{"line":183,"column":35}},"49":{"start":{"line":184,"column":15},"end":{"line":184,"column":34}},"50":{"start":{"line":185,"column":15},"end":{"line":185,"column":31}},"51":{"start":{"line":186,"column":16},"end":{"line":186,"column":61}},"52":{"start":{"line":187,"column":4},"end":{"line":187,"column":15}},"53":{"start":{"line":191,"column":14},"end":{"line":191,"column":32}},"54":{"start":{"line":192,"column":16},"end":{"line":192,"column":33}},"55":{"start":{"line":193,"column":17},"end":{"line":193,"column":28}},"56":{"start":{"line":194,"column":4},"end":{"line":194,"column":49}},"57":{"start":{"line":198,"column":14},"end":{"line":198,"column":32}},"58":{"start":{"line":199,"column":16},"end":{"line":199,"column":33}},"59":{"start":{"line":200,"column":17},"end":{"line":200,"column":28}},"60":{"start":{"line":201,"column":4},"end":{"line":201,"column":49}},"61":{"start":{"line":205,"column":19},"end":{"line":205,"column":32}},"62":{"start":{"line":206,"column":20},"end":{"line":206,"column":34}},"63":{"start":{"line":207,"column":4},"end":{"line":207,"column":63}},"64":{"start":{"line":211,"column":19},"end":{"line":211,"column":32}},"65":{"start":{"line":212,"column":20},"end":{"line":212,"column":34}},"66":{"start":{"line":213,"column":4},"end":{"line":213,"column":63}},"67":{"start":{"line":217,"column":17},"end":{"line":217,"column":28}},"68":{"start":{"line":218,"column":20},"end":{"line":218,"column":34}},"69":{"start":{"line":219,"column":16},"end":{"line":219,"column":30}},"70":{"start":{"line":220,"column":4},"end":{"line":224,"column":5}},"71":{"start":{"line":221,"column":6},"end":{"line":221,"column":79}},"72":{"start":{"line":223,"column":6},"end":{"line":223,"column":15}},"73":{"start":{"line":228,"column":17},"end":{"line":228,"column":28}},"74":{"start":{"line":229,"column":20},"end":{"line":229,"column":34}},"75":{"start":{"line":230,"column":16},"end":{"line":230,"column":30}},"76":{"start":{"line":231,"column":4},"end":{"line":235,"column":5}},"77":{"start":{"line":232,"column":6},"end":{"line":232,"column":79}},"78":{"start":{"line":234,"column":6},"end":{"line":234,"column":15}},"79":{"start":{"line":240,"column":28},"end":{"line":240,"column":57}},"80":{"start":{"line":241,"column":4},"end":{"line":259,"column":5}},"81":{"start":{"line":243,"column":8},"end":{"line":243,"column":20}},"82":{"start":{"line":246,"column":8},"end":{"line":246,"column":20}},"83":{"start":{"line":249,"column":8},"end":{"line":249,"column":20}},"84":{"start":{"line":252,"column":8},"end":{"line":252,"column":20}},"85":{"start":{"line":255,"column":8},"end":{"line":255,"column":20}},"86":{"start":{"line":258,"column":8},"end":{"line":258,"column":20}},"87":{"start":{"line":263,"column":14},"end":{"line":263,"column":29}},"88":{"start":{"line":264,"column":15},"end":{"line":264,"column":31}},"89":{"start":{"line":265,"column":14},"end":{"line":265,"column":29}},"90":{"start":{"line":266,"column":15},"end":{"line":266,"column":34}},"91":{"start":{"line":267,"column":15},"end":{"line":267,"column":34}},"92":{"start":{"line":268,"column":15},"end":{"line":268,"column":34}},"93":{"start":{"line":269,"column":24},"end":{"line":269,"column":40}},"94":{"start":{"line":270,"column":15},"end":{"line":270,"column":31}},"95":{"start":{"line":271,"column":15},"end":{"line":271,"column":31}},"96":{"start":{"line":272,"column":4},"end":{"line":277,"column":5}},"97":{"start":{"line":273,"column":17},"end":{"line":273,"column":36}},"98":{"start":{"line":274,"column":6},"end":{"line":274,"column":167}},"99":{"start":{"line":276,"column":6},"end":{"line":276,"column":15}},"100":{"start":{"line":281,"column":16},"end":{"line":281,"column":33}},"101":{"start":{"line":282,"column":17},"end":{"line":282,"column":38}},"102":{"start":{"line":283,"column":16},"end":{"line":283,"column":26}},"103":{"start":{"line":284,"column":24},"end":{"line":284,"column":40}},"104":{"start":{"line":285,"column":4},"end":{"line":289,"column":5}},"105":{"start":{"line":286,"column":6},"end":{"line":286,"column":53}},"106":{"start":{"line":288,"column":6},"end":{"line":288,"column":15}},"107":{"start":{"line":293,"column":20},"end":{"line":293,"column":34}},"108":{"start":{"line":294,"column":21},"end":{"line":294,"column":36}},"109":{"start":{"line":295,"column":24},"end":{"line":295,"column":40}},"110":{"start":{"line":296,"column":4},"end":{"line":300,"column":5}},"111":{"start":{"line":297,"column":6},"end":{"line":297,"column":68}},"112":{"start":{"line":299,"column":6},"end":{"line":299,"column":15}},"113":{"start":{"line":304,"column":18},"end":{"line":304,"column":30}},"114":{"start":{"line":305,"column":21},"end":{"line":305,"column":36}},"115":{"start":{"line":306,"column":24},"end":{"line":306,"column":40}},"116":{"start":{"line":307,"column":4},"end":{"line":311,"column":5}},"117":{"start":{"line":308,"column":6},"end":{"line":308,"column":81}},"118":{"start":{"line":310,"column":6},"end":{"line":310,"column":15}},"119":{"start":{"line":316,"column":16},"end":{"line":316,"column":30}},"120":{"start":{"line":317,"column":16},"end":{"line":317,"column":30}},"121":{"start":{"line":318,"column":15},"end":{"line":318,"column":31}},"122":{"start":{"line":319,"column":14},"end":{"line":319,"column":29}},"123":{"start":{"line":320,"column":17},"end":{"line":320,"column":60}},"124":{"start":{"line":321,"column":15},"end":{"line":321,"column":34}},"125":{"start":{"line":322,"column":4},"end":{"line":325,"column":5}},"126":{"start":{"line":323,"column":19},"end":{"line":323,"column":34}},"127":{"start":{"line":324,"column":6},"end":{"line":324,"column":81}},"128":{"start":{"line":326,"column":4},"end":{"line":330,"column":5}},"129":{"start":{"line":327,"column":19},"end":{"line":327,"column":70}},"130":{"start":{"line":328,"column":21},"end":{"line":328,"column":38}},"131":{"start":{"line":329,"column":6},"end":{"line":329,"column":103}},"132":{"start":{"line":331,"column":4},"end":{"line":333,"column":5}},"133":{"start":{"line":332,"column":6},"end":{"line":332,"column":48}},"134":{"start":{"line":334,"column":4},"end":{"line":336,"column":5}},"135":{"start":{"line":335,"column":6},"end":{"line":335,"column":48}},"136":{"start":{"line":340,"column":16},"end":{"line":340,"column":30}},"137":{"start":{"line":341,"column":16},"end":{"line":341,"column":30}},"138":{"start":{"line":342,"column":15},"end":{"line":342,"column":31}},"139":{"start":{"line":343,"column":14},"end":{"line":343,"column":29}},"140":{"start":{"line":344,"column":17},"end":{"line":344,"column":60}},"141":{"start":{"line":345,"column":15},"end":{"line":345,"column":34}},"142":{"start":{"line":346,"column":4},"end":{"line":349,"column":5}},"143":{"start":{"line":347,"column":19},"end":{"line":347,"column":34}},"144":{"start":{"line":348,"column":6},"end":{"line":348,"column":81}},"145":{"start":{"line":350,"column":4},"end":{"line":354,"column":5}},"146":{"start":{"line":351,"column":19},"end":{"line":351,"column":70}},"147":{"start":{"line":352,"column":21},"end":{"line":352,"column":38}},"148":{"start":{"line":353,"column":6},"end":{"line":353,"column":103}},"149":{"start":{"line":355,"column":4},"end":{"line":357,"column":5}},"150":{"start":{"line":356,"column":6},"end":{"line":356,"column":48}},"151":{"start":{"line":358,"column":4},"end":{"line":360,"column":5}},"152":{"start":{"line":359,"column":6},"end":{"line":359,"column":48}},"153":{"start":{"line":364,"column":4},"end":{"line":364,"column":13}},"154":{"start":{"line":370,"column":4},"end":{"line":377,"column":5}},"155":{"start":{"line":372,"column":20},"end":{"line":372,"column":34}},"156":{"start":{"line":373,"column":8},"end":{"line":373,"column":19}},"157":{"start":{"line":376,"column":8},"end":{"line":376,"column":17}},"158":{"start":{"line":382,"column":4},"end":{"line":391,"column":5}},"159":{"start":{"line":384,"column":18},"end":{"line":384,"column":33}},"160":{"start":{"line":385,"column":18},"end":{"line":385,"column":33}},"161":{"start":{"line":386,"column":19},"end":{"line":386,"column":35}},"162":{"start":{"line":387,"column":8},"end":{"line":387,"column":35}},"163":{"start":{"line":390,"column":8},"end":{"line":390,"column":20}},"164":{"start":{"line":395,"column":4},"end":{"line":405,"column":5}},"165":{"start":{"line":397,"column":19},"end":{"line":397,"column":28}},"166":{"start":{"line":398,"column":19},"end":{"line":398,"column":35}},"167":{"start":{"line":399,"column":18},"end":{"line":399,"column":33}},"168":{"start":{"line":400,"column":19},"end":{"line":400,"column":28}},"169":{"start":{"line":401,"column":8},"end":{"line":401,"column":47}},"170":{"start":{"line":404,"column":8},"end":{"line":404,"column":17}},"171":{"start":{"line":409,"column":15},"end":{"line":409,"column":34}},"172":{"start":{"line":410,"column":16},"end":{"line":410,"column":33}},"173":{"start":{"line":411,"column":20},"end":{"line":411,"column":34}},"174":{"start":{"line":412,"column":20},"end":{"line":412,"column":41}},"175":{"start":{"line":413,"column":4},"end":{"line":413,"column":106}},"176":{"start":{"line":417,"column":16},"end":{"line":417,"column":30}},"177":{"start":{"line":418,"column":18},"end":{"line":418,"column":30}},"178":{"start":{"line":419,"column":4},"end":{"line":419,"column":23}},"179":{"start":{"line":423,"column":21},"end":{"line":423,"column":35}},"180":{"start":{"line":424,"column":4},"end":{"line":426,"column":5}},"181":{"start":{"line":425,"column":6},"end":{"line":425,"column":43}},"182":{"start":{"line":427,"column":4},"end":{"line":427,"column":13}},"183":{"start":{"line":433,"column":16},"end":{"line":433,"column":30}},"184":{"start":{"line":434,"column":14},"end":{"line":434,"column":32}},"185":{"start":{"line":435,"column":23},"end":{"line":435,"column":40}},"186":{"start":{"line":436,"column":16},"end":{"line":436,"column":33}},"187":{"start":{"line":437,"column":20},"end":{"line":437,"column":41}},"188":{"start":{"line":438,"column":20},"end":{"line":438,"column":41}},"189":{"start":{"line":439,"column":4},"end":{"line":441,"column":5}},"190":{"start":{"line":440,"column":6},"end":{"line":440,"column":56}},"191":{"start":{"line":442,"column":4},"end":{"line":442,"column":54}},"192":{"start":{"line":446,"column":16},"end":{"line":446,"column":30}},"193":{"start":{"line":447,"column":17},"end":{"line":447,"column":38}},"194":{"start":{"line":448,"column":23},"end":{"line":448,"column":40}},"195":{"start":{"line":449,"column":16},"end":{"line":449,"column":33}},"196":{"start":{"line":450,"column":20},"end":{"line":450,"column":41}},"197":{"start":{"line":451,"column":20},"end":{"line":451,"column":41}},"198":{"start":{"line":452,"column":4},"end":{"line":454,"column":5}},"199":{"start":{"line":453,"column":6},"end":{"line":453,"column":59}},"200":{"start":{"line":455,"column":4},"end":{"line":455,"column":57}},"201":{"start":{"line":459,"column":16},"end":{"line":459,"column":30}},"202":{"start":{"line":460,"column":17},"end":{"line":460,"column":38}},"203":{"start":{"line":461,"column":23},"end":{"line":461,"column":40}},"204":{"start":{"line":462,"column":16},"end":{"line":462,"column":33}},"205":{"start":{"line":463,"column":20},"end":{"line":463,"column":41}},"206":{"start":{"line":464,"column":20},"end":{"line":464,"column":41}},"207":{"start":{"line":465,"column":4},"end":{"line":467,"column":5}},"208":{"start":{"line":466,"column":6},"end":{"line":466,"column":59}},"209":{"start":{"line":468,"column":4},"end":{"line":468,"column":57}},"210":{"start":{"line":472,"column":16},"end":{"line":472,"column":30}},"211":{"start":{"line":473,"column":17},"end":{"line":473,"column":38}},"212":{"start":{"line":474,"column":23},"end":{"line":474,"column":40}},"213":{"start":{"line":475,"column":16},"end":{"line":475,"column":33}},"214":{"start":{"line":476,"column":20},"end":{"line":476,"column":41}},"215":{"start":{"line":477,"column":20},"end":{"line":477,"column":41}},"216":{"start":{"line":478,"column":4},"end":{"line":480,"column":5}},"217":{"start":{"line":479,"column":6},"end":{"line":479,"column":59}},"218":{"start":{"line":481,"column":4},"end":{"line":481,"column":57}},"219":{"start":{"line":485,"column":16},"end":{"line":485,"column":30}},"220":{"start":{"line":486,"column":17},"end":{"line":486,"column":38}},"221":{"start":{"line":487,"column":23},"end":{"line":487,"column":40}},"222":{"start":{"line":488,"column":16},"end":{"line":488,"column":33}},"223":{"start":{"line":489,"column":20},"end":{"line":489,"column":41}},"224":{"start":{"line":490,"column":20},"end":{"line":490,"column":41}},"225":{"start":{"line":491,"column":4},"end":{"line":493,"column":5}},"226":{"start":{"line":492,"column":6},"end":{"line":492,"column":59}},"227":{"start":{"line":494,"column":4},"end":{"line":494,"column":57}},"228":{"start":{"line":498,"column":17},"end":{"line":498,"column":38}},"229":{"start":{"line":499,"column":17},"end":{"line":499,"column":38}},"230":{"start":{"line":500,"column":4},"end":{"line":500,"column":38}},"231":{"start":{"line":504,"column":17},"end":{"line":504,"column":38}},"232":{"start":{"line":505,"column":17},"end":{"line":505,"column":38}},"233":{"start":{"line":506,"column":4},"end":{"line":506,"column":38}},"234":{"start":{"line":510,"column":17},"end":{"line":510,"column":28}},"235":{"start":{"line":511,"column":17},"end":{"line":511,"column":28}},"236":{"start":{"line":512,"column":17},"end":{"line":512,"column":28}},"237":{"start":{"line":513,"column":16},"end":{"line":513,"column":30}},"238":{"start":{"line":514,"column":24},"end":{"line":514,"column":40}},"239":{"start":{"line":515,"column":17},"end":{"line":515,"column":38}},"240":{"start":{"line":516,"column":17},"end":{"line":516,"column":38}},"241":{"start":{"line":517,"column":15},"end":{"line":517,"column":24}},"242":{"start":{"line":518,"column":20},"end":{"line":518,"column":34}},"243":{"start":{"line":519,"column":18},"end":{"line":519,"column":30}},"244":{"start":{"line":520,"column":19},"end":{"line":520,"column":31}},"245":{"start":{"line":521,"column":4},"end":{"line":527,"column":5}},"246":{"start":{"line":522,"column":6},"end":{"line":522,"column":121}},"247":{"start":{"line":523,"column":11},"end":{"line":527,"column":5}},"248":{"start":{"line":524,"column":6},"end":{"line":524,"column":15}},"249":{"start":{"line":526,"column":6},"end":{"line":526,"column":57}},"250":{"start":{"line":531,"column":17},"end":{"line":531,"column":28}},"251":{"start":{"line":532,"column":17},"end":{"line":532,"column":28}},"252":{"start":{"line":533,"column":17},"end":{"line":533,"column":28}},"253":{"start":{"line":534,"column":16},"end":{"line":534,"column":30}},"254":{"start":{"line":535,"column":24},"end":{"line":535,"column":40}},"255":{"start":{"line":536,"column":17},"end":{"line":536,"column":38}},"256":{"start":{"line":537,"column":17},"end":{"line":537,"column":38}},"257":{"start":{"line":538,"column":15},"end":{"line":538,"column":24}},"258":{"start":{"line":539,"column":20},"end":{"line":539,"column":34}},"259":{"start":{"line":540,"column":18},"end":{"line":540,"column":30}},"260":{"start":{"line":541,"column":19},"end":{"line":541,"column":31}},"261":{"start":{"line":542,"column":4},"end":{"line":548,"column":5}},"262":{"start":{"line":543,"column":6},"end":{"line":543,"column":121}},"263":{"start":{"line":544,"column":11},"end":{"line":548,"column":5}},"264":{"start":{"line":545,"column":6},"end":{"line":545,"column":15}},"265":{"start":{"line":547,"column":6},"end":{"line":547,"column":57}},"266":{"start":{"line":552,"column":17},"end":{"line":552,"column":28}},"267":{"start":{"line":553,"column":17},"end":{"line":553,"column":28}},"268":{"start":{"line":554,"column":17},"end":{"line":554,"column":28}},"269":{"start":{"line":555,"column":17},"end":{"line":555,"column":28}},"270":{"start":{"line":556,"column":16},"end":{"line":556,"column":30}},"271":{"start":{"line":557,"column":15},"end":{"line":557,"column":24}},"272":{"start":{"line":558,"column":17},"end":{"line":558,"column":38}},"273":{"start":{"line":559,"column":17},"end":{"line":559,"column":38}},"274":{"start":{"line":560,"column":15},"end":{"line":560,"column":24}},"275":{"start":{"line":561,"column":20},"end":{"line":561,"column":34}},"276":{"start":{"line":562,"column":18},"end":{"line":562,"column":30}},"277":{"start":{"line":563,"column":19},"end":{"line":563,"column":31}},"278":{"start":{"line":564,"column":24},"end":{"line":564,"column":40}},"279":{"start":{"line":565,"column":4},"end":{"line":571,"column":5}},"280":{"start":{"line":566,"column":6},"end":{"line":566,"column":138}},"281":{"start":{"line":567,"column":11},"end":{"line":571,"column":5}},"282":{"start":{"line":568,"column":6},"end":{"line":568,"column":17}},"283":{"start":{"line":570,"column":6},"end":{"line":570,"column":123}},"284":{"start":{"line":575,"column":17},"end":{"line":575,"column":28}},"285":{"start":{"line":576,"column":17},"end":{"line":576,"column":28}},"286":{"start":{"line":577,"column":17},"end":{"line":577,"column":28}},"287":{"start":{"line":578,"column":17},"end":{"line":578,"column":28}},"288":{"start":{"line":579,"column":16},"end":{"line":579,"column":30}},"289":{"start":{"line":580,"column":17},"end":{"line":580,"column":38}},"290":{"start":{"line":581,"column":17},"end":{"line":581,"column":38}},"291":{"start":{"line":582,"column":15},"end":{"line":582,"column":24}},"292":{"start":{"line":583,"column":20},"end":{"line":583,"column":34}},"293":{"start":{"line":584,"column":15},"end":{"line":584,"column":24}},"294":{"start":{"line":585,"column":18},"end":{"line":585,"column":30}},"295":{"start":{"line":586,"column":19},"end":{"line":586,"column":31}},"296":{"start":{"line":587,"column":24},"end":{"line":587,"column":40}},"297":{"start":{"line":588,"column":4},"end":{"line":594,"column":5}},"298":{"start":{"line":589,"column":6},"end":{"line":589,"column":138}},"299":{"start":{"line":590,"column":11},"end":{"line":594,"column":5}},"300":{"start":{"line":591,"column":6},"end":{"line":591,"column":17}},"301":{"start":{"line":593,"column":6},"end":{"line":593,"column":123}},"302":{"start":{"line":598,"column":16},"end":{"line":598,"column":30}},"303":{"start":{"line":599,"column":17},"end":{"line":599,"column":28}},"304":{"start":{"line":600,"column":17},"end":{"line":600,"column":28}},"305":{"start":{"line":601,"column":4},"end":{"line":601,"column":54}},"306":{"start":{"line":605,"column":16},"end":{"line":605,"column":30}},"307":{"start":{"line":606,"column":17},"end":{"line":606,"column":28}},"308":{"start":{"line":607,"column":17},"end":{"line":607,"column":28}},"309":{"start":{"line":608,"column":4},"end":{"line":608,"column":54}},"310":{"start":{"line":612,"column":16},"end":{"line":612,"column":30}},"311":{"start":{"line":613,"column":17},"end":{"line":613,"column":32}},"312":{"start":{"line":614,"column":17},"end":{"line":614,"column":32}},"313":{"start":{"line":615,"column":17},"end":{"line":615,"column":28}},"314":{"start":{"line":616,"column":17},"end":{"line":616,"column":28}},"315":{"start":{"line":617,"column":17},"end":{"line":617,"column":28}},"316":{"start":{"line":618,"column":18},"end":{"line":618,"column":30}},"317":{"start":{"line":619,"column":17},"end":{"line":619,"column":28}},"318":{"start":{"line":620,"column":17},"end":{"line":620,"column":28}},"319":{"start":{"line":621,"column":16},"end":{"line":621,"column":26}},"320":{"start":{"line":622,"column":18},"end":{"line":622,"column":30}},"321":{"start":{"line":623,"column":19},"end":{"line":623,"column":32}},"322":{"start":{"line":624,"column":19},"end":{"line":624,"column":32}},"323":{"start":{"line":625,"column":19},"end":{"line":625,"column":32}},"324":{"start":{"line":626,"column":19},"end":{"line":626,"column":32}},"325":{"start":{"line":627,"column":16},"end":{"line":627,"column":26}},"326":{"start":{"line":628,"column":16},"end":{"line":628,"column":26}},"327":{"start":{"line":629,"column":19},"end":{"line":629,"column":31}},"328":{"start":{"line":630,"column":24},"end":{"line":630,"column":40}},"329":{"start":{"line":631,"column":4},"end":{"line":651,"column":5}},"330":{"start":{"line":632,"column":6},"end":{"line":644,"column":7}},"331":{"start":{"line":633,"column":8},"end":{"line":637,"column":9}},"332":{"start":{"line":634,"column":10},"end":{"line":634,"column":19}},"333":{"start":{"line":636,"column":10},"end":{"line":636,"column":152}},"334":{"start":{"line":639,"column":8},"end":{"line":643,"column":9}},"335":{"start":{"line":640,"column":10},"end":{"line":640,"column":19}},"336":{"start":{"line":642,"column":10},"end":{"line":642,"column":152}},"337":{"start":{"line":646,"column":6},"end":{"line":650,"column":7}},"338":{"start":{"line":647,"column":8},"end":{"line":647,"column":103}},"339":{"start":{"line":649,"column":8},"end":{"line":649,"column":103}},"340":{"start":{"line":655,"column":16},"end":{"line":655,"column":30}},"341":{"start":{"line":656,"column":17},"end":{"line":656,"column":32}},"342":{"start":{"line":657,"column":17},"end":{"line":657,"column":32}},"343":{"start":{"line":658,"column":17},"end":{"line":658,"column":28}},"344":{"start":{"line":659,"column":17},"end":{"line":659,"column":28}},"345":{"start":{"line":660,"column":17},"end":{"line":660,"column":28}},"346":{"start":{"line":661,"column":17},"end":{"line":661,"column":28}},"347":{"start":{"line":662,"column":18},"end":{"line":662,"column":30}},"348":{"start":{"line":663,"column":17},"end":{"line":663,"column":28}},"349":{"start":{"line":664,"column":17},"end":{"line":664,"column":28}},"350":{"start":{"line":665,"column":16},"end":{"line":665,"column":26}},"351":{"start":{"line":666,"column":18},"end":{"line":666,"column":30}},"352":{"start":{"line":667,"column":19},"end":{"line":667,"column":32}},"353":{"start":{"line":668,"column":19},"end":{"line":668,"column":32}},"354":{"start":{"line":669,"column":19},"end":{"line":669,"column":32}},"355":{"start":{"line":670,"column":19},"end":{"line":670,"column":32}},"356":{"start":{"line":671,"column":16},"end":{"line":671,"column":26}},"357":{"start":{"line":672,"column":16},"end":{"line":672,"column":26}},"358":{"start":{"line":673,"column":19},"end":{"line":673,"column":31}},"359":{"start":{"line":674,"column":24},"end":{"line":674,"column":40}},"360":{"start":{"line":675,"column":4},"end":{"line":695,"column":5}},"361":{"start":{"line":676,"column":6},"end":{"line":688,"column":7}},"362":{"start":{"line":677,"column":8},"end":{"line":681,"column":9}},"363":{"start":{"line":678,"column":10},"end":{"line":678,"column":19}},"364":{"start":{"line":680,"column":10},"end":{"line":680,"column":152}},"365":{"start":{"line":683,"column":8},"end":{"line":687,"column":9}},"366":{"start":{"line":684,"column":10},"end":{"line":684,"column":19}},"367":{"start":{"line":686,"column":10},"end":{"line":686,"column":152}},"368":{"start":{"line":690,"column":6},"end":{"line":694,"column":7}},"369":{"start":{"line":691,"column":8},"end":{"line":691,"column":103}},"370":{"start":{"line":693,"column":8},"end":{"line":693,"column":103}},"371":{"start":{"line":699,"column":16},"end":{"line":699,"column":30}},"372":{"start":{"line":700,"column":17},"end":{"line":700,"column":32}},"373":{"start":{"line":701,"column":17},"end":{"line":701,"column":32}},"374":{"start":{"line":702,"column":18},"end":{"line":702,"column":30}},"375":{"start":{"line":703,"column":19},"end":{"line":703,"column":32}},"376":{"start":{"line":704,"column":19},"end":{"line":704,"column":32}},"377":{"start":{"line":705,"column":19},"end":{"line":705,"column":32}},"378":{"start":{"line":706,"column":19},"end":{"line":706,"column":32}},"379":{"start":{"line":707,"column":20},"end":{"line":707,"column":41}},"380":{"start":{"line":708,"column":20},"end":{"line":708,"column":41}},"381":{"start":{"line":709,"column":19},"end":{"line":709,"column":31}},"382":{"start":{"line":710,"column":24},"end":{"line":710,"column":40}},"383":{"start":{"line":711,"column":4},"end":{"line":726,"column":5}},"384":{"start":{"line":712,"column":6},"end":{"line":716,"column":7}},"385":{"start":{"line":713,"column":8},"end":{"line":713,"column":126}},"386":{"start":{"line":715,"column":8},"end":{"line":715,"column":126}},"387":{"start":{"line":718,"column":6},"end":{"line":725,"column":7}},"388":{"start":{"line":719,"column":8},"end":{"line":719,"column":69}},"389":{"start":{"line":721,"column":22},"end":{"line":721,"column":66}},"390":{"start":{"line":722,"column":22},"end":{"line":722,"column":66}},"391":{"start":{"line":723,"column":22},"end":{"line":723,"column":76}},"392":{"start":{"line":724,"column":8},"end":{"line":724,"column":45}},"393":{"start":{"line":730,"column":24},"end":{"line":730,"column":42}},"394":{"start":{"line":731,"column":24},"end":{"line":731,"column":42}},"395":{"start":{"line":732,"column":22},"end":{"line":732,"column":38}},"396":{"start":{"line":733,"column":4},"end":{"line":733,"column":57}},"397":{"start":{"line":737,"column":0},"end":{"line":737,"column":25}}},"fnMap":{"0":{"name":"(anonymous_0)","decl":{"start":{"line":4,"column":2},"end":{"line":4,"column":3}},"loc":{"start":{"line":4,"column":58},"end":{"line":14,"column":3}},"line":4},"1":{"name":"(anonymous_1)","decl":{"start":{"line":16,"column":2},"end":{"line":16,"column":3}},"loc":{"start":{"line":16,"column":16},"end":{"line":36,"column":3}},"line":16},"2":{"name":"(anonymous_2)","decl":{"start":{"line":38,"column":2},"end":{"line":38,"column":3}},"loc":{"start":{"line":38,"column":18},"end":{"line":90,"column":3}},"line":38},"3":{"name":"(anonymous_3)","decl":{"start":{"line":92,"column":2},"end":{"line":92,"column":3}},"loc":{"start":{"line":92,"column":10},"end":{"line":123,"column":3}},"line":92},"4":{"name":"(anonymous_4)","decl":{"start":{"line":126,"column":2},"end":{"line":126,"column":3}},"loc":{"start":{"line":126,"column":11},"end":{"line":147,"column":3}},"line":126},"5":{"name":"(anonymous_5)","decl":{"start":{"line":149,"column":2},"end":{"line":149,"column":3}},"loc":{"start":{"line":149,"column":11},"end":{"line":170,"column":3}},"line":149},"6":{"name":"(anonymous_6)","decl":{"start":{"line":172,"column":2},"end":{"li
[...]
":3}},"line":2},"1":{"name":"(anonymous_1)","decl":{"start":{"line":6,"column":2},"end":{"line":6,"column":3}},"loc":{"start":{"line":6,"column":13},"end":{"line":31,"column":3}},"line":6},"2":{"name":"(anonymous_2)","decl":{"start":{"line":34,"column":2},"end":{"line":34,"column":3}},"loc":{"start":{"line":34,"column":6},"end":{"line":40,"column":3}},"line":34},"3":{"name":"(anonymous_3)","decl":{"start":{"line":43,"column":2},"end":{"line":43,"column":3}},"loc":{"start":{"line":43,"column":7},"end":{"line":49,"column":3}},"line":43},"4":{"name":"(anonymous_4)","decl":{"start":{"line":53,"column":2},"end":{"line":53,"column":3}},"loc":{"start":{"line":53,"column":7},"end":{"line":57,"column":3}},"line":53},"5":{"name":"(anonymous_5)","decl":{"start":{"line":60,"column":2},"end":{"line":60,"column":3}},"loc":{"start":{"line":60,"column":8},"end":{"line":66,"column":3}},"line":60},"6":{"name":"(anonymous_6)","decl":{"start":{"line":69,"column":2},"end":{"line":69,"column":3}},"loc":{"start":{"line":69,"column":8},"end":{"line":75,"column":3}},"line":69},"7":{"name":"(anonymous_7)","decl":{"start":{"line":78,"column":2},"end":{"line":78,"column":3}},"loc":{"start":{"line":78,"column":12},"end":{"line":83,"column":3}},"line":78},"8":{"name":"(anonymous_8)","decl":{"start":{"line":86,"column":2},"end":{"line":86,"column":3}},"loc":{"start":{"line":86,"column":7},"end":{"line":91,"column":3}},"line":86},"9":{"name":"(anonymous_9)","decl":{"start":{"line":94,"column":2},"end":{"line":94,"column":3}},"loc":{"start":{"line":94,"column":6},"end":{"line":101,"column":3}},"line":94},"10":{"name":"(anonymous_10)","decl":{"start":{"line":105,"column":2},"end":{"line":105,"column":3}},"loc":{"start":{"line":105,"column":8},"end":{"line":113,"column":3}},"line":105},"11":{"name":"(anonymous_11)","decl":{"start":{"line":117,"column":2},"end":{"line":117,"column":3}},"loc":{"start":{"line":117,"column":11},"end":{"line":122,"column":3}},"line":117},"12":{"name":"(anonymous_12)","decl":{"start":{"line":125,"column":2},"end":{"line":125,"column":3}},"loc":{"start":{"line":125,"column":9},"end":{"line":133,"column":3}},"line":125},"13":{"name":"(anonymous_13)","decl":{"start":{"line":136,"column":2},"end":{"line":136,"column":3}},"loc":{"start":{"line":136,"column":10},"end":{"line":145,"column":3}},"line":136},"14":{"name":"(anonymous_14)","decl":{"start":{"line":148,"column":2},"end":{"line":148,"column":3}},"loc":{"start":{"line":148,"column":11},"end":{"line":155,"column":3}},"line":148},"15":{"name":"(anonymous_15)","decl":{"start":{"line":159,"column":2},"end":{"line":159,"column":3}},"loc":{"start":{"line":159,"column":10},"end":{"line":169,"column":3}},"line":159},"16":{"name":"(anonymous_16)","decl":{"start":{"line":172,"column":2},"end":{"line":172,"column":3}},"loc":{"start":{"line":172,"column":13},"end":{"line":176,"column":3}},"line":172},"17":{"name":"(anonymous_17)","decl":{"start":{"line":179,"column":2},"end":{"line":179,"column":3}},"loc":{"start":{"line":179,"column":11},"end":{"line":186,"column":3}},"line":179},"18":{"name":"(anonymous_18)","decl":{"start":{"line":189,"column":2},"end":{"line":189,"column":3}},"loc":{"start":{"line":189,"column":11},"end":{"line":196,"column":3}},"line":189},"19":{"name":"(anonymous_19)","decl":{"start":{"line":199,"column":2},"end":{"line":199,"column":3}},"loc":{"start":{"line":199,"column":11},"end":{"line":208,"column":3}},"line":199},"20":{"name":"(anonymous_20)","decl":{"start":{"line":211,"column":2},"end":{"line":211,"column":3}},"loc":{"start":{"line":211,"column":11},"end":{"line":221,"column":3}},"line":211},"21":{"name":"(anonymous_21)","decl":{"start":{"line":224,"column":2},"end":{"line":224,"column":3}},"loc":{"start":{"line":224,"column":11},"end":{"line":232,"column":3}},"line":224},"22":{"name":"(anonymous_22)","decl":{"start":{"line":235,"column":2},"end":{"line":235,"column":3}},"loc":{"start":{"line":235,"column":11},"end":{"line":242,"column":3}},"line":235},"23":{"name":"(anonymous_23)","decl":{"start":{"line":245,"column":2},"end":{"line":245,"column":3}},"loc":{"start":{"line":245,"column":13},"end":{"line":253,"column":3}},"line":245}},"branchMap":{},"s":{"0":0,"1":0,"2":0,"3":0,"4":0,"5":0,"6":0,"7":0,"8":0,"9":0,"10":0,"11":0,"12":0,"13":0,"14":0,"15":0,"16":0,"17":0,"18":0,"19":0,"20":0,"21":0,"22":0,"23":0,"24":0,"25":0,"26":0,"27":0,"28":0,"29":0,"30":0,"31":0,"32":0,"33":0,"34":0,"35":0,"36":0,"37":0,"38":0,"39":0,"40":0,"41":0,"42":0,"43":0,"44":0,"45":0,"46":0,"47":0,"48":0,"49":0,"50":0,"51":0,"52":0,"53":0,"54":0,"55":0,"56":0,"57":0,"58":0,"59":0,"60":0,"61":0,"62":0,"63":0,"64":0,"65":0,"66":0,"67":0,"68":0,"69":0,"70":0,"71":1},"f":{"0":0,"1":0,"2":0,"3":0,"4":0,"5":0,"6":0,"7":0,"8":0,"9":0,"10":0,"11":0,"12":0,"13":0,"14":0,"15":0,"16":0,"17":0,"18":0,"19":0,"20":0,"21":0,"22":0,"23":0},"b":{},"_coverageSchema":"1a1c01bbd47fc00a2c39e90264f33305004495a9","hash":"f549a92dd43257514d7598642245c010ebf6c9ae","contentHash":"b970e2763519c946ff10db5ef919fdf36e98037d544c06952d0a71bd7e9eed17"},"C:\\Users\\TriAzur\\Desktop\\TRAVAIL\\NPM\\aec\\calculations\\SteelCalculation\\Eurocode3\\TensionChordSplice.js":{"path":"C:\\Users\\TriAzur\\Desktop\\TRAVAIL\\NPM\\aec\\calculations\\SteelCalculation\\Eurocode3\\TensionChordSplice.js","statementMap":{"0":{"start":{"line":3,"column":4},"end":{"line":3,"column":37}},"1":{"start":{"line":7,"column":4},"end":{"line":40,"column":5}},"2":{"start":{"line":48,"column":8},"end":{"line":48,"column":25}},"3":{"start":{"line":49,"column":15},"end":{"line":49,"column":22}},"4":{"start":{"line":50,"column":4},"end":{"line":50,"column":68}},"5":{"start":{"line":61,"column":8},"end":{"line":61,"column":25}},"6":{"start":{"line":62,"column":15},"end":{"line":62,"column":22}},"7":{"start":{"line":63,"column":20},"end":{"line":63,"column":34}},"8":{"start":{"line":64,"column":4},"end":{"line":64,"column":86}},"9":{"start":{"line":74,"column":8},"end":{"line":74,"column":25}},"10":{"start":{"line":75,"column":16},"end":{"line":75,"column":26}},"11":{"start":{"line":76,"column":4},"end":{"line":76,"column":53}},"12":{"start":{"line":85,"column":8},"end":{"line":85,"column":25}},"13":{"start":{"line":86,"column":4},"end":{"line":90,"column":5}},"14":{"start":{"line":87,"column":6},"end":{"line":87,"column":33}},"15":{"start":{"line":89,"column":6},"end":{"line":89,"column":16}},"16":{"start":{"line":98,"column":8},"end":{"line":98,"column":25}},"17":{"start":{"line":99,"column":4},"end":{"line":99,"column":25}},"18":{"start":{"line":106,"column":8},"end":{"line":106,"column":25}},"19":{"start":{"line":107,"column":15},"end":{"line":107,"column":24}},"20":{"start":{"line":108,"column":19},"end":{"line":108,"column":32}},"21":{"start":{"line":109,"column":4},"end":{"line":109,"column":41}},"22":{"start":{"line":117,"column":8},"end":{"line":117,"column":25}},"23":{"start":{"line":118,"column":4},"end":{"line":118,"column":40}},"24":{"start":{"line":126,"column":8},"end":{"line":126,"column":25}},"25":{"start":{"line":127,"column":4},"end":{"line":127,"column":41}},"26":{"start":{"line":135,"column":8},"end":{"line":135,"column":25}},"27":{"start":{"line":136,"column":4},"end":{"line":136,"column":26}},"28":{"start":{"line":146,"column":8},"end":{"line":146,"column":25}},"29":{"start":{"line":147,"column":16},"end":{"line":147,"column":26}},"30":{"start":{"line":148,"column":4},"end":{"line":148,"column":53}},"31":{"start":{"line":157,"column":8},"end":{"line":157,"column":25}},"32":{"start":{"line":158,"column":15},"end":{"line":158,"column":24}},"33":{"start":{"line":159,"column":4},"end":{"line":159,"column":35}},"34":{"start":{"line":169,"column":8},"end":{"line":169,"column":25}},"35":{"start":{"line":170,"column":19},"end":{"line":170,"column":33}},"36":{"start":{"line":171,"column":15},"end":{"line":171,"column":24}},"37":{"start":{"line":172,"column":15},"end":{"line":172,"column":24}},"38":{"start":{"line":173,"column":4},"end":{"line":173,"column":51}},"39":{"start":{"line":185,"column":8},"end":{"line":185,"column":25}},"40":{"start":{"line":186,"column":15},"end":{"line":186,"column":24}},"41":{"start":{"line":187,"column":4},"end":{"line":187,"column":51}},"42":{"start":{"line":196,"column":8},"end":{"line":196,"column":25}},"43":{"start":{"line":197,"column":15},"end":{"line":197,"column":24}},"44":{"start":{"line":198,"column":15},"end":{"line":198,"column":22}},"45":{"start":{"line":199,"column":4},"end":{"line":199,"column":44}},"46":{"start":{"line":208,"column":8},"end":{"line":208,"column":25}},"47":{"start":{"line":209,"column":15},"end":{"line":209,"column":22}},"48":{"start":{"line":210,"column":4},"end":{"line":210,"column":62}},"49":{"start":{"line":221,"column":8},"end":{"line":221,"column":25}},"50":{"start":{"line":222,"column":4},"end":{"line":222,"column":99}},"51":{"start":{"line":227,"column":19},"end":{"line":227,"column":32}},"52":{"start":{"line":228,"column":19},"end":{"line":228,"column":32}},"53":{"start":{"line":229,"column":4},"end":{"line":229,"column":36}},"54":{"start":{"line":238,"column":8},"end":{"line":238,"column":25}},"55":{"start":{"line":239,"column":18},"end":{"line":239,"column":30}},"56":{"start":{"line":240,"column":4},"end":{"line":240,"column":50}},"57":{"start":{"line":247,"column":8},"end":{"line":247,"column":25}},"58":{"start":{"line":248,"column":19},"end":{"line":248,"column":32}},"59":{"start":{"line":249,"column":4},"end":{"line":249,"column":26}},"60":{"start":{"line":254,"column":19},"end":{"line":254,"column":32}},"61":{"start":{"line":255,"column":4},"end":{"line":255,"column":18}},"62":{"start":{"line":264,"column":8},"end":{"line":264,"column":25}},"63":{"start":{"line":265,"column":18},"end":{"line":265,"column":30}},"64":{"start":{"line":266,"column":4},"end":{"line":266,"column":50}},"65":{"start":{"line":274,"column":8},"end":{"line":274,"column":25}},"66":{"start":{"line":275,"column":4},"end":{"line":275,"column":34}},"67":{"start":{"line":283,"column":8},"end":{"line":283,"column":25}},"68":{"start":{"line":284,"column":19},"end":{"line":284,"column":31}},"69":{"start":{"line":285,"column":14},"end":{"line":285,"column":22}},"70":{"start":{"line":286,"column":17},"end":{"line":286,"column":28}},"71":{"start":{"line":287,"column":4},"end":{"line":287,"column":59}},"72":{"start":{"line":294,"column":8},"end":{"line":294,"column":25}},"73":{"start":{"line":295,"column":17},"end":{"line":295,"column":28}},"74":{"start":{"line":296,"column":4},"end":{"line":296,"column":30}},"75":{"start":{"line":307,"column":8},"end":{"line":307,"column":25}},"76":{"start":{"line":308,"column":4},"end":{"line":308,"column":59}},"77":{"start":{"line":315,"column":8},"end":{"line":315,"column":25}},"78":{"start":{"line":316,"column":17},"end":{"line":316,"column":28}},"79":{"start":{"line":317,"column":4},"end":{"line":317,"column":23}},"80":{"start":{"line":324,"column":8},"end":{"line":324,"column":25}},"81":{"start":{"line":325,"column":17},"end":{"line":325,"column":28}},"82":{"start":{"line":326,"column":4},"end":{"line":326,"column":23}},"83":{"start":{"line":333,"column":8},"end":{"line":333,"column":25}},"84":{"start":{"line":334,"column":17},"end":{"line":334,"column":28}},"85":{"start":{"line":335,"column":4},"end":{"line":335,"column":23}},"86":{"start":{"line":343,"column":8},"end":{"line":343,"column":25}},"87":{"start":{"line":344,"column":17},"end":{"line":344,"column":28}},"88":{"start":{"line":345,"column":17},"end":{"line":345,"column":28}},"89":{"start":{"line":346,"column":4},"end":{"line":346,"column":45}},"90":{"start":{"line":353,"column":8},"end":{"line":353,"column":25}},"91":{"start":{"line":354,"column":17},"end":{"line":354,"column":28}},"92":{"start":{"line":355,"column":4},"end":{"line":355,"column":23}},"93":{"start":{"line":360,"column":16},"end":{"line":360,"column":26}},"94":{"start":{"line":361,"column":16},"end":{"line":361,"column":26}},"95":{"start":{"line":362,"column":16},"end":{"line":362,"column":26}},"96":{"start":{"line":363,"column":16},"end":{"line":363,"column":26}},"97":{"start":{"line":364,"column":16},"end":{"line":364,"column":26}},"98":{"start":{"line":365,"column":4},"end":{"line":365,"column":45}},"99":{"start":{"line":368,"column":0},"end":{"line":368,"column":36}}},"fnMap":{"0":{"name":"(anonymous_0)","decl":{"start":{"line":2,"column":2},"end":{"line":2,"column":3}},"loc":{"start":{"line":2,"column":32},"end":{"line":4,"column":3}},"line":2},"1":{"name":"(anonymous_1)","decl":{"start":{"line":6,"column":2},"end":{"line":6,"column":3}},"loc":{"start":{"line":6,"column":13},"end":{"line":41,"column":3}},"line":6},"2":{"name":"(anonymous_2)","decl":{"start":{"line":44,"column":2},"end":{"line":44,"column":3}},"loc":{"start":{"line":44,"column":12},"end":{"line":51,"column":3}},"line":44},"3":{"name":"(anonymous_3)","decl":{"start":{"line":54,"column":2},"end":{"line":54,"column":3}},"loc":{"start":{"line":54,"column":8},"end":{"line":65,"column":3}},"line":54},"4":{"name":"(anonymous_4)","decl":{"start":{"line":68,"column":2},"end":{"line":68,"column":3}},"loc":{"start":{"line":68,"column":8},"end":{"line":77,"column":3}},"line":68},"5":{"name":"(anonymous_5)","decl":{"start":{"line":80,"column":2},"end":{"line":80,"column":3}},"loc":{"start":{"line":80,"column":7},"end":{"line":91,"column":3}},"line":80},"6":{"name":"(anonymous_6)","decl":{"start":{"line":94,"column":2},"end":{"line":94,"column":3}},"loc":{"start":{"line":94,"column":11},"end":{"line":100,"column":3}},"line":94},"7":{"name":"(anonymous_7)","decl":{"start":{"line":103,"column":2},"end":{"line":103,"column":3}},"loc":{"start":{"line":103,"column":11},"end":{"line":110,"column":3}},"line":103},"8":{"name":"(anonymous_8)","decl":{"start":{"line":113,"column":2},"end":{"line":113,"column":3}},"loc":{"start":{"line":113,"column":7},"end":{"line":119,"column":3}},"line":113},"9":{"name":"(anonymous_9)","decl":{"start":{"line":122,"column":2},"end":{"line":122,"column":3}},"loc":{"start":{"line":122,"column":7},"end":{"line":128,"column":3}},"line":122},"10":{"name":"(anonymous_10)","decl":{"start":{"line":131,"column":2},"end":{"line":131,"column":3}},"loc":{"start":{"line":131,"column":8},"end":{"line":137,"column":3}},"line":131},"11":{"name":"(anonymous_11)","decl":{"start":{"line":140,"column":2},"end":{"line":140,"column":3}},"loc":{"start":{"line":140,"column":9},"end":{"line":149,"column":3}},"line":140},"12":{"name":"(anonymous_12)","decl":{"start":{"line":152,"column":2},"end":{"line":152,"column":3}},"loc":{"start":{"line":152,"column":9},"end":{"line":160,"column":3}},"line":152},"13":{"name":"(anonymous_13)","decl":{"start":{"line":163,"column":2},"end":{"line":163,"column":3}},"loc":{"start":{"line":163,"column":9},"end":{"line":174,"column":3}},"line":163},"14":{"name":"(anonymous_14)","decl":{"start":{"line":177,"column":2},"end":{"line":177,"column":3}},"loc":{"start":{"line":177,"column":9},"end":{"line":188,"column":3}},"line":177},"15":{"name":"(anonymous_15)","decl":{"start":{"line":191,"column":2},"end":{"line":191,"column":3}},"loc":{"start":{"line":191,"column":9},"end":{"line":200,"column":3}},"line":191},"16":{"name":"(anonymous_16)","decl":{"start":{"line":203,"column":2},"end":{"line":203,"column":3}},"loc":{"start":{"line":203,"column":11},"end":{"line":211,"column":3}},"line":203},"17":{"name":"(anonymous_17)","decl":{"start":{"line":214,"column":2},"end":{"line":214,"column":3}},"loc":{"start":{"line":214,"column":11},"end":{"line":223,"column":3}},"line":214},"18":{"name":"(anonymous_18)","decl":{"start":{"line":226,"column":2},"end":{"line":226,"column":3}},"loc":{"start":{"line":226,"column":10},"end":{"line":230,"column":3}},"line":226},"19":{"name":"(anonymous_19)","decl":{"start":{"line":233,"column":2},"end":{"line":233,"column":3}},"loc":{"start":{"line":233,"column":11},"end":{"line":241,"column":3}},"line":233},"20":{"name":"(anonymous_20)","decl":{"start":{"line":244,"column":2},"end":{"line":244,"column":3}},"loc":{"start":{"line":244,"column":10},"end":{"line":250,"column":3}},"line":244},"21":{"name":"(anonymous_21)","decl":{"start":{"line":253,"column":2},"end":{"line":253,"column":3}},"loc":{"start":{"line":253,"column":10},"end":{"line":256,"column":3}},"line":253},"22":{"name":"(anonymous_22)","decl":{"start":{"line":259,"column":2},"end":{"line":259,"column":3}},"loc":{"start":{"line":259,"column":11},"end":{"line":267,"column":3}},"line":259},"23":{"name":"(anonymous_23)","decl":{"start":{"line":270,"column":2},"end":{"line":270,"column":3}},"loc":{"start":{"line":270,"column":6},"end":{"line":276,"column":3}},"line":270},"24":{"name":"(anonymous_24)","decl":{"start":{"line":279,"column":2},"end":{"line":279,"column":3}},"loc":{"start":{"line":279,"column":10},"end":{"line":288,"column":3}},"line":279},"25":{"name":"(anonymous_25)","decl":{"start":{"line":291,"column":2},"end":{"line":291,"column":3}},"loc":{"start":{"line":291,"column":10},"end":{"line":297,"column":3}},"line":291},"26":{"name":"(anonymous_26)","decl":{"start":{"line":300,"column":2},"end":{"line":300,"column":3}},"loc":{"start":{"line":300,"column":10},"end":{"line":309,"column":3}},"line":300},"27":{"name":"(anonymous_27)","decl":{"start":{"line":312,"column":2},"end":{"line":312,"column":3}},"loc":{"start":{"line":312,"column":8},"end":{"line":318,"column":3}},"line":312},"28":{"name":"(anonymous_28)","decl":{"start":{"line":321,"column":2},"end":{"line":321,"column":3}},"loc":{"start":{"line":321,"column":8},"end":{"line":327,"column":3}},"line":321},"29":{"name":"(anonymous_29)","decl":{"start":{"line":330,"column":2},"end":{"line":330,"column":3}},"loc":{"start":{"line":330,"column":8},"end":{"line":336,"column":3}},"line":330},"30":{"name":"(anonymous_30)","decl":{"start":{"line":339,"column":2},"end":{"line":339,"column":3}},"loc":{"start":{"line":339,"column":8},"end":{"line":347,"column":3}},"line":339},"31":{"name":"(anonymous_31)","decl":{"start":{"line":350,"column":2},"end":{"line":350,"column":3}},"loc":{"start":{"line":350,"column":8},"end":{"line":356,"column":3}},"line":350},"32":{"name":"(anonymous_32)","decl":{"start":{"line":359,"column":2},"end":{"line":359,"column":3}},"loc":{"start":{"line":359,"column":10},"end":{"line":366,"column":3}},"line":359}},"branchMap":{"0":{"loc":{"start":{"line":86,"column":4},"end":{"line":90,"column":5}},"type":"if","locations":[{"start":{"line":86,"column":4},"end":{"line":90,"column":5}},{"start":{"line":86,"column":4},"end":{"line":90,"column":5}}],"line":86},"1":{"loc":{"start":{"line":86,"column":31},"end":{"line":86,"column":66}},"type":"binary-expr","locations":[{"start":{"line":86,"column":31},"end":{"line":86,"column":40}},{"start":{"line":86,"column":44},"end":{"line":86,"column":53}},{"start":{"line":86,"column":57},"end":{"line":86,"column":66}}],"line":86}},"s":{"0":1,"1":0,"2":1,"3":0,"4":0,"5":0,"6":0,"7":0,"8":0,"9":0,"10":0,"11":0,"12":0,"13":0,"14":0,"15":0,"16":0,"17":0,"18":0,"19":0,"20":0,"21":0,"22":0,"23":0,"24":0,"25":0,"26":0,"27":0,"28":0,"29":0,"30":0,"31":0,"32":0,"33":0,"34":0,"35":0,"36":0,"37":0,"38":0,"39":0,"40":0,"41":0,"42":0,"43":0,"44":0,"45":0,"46":0,"47":0,"48":0,"49":0,"50":0,"51":0,"52":0,"53":0,"54":0,"55":0,"56":0,"57":0,"58":0,"59":0,"60":0,"61":0,"62":0,"63":0,"64":0,"65":0,"66":0,"67":0,"68":0,"69":0,"70":0,"71":0,"72":0,"73":0,"74":0,"75":0,"76":0,"77":0,"78":0,"79":0,"80":0,"81":0,"82":0,"83":0,"84":0,"85":0,"86":0,"87":0,"88":0,"89":0,"90":0,"91":0,"92":0,"93":0,"94":0,"95":0,"96":0,"97":0,"98":0,"99":1},"f":{"0":1,"1":0,"2":1,"3":0,"4":0,"5":0,"6":0,"7":0,"8":0,"9":0,"10":0,"11":0,"12":0,"13":0,"14":0,"15":0,"16":0,"17":0,"18":0,"19":0,"20":0,"21":0,"22":0,"23":0,"24":0,"25":0,"26":0,"27":0,"28":0,"29":0,"30":0,"31":0,"32":0},"b":{"0":[0,0],"1":[0,0,0]},"_coverageSchema":"1a1c01bbd47fc00a2c39e90264f33305004495a9","hash":"6625fd7bd2fe460b66fa858495c90bb8ab17fbae","contentHash":"632be4d90033c4cb6978f8a05ff45aba569e26180c0d7489e5c07dd0857ad776"}}